3.0857 	EXP 	Set Window color=[ 0.  0.  0.] (rgb)
4.0202 	EXP 	Created Text = TextStim(alignHoriz='center', alignVert='center', antialias=True, autoLog=True, bold=False, color=u'white', colorSpace='named', contrast=1.0, depth=0.0, flipHoriz=False, flipVert=False, font=UNKNOWN, fontFiles=UNKNOWN, height=39, italic=False, name='Text', opacity=1.0, ori=0, pos=array([ 0.,  0.]), rgb=array([ 255.,  255.,  255.]), text=u'default text', units=u'cm', win=Window(...), wrapWidth=UNKNOWN)
4.0258 	EXP 	Created Text_Trial = TextStim(alignHoriz='center', alignVert='center', antialias=True, autoLog=True, bold=False, color=u'white', colorSpace='named', contrast=1.0, depth=0.0, flipHoriz=False, flipVert=False, font=UNKNOWN, fontFiles=UNKNOWN, height=39, italic=False, name='Text_Trial', opacity=1.0, ori=0, pos=array([ 0.,  0.]), rgb=array([ 255.,  255.,  255.]), text=u'default text', units=u'cm', win=Window(...), wrapWidth=UNKNOWN)
4.0314 	EXP 	Created Reply_Text = TextStim(alignHoriz='center', alignVert='center', antialias=True, autoLog=True, bold=False, color=u'white', colorSpace='named', contrast=1.0, depth=0.0, flipHoriz=False, flipVert=False, font=UNKNOWN, fontFiles=UNKNOWN, height=39, italic=False, name='Reply_Text', opacity=1.0, ori=0, pos=array([ 0.,  0.]), rgb=array([ 255.,  255.,  255.]), text=u'default text', units=u'cm', win=Window(...), wrapWidth=UNKNOWN)
4.0361 	EXP 	Imported Instructions.xlsx as conditions, 3 conditions, 1 params
4.0365 	EXP 	Created sequence: sequential, trialTypes=3, nReps=1, seed=None
4.0372 	EXP 	New trial (rep=0, index=0): {u'text': u'You will read a number of arguments aloud. Your task is simply to rate how convincing you find each argument. Try to remain objective: avoid using your personal preferences, experience, or opinions when rating the arguments.'}
4.1072 	EXP 	TextStim: autoLog = None
4.1072 	EXP 	TextStim: autoLog = None
4.1072 	EXP 	TextStim: autoLog = None
4.1072 	EXP 	Set Text text=You will read a number of arguments aloud. Your task is simply to rate how convincing you find each argument. Try to remain objective: avoid using your personal preferences, experience, or opinions when rating the arguments.
4.1072 	EXP 	TextStim: pos = None
4.1072 	EXP 	Set Text pos=[ 0.  0.]
4.1072 	EXP 	TextStim: autoDraw = None
4.3256 	DATA 	Keypress: return
4.3261 	EXP 	New trial (rep=0, index=1): {u'text': u'Each argument will be presented word-by-word. Please read each word aloud as it appears on the screen. After all the words are presented, you will have five seconds to rate each argument. When you are ready for the next argument to appear, you will press the Enter key. Arguments will be rated on a 1-9 scale, and you will respond by pressing the corresponding key on the keyboard.'}
4.4061 	EXP 	TextStim: autoDraw = None
4.4061 	EXP 	Set Text text=Each argument will be presented word-by-word. Please read each word aloud as it appears on the screen. After all the words are presented, you will have five seconds to rate each argument. When you are ready for the next argument to appear, you will press the Enter key. Arguments will be rated on a 1-9 scale, and you will respond by pressing the corresponding key on the keyboard.
4.4061 	EXP 	TextStim: pos = None
4.4061 	EXP 	Set Text pos=[ 0.  0.]
4.4061 	EXP 	TextStim: autoDraw = None
4.5473 	DATA 	Keypress: return
4.5477 	EXP 	New trial (rep=0, index=2): {u'text': u'Before the experiment begins you will have a practice round in order to familiarize yourself with the experiment. After that you will begin the experiment itself. It should take about 10 minutes to complete.'}
4.5874 	EXP 	TextStim: autoDraw = None
4.5874 	EXP 	Set Text text=Before the experiment begins you will have a practice round in order to familiarize yourself with the experiment. After that you will begin the experiment itself. It should take about 10 minutes to complete.
4.5874 	EXP 	TextStim: pos = None
4.5874 	EXP 	Set Text pos=[ 0.  0.]
4.5874 	EXP 	TextStim: autoDraw = None
4.7285 	DATA 	Keypress: return
4.7290 	EXP 	Created sequence: sequential, trialTypes=1, nReps=1, seed=None
4.7296 	EXP 	New trial (rep=0, index=0): None
4.7340 	EXP 	Imported Practice.xlsx as conditions, 6 conditions, 2 params
4.7345 	EXP 	Created sequence: sequential, trialTypes=6, nReps=1, seed=None
4.7352 	EXP 	New trial (rep=0, index=0): {u'text2': u'Here', u'text1': u'Here'}
4.7482 	EXP 	TextStim: autoDraw = None
4.7482 	EXP 	Set Text_Trial text=text1
4.7482 	EXP 	TextStim: pos = None
4.7482 	EXP 	Set Text_Trial pos=[ 0.  0.]
4.7482 	EXP 	TextStim: autoDraw = None
6.2389 	EXP 	New trial (rep=0, index=1): {u'text2': u'is', u'text1': u'is'}
6.2587 	EXP 	TextStim: autoDraw = None
6.2587 	EXP 	Set Text_Trial text=text1
6.2587 	EXP 	TextStim: pos = None
6.2587 	EXP 	Set Text_Trial pos=[ 0.  0.]
6.2587 	EXP 	TextStim: autoDraw = None
6.4802 	DATA 	Keypress: return
6.9635 	DATA 	Keypress: escape
3.0405 	EXP 	Set Window color=[ 0.  0.  0.] (rgb)
3.9755 	EXP 	Created Text = TextStim(alignHoriz='center', alignVert='center', antialias=True, autoLog=True, bold=False, color=u'white', colorSpace='named', contrast=1.0, depth=0.0, flipHoriz=False, flipVert=False, font=UNKNOWN, fontFiles=UNKNOWN, height=39, italic=False, name='Text', opacity=1.0, ori=0, pos=array([ 0.,  0.]), rgb=array([ 255.,  255.,  255.]), text=u'default text', units=u'cm', win=Window(...), wrapWidth=UNKNOWN)
3.9812 	EXP 	Created Text_Trial = TextStim(alignHoriz='center', alignVert='center', antialias=True, autoLog=True, bold=False, color=u'white', colorSpace='named', contrast=1.0, depth=0.0, flipHoriz=False, flipVert=False, font=UNKNOWN, fontFiles=UNKNOWN, height=39, italic=False, name='Text_Trial', opacity=1.0, ori=0, pos=array([ 0.,  0.]), rgb=array([ 255.,  255.,  255.]), text=u'default text', units=u'cm', win=Window(...), wrapWidth=UNKNOWN)
3.9868 	EXP 	Created Reply_Text = TextStim(alignHoriz='center', alignVert='center', antialias=True, autoLog=True, bold=False, color=u'white', colorSpace='named', contrast=1.0, depth=0.0, flipHoriz=False, flipVert=False, font=UNKNOWN, fontFiles=UNKNOWN, height=39, italic=False, name='Reply_Text', opacity=1.0, ori=0, pos=array([ 0.,  0.]), rgb=array([ 255.,  255.,  255.]), text=u'default text', units=u'cm', win=Window(...), wrapWidth=UNKNOWN)
3.9913 	EXP 	Imported Instructions.xlsx as conditions, 3 conditions, 1 params
3.9917 	EXP 	Created sequence: sequential, trialTypes=3, nReps=1, seed=None
3.9924 	EXP 	New trial (rep=0, index=0): {u'text': u'You will read a number of arguments aloud. Your task is simply to rate how convincing you find each argument. Try to remain objective: avoid using your personal preferences, experience, or opinions when rating the arguments.'}
4.0641 	EXP 	TextStim: autoLog = None
4.0641 	EXP 	TextStim: autoLog = None
4.0641 	EXP 	TextStim: autoLog = None
4.0641 	EXP 	Set Text text=You will read a number of arguments aloud. Your task is simply to rate how convincing you find each argument. Try to remain objective: avoid using your personal preferences, experience, or opinions when rating the arguments.
4.0641 	EXP 	TextStim: pos = None
4.0641 	EXP 	Set Text pos=[ 0.  0.]
4.0641 	EXP 	TextStim: autoDraw = None
4.2823 	DATA 	Keypress: return
4.2828 	EXP 	New trial (rep=0, index=1): {u'text': u'Each argument will be presented word-by-word. Please read each word aloud as it appears on the screen. After all the words are presented, you will have five seconds to rate each argument. When you are ready for the next argument to appear, you will press the Enter key. Arguments will be rated on a 1-9 scale, and you will respond by pressing the corresponding key on the keyboard.'}
4.3631 	EXP 	TextStim: autoDraw = None
4.3631 	EXP 	Set Text text=Each argument will be presented word-by-word. Please read each word aloud as it appears on the screen. After all the words are presented, you will have five seconds to rate each argument. When you are ready for the next argument to appear, you will press the Enter key. Arguments will be rated on a 1-9 scale, and you will respond by pressing the corresponding key on the keyboard.
4.3631 	EXP 	TextStim: pos = None
4.3631 	EXP 	Set Text pos=[ 0.  0.]
4.3631 	EXP 	TextStim: autoDraw = None
4.5042 	DATA 	Keypress: return
4.5052 	EXP 	New trial (rep=0, index=2): {u'text': u'Before the experiment begins you will have a practice round in order to familiarize yourself with the experiment. After that you will begin the experiment itself. It should take about 10 minutes to complete.'}
4.5644 	EXP 	TextStim: autoDraw = None
4.5644 	EXP 	Set Text text=Before the experiment begins you will have a practice round in order to familiarize yourself with the experiment. After that you will begin the experiment itself. It should take about 10 minutes to complete.
4.5644 	EXP 	TextStim: pos = None
4.5644 	EXP 	Set Text pos=[ 0.  0.]
4.5644 	EXP 	TextStim: autoDraw = None
4.6654 	DATA 	Keypress: return
4.6659 	EXP 	Created sequence: sequential, trialTypes=1, nReps=1, seed=None
4.6664 	EXP 	New trial (rep=0, index=0): None
4.6702 	EXP 	Imported Practice.xlsx as conditions, 6 conditions, 2 params
4.6705 	EXP 	Created sequence: sequential, trialTypes=6, nReps=1, seed=None
4.6710 	EXP 	New trial (rep=0, index=0): {u'text2': u'Here', u'text1': u'Here'}
4.6851 	EXP 	TextStim: autoDraw = None
4.6851 	EXP 	Set Text_Trial text=$text1
4.6851 	EXP 	TextStim: pos = None
4.6851 	EXP 	Set Text_Trial pos=[ 0.  0.]
4.6851 	EXP 	TextStim: autoDraw = None
5.5712 	DATA 	Keypress: return
5.9136 	DATA 	Keypress: escape
5.9540 	WARNING 	Data file, data/000_ArgumentsEx_2014_Aug_30_0142.csv, will be overwritten
