3.0992 	EXP 	Set Window color=[ 0.  0.  0.] (rgb)
4.2729 	EXP 	Created Text = TextStim(alignHoriz='center', alignVert='center', antialias=True, autoLog=True, bold=False, color=u'black', colorSpace='named', contrast=1.0, depth=0.0, flipHoriz=False, flipVert=False, font=UNKNOWN, fontFiles=UNKNOWN, height=39, italic=False, name='Text', opacity=1.0, ori=0, pos=array([ 0.,  0.]), rgb=array([ 0.,  0.,  0.]), text=u'default text', units=u'cm', win=Window(...), wrapWidth=UNKNOWN)
4.2783 	EXP 	Created text_2 = TextStim(alignHoriz='center', alignVert='center', antialias=True, autoLog=True, bold=False, color=u'white', colorSpace='named', contrast=1.0, depth=-1.0, flipHoriz=False, flipVert=False, font=UNKNOWN, fontFiles=UNKNOWN, height=39, italic=False, name='text_2', opacity=1.0, ori=0, pos=array([ 0.,  0.]), rgb=array([ 255.,  255.,  255.]), text=u'default text', units=u'cm', win=Window(...), wrapWidth=UNKNOWN)
4.2878 	EXP 	Created Text_Trial = TextStim(alignHoriz='center', alignVert='center', antialias=True, autoLog=True, bold=False, color=u'green', colorSpace='named', contrast=1.0, depth=0.0, flipHoriz=False, flipVert=False, font=UNKNOWN, fontFiles=UNKNOWN, height=39, italic=False, name='Text_Trial', opacity=0.1, ori=0, pos=array([ 0.,  0.]), rgb=array([   0.,  128.,    0.]), text=u'default text', units=u'cm', win=Window(...), wrapWidth=UNKNOWN)
4.2932 	EXP 	Created Reply_Text = TextStim(alignHoriz='center', alignVert='center', antialias=True, autoLog=True, bold=False, color=u'white', colorSpace='named', contrast=1.0, depth=0.0, flipHoriz=False, flipVert=False, font=UNKNOWN, fontFiles=UNKNOWN, height=39, italic=False, name='Reply_Text', opacity=1.0, ori=0, pos=array([ 0.,  0.]), rgb=array([ 255.,  255.,  255.]), text=u'default text', units=u'cm', win=Window(...), wrapWidth=UNKNOWN)
4.2984 	EXP 	Imported Instructions.xlsx as conditions, 3 conditions, 1 params
4.2988 	EXP 	Created sequence: sequential, trialTypes=3, nReps=1, seed=None
4.3407 	EXP 	New trial (rep=0, index=0): {u'text': u'You will read a number of arguments aloud. Your task is simply to rate how convincing you find each argument. Try to remain objective: avoid using your personal preferences, experience, or opinions when rating the arguments.'}
4.4073 	EXP 	TextStim: autoLog = None
4.4073 	EXP 	TextStim: autoLog = None
4.4073 	EXP 	TextStim: autoLog = None
4.4073 	EXP 	TextStim: autoLog = None
4.4073 	EXP 	Set Text text=You will read a number of arguments aloud. Your task is simply to rate how convincing you find each argument. Try to remain objective: avoid using your personal preferences, experience, or opinions when rating the arguments.
4.4073 	EXP 	TextStim: pos = None
4.4073 	EXP 	Set Text pos=[ 0.  0.]
4.4073 	EXP 	TextStim: autoDraw = None
4.7059 	DATA 	Keypress: return
4.7066 	EXP 	New trial (rep=0, index=1): {u'text': u'Each argument will be presented word-by-word. Please read each word aloud as it appears on the screen. After all the words are presented, you will have five seconds to rate each argument. When you are ready for the next argument to appear, you will press the Enter key. Arguments will be rated on a 1-9 scale, and you will respond by pressing the corresponding key on the keyboard.'}
4.7862 	EXP 	TextStim: autoDraw = None
4.7862 	EXP 	Set Text text=Each argument will be presented word-by-word. Please read each word aloud as it appears on the screen. After all the words are presented, you will have five seconds to rate each argument. When you are ready for the next argument to appear, you will press the Enter key. Arguments will be rated on a 1-9 scale, and you will respond by pressing the corresponding key on the keyboard.
4.7862 	EXP 	TextStim: pos = None
4.7862 	EXP 	Set Text pos=[ 0.  0.]
4.7862 	EXP 	TextStim: autoDraw = None
4.8872 	DATA 	Keypress: return
4.8883 	EXP 	New trial (rep=0, index=2): {u'text': u'Before the experiment begins you will have a practice round in order to familiarize yourself with the experiment. After that you will begin the experiment itself. It should take about 10 minutes to complete.'}
4.9671 	EXP 	TextStim: autoDraw = None
4.9671 	EXP 	Set Text text=Before the experiment begins you will have a practice round in order to familiarize yourself with the experiment. After that you will begin the experiment itself. It should take about 10 minutes to complete.
4.9671 	EXP 	TextStim: pos = None
4.9671 	EXP 	Set Text pos=[ 0.  0.]
4.9671 	EXP 	TextStim: autoDraw = None
5.0282 	DATA 	Keypress: return
5.0455 	EXP 	Imported sentences.xlsx as conditions, 2 conditions, 1 params
5.0461 	EXP 	Created sequence: sequential, trialTypes=2, nReps=1, seed=None
5.0484 	EXP 	New trial (rep=0, index=0): {u'which_text': u'sentence1.xlsx'}
5.0683 	EXP 	TextStim: autoDraw = None
5.0683 	EXP 	Set text_2 text=1
5.0683 	EXP 	TextStim: autoDraw = None
5.5518 	DATA 	Keypress: return
6.0446 	EXP 	Imported sentence1.xlsx as conditions, 5 conditions, 1 params
6.0457 	EXP 	Created sequence: sequential, trialTypes=5, nReps=1, seed=None
6.0493 	EXP 	New trial (rep=0, index=0): {u'text': u'This'}
6.0747 	EXP 	TextStim: autoDraw = None
6.0747 	EXP 	Set Text_Trial text=This
6.0747 	EXP 	TextStim: pos = None
6.0747 	EXP 	Set Text_Trial pos=[ 0.  0.]
6.0747 	EXP 	TextStim: autoDraw = None
7.5452 	EXP 	New trial (rep=0, index=1): {u'text': u'is'}
7.5649 	EXP 	TextStim: autoDraw = None
7.5649 	EXP 	Set Text_Trial text=is
7.5649 	EXP 	TextStim: pos = None
7.5649 	EXP 	Set Text_Trial pos=[ 0.  0.]
7.5649 	EXP 	TextStim: autoDraw = None
8.0286 	DATA 	Keypress: escape
3.3718 	EXP 	Set Window color=[ 0.  0.  0.] (rgb)
4.3471 	EXP 	Created Text = TextStim(alignHoriz='center', alignVert='center', antialias=True, autoLog=True, bold=False, color=u'black', colorSpace='named', contrast=1.0, depth=0.0, flipHoriz=False, flipVert=False, font=UNKNOWN, fontFiles=UNKNOWN, height=39, italic=False, name='Text', opacity=1.0, ori=0, pos=array([ 0.,  0.]), rgb=array([ 0.,  0.,  0.]), text=u'default text', units=u'cm', win=Window(...), wrapWidth=UNKNOWN)
4.3527 	EXP 	Created text_2 = TextStim(alignHoriz='center', alignVert='center', antialias=True, autoLog=True, bold=False, color=u'white', colorSpace='named', contrast=1.0, depth=-1.0, flipHoriz=False, flipVert=False, font=UNKNOWN, fontFiles=UNKNOWN, height=39, italic=False, name='text_2', opacity=1.0, ori=0, pos=array([ 0.,  0.]), rgb=array([ 255.,  255.,  255.]), text=u'default text', units=u'cm', win=Window(...), wrapWidth=UNKNOWN)
4.3624 	EXP 	Created Text_Trial = TextStim(alignHoriz='center', alignVert='center', antialias=True, autoLog=True, bold=False, color=u'green', colorSpace='named', contrast=1.0, depth=0.0, flipHoriz=False, flipVert=False, font=UNKNOWN, fontFiles=UNKNOWN, height=39, italic=False, name='Text_Trial', opacity=0.1, ori=0, pos=array([ 0.,  0.]), rgb=array([   0.,  128.,    0.]), text=u'default text', units=u'cm', win=Window(...), wrapWidth=UNKNOWN)
4.3678 	EXP 	Created Reply_Text = TextStim(alignHoriz='center', alignVert='center', antialias=True, autoLog=True, bold=False, color=u'white', colorSpace='named', contrast=1.0, depth=0.0, flipHoriz=False, flipVert=False, font=UNKNOWN, fontFiles=UNKNOWN, height=39, italic=False, name='Reply_Text', opacity=1.0, ori=0, pos=array([ 0.,  0.]), rgb=array([ 255.,  255.,  255.]), text=u'default text', units=u'cm', win=Window(...), wrapWidth=UNKNOWN)
4.3726 	EXP 	Imported Instructions.xlsx as conditions, 3 conditions, 1 params
4.3730 	EXP 	Created sequence: sequential, trialTypes=3, nReps=1, seed=None
4.4141 	EXP 	New trial (rep=0, index=0): {u'text': u'You will read a number of arguments aloud. Your task is simply to rate how convincing you find each argument. Try to remain objective: avoid using your personal preferences, experience, or opinions when rating the arguments.'}
4.4865 	EXP 	TextStim: autoLog = None
4.4865 	EXP 	TextStim: autoLog = None
4.4865 	EXP 	TextStim: autoLog = None
4.4865 	EXP 	TextStim: autoLog = None
4.4865 	EXP 	Set Text text=You will read a number of arguments aloud. Your task is simply to rate how convincing you find each argument. Try to remain objective: avoid using your personal preferences, experience, or opinions when rating the arguments.
4.4865 	EXP 	TextStim: pos = None
4.4865 	EXP 	Set Text pos=[ 0.  0.]
4.4865 	EXP 	TextStim: autoDraw = None
4.9263 	DATA 	Keypress: return
4.9272 	EXP 	New trial (rep=0, index=1): {u'text': u'Each argument will be presented word-by-word. Please read each word aloud as it appears on the screen. After all the words are presented, you will have five seconds to rate each argument. When you are ready for the next argument to appear, you will press the Enter key. Arguments will be rated on a 1-9 scale, and you will respond by pressing the corresponding key on the keyboard.'}
5.0464 	EXP 	TextStim: autoDraw = None
5.0464 	EXP 	Set Text text=Each argument will be presented word-by-word. Please read each word aloud as it appears on the screen. After all the words are presented, you will have five seconds to rate each argument. When you are ready for the next argument to appear, you will press the Enter key. Arguments will be rated on a 1-9 scale, and you will respond by pressing the corresponding key on the keyboard.
5.0464 	EXP 	TextStim: pos = None
5.0464 	EXP 	Set Text pos=[ 0.  0.]
5.0464 	EXP 	TextStim: autoDraw = None
5.3488 	DATA 	Keypress: return
5.3497 	EXP 	New trial (rep=0, index=2): {u'text': u'Before the experiment begins you will have a practice round in order to familiarize yourself with the experiment. After that you will begin the experiment itself. It should take about 10 minutes to complete.'}
5.4289 	EXP 	TextStim: autoDraw = None
5.4289 	EXP 	Set Text text=Before the experiment begins you will have a practice round in order to familiarize yourself with the experiment. After that you will begin the experiment itself. It should take about 10 minutes to complete.
5.4289 	EXP 	TextStim: pos = None
5.4289 	EXP 	Set Text pos=[ 0.  0.]
5.4289 	EXP 	TextStim: autoDraw = None
5.6916 	DATA 	Keypress: return
5.7097 	EXP 	Imported sentences.xlsx as conditions, 2 conditions, 1 params
5.7106 	EXP 	Created sequence: sequential, trialTypes=2, nReps=1, seed=None
5.7137 	EXP 	New trial (rep=0, index=0): {u'which_text': u'sentence1.xlsx'}
5.7312 	EXP 	TextStim: autoDraw = None
5.7312 	EXP 	Set text_2 text=1
5.7312 	EXP 	TextStim: autoDraw = None
6.0942 	DATA 	Keypress: return
6.7056 	EXP 	Imported sentence1.xlsx as conditions, 5 conditions, 1 params
6.7064 	EXP 	Created sequence: sequential, trialTypes=5, nReps=1, seed=None
6.7089 	EXP 	New trial (rep=0, index=0): {u'text': u'This'}
6.7378 	EXP 	TextStim: autoDraw = None
6.7378 	EXP 	Set Text_Trial text=This
6.7378 	EXP 	TextStim: pos = None
6.7378 	EXP 	Set Text_Trial pos=[ 0.  0.]
6.7378 	EXP 	TextStim: autoDraw = None
8.2086 	EXP 	New trial (rep=0, index=1): {u'text': u'is'}
8.2279 	EXP 	TextStim: autoDraw = None
8.2279 	EXP 	Set Text_Trial text=is
8.2279 	EXP 	TextStim: pos = None
8.2279 	EXP 	Set Text_Trial pos=[ 0.  0.]
8.2279 	EXP 	TextStim: autoDraw = None
9.6988 	EXP 	New trial (rep=0, index=2): {u'text': u'the'}
9.7179 	EXP 	TextStim: autoDraw = None
9.7179 	EXP 	Set Text_Trial text=the
9.7179 	EXP 	TextStim: pos = None
9.7179 	EXP 	Set Text_Trial pos=[ 0.  0.]
9.7179 	EXP 	TextStim: autoDraw = None
10.4031 	DATA 	Keypress: escape
4.0763 	EXP 	Set Window color=[ 0.  0.  0.] (rgb)
5.0350 	EXP 	Created Text = TextStim(alignHoriz='center', alignVert='center', antialias=True, autoLog=True, bold=False, color=u'black', colorSpace='named', contrast=1.0, depth=0.0, flipHoriz=False, flipVert=False, font=UNKNOWN, fontFiles=UNKNOWN, height=39, italic=False, name='Text', opacity=1.0, ori=0, pos=array([ 0.,  0.]), rgb=array([ 0.,  0.,  0.]), text=u'default text', units=u'cm', win=Window(...), wrapWidth=UNKNOWN)
5.0406 	EXP 	Created text_2 = TextStim(alignHoriz='center', alignVert='center', antialias=True, autoLog=True, bold=False, color=u'white', colorSpace='named', contrast=1.0, depth=-1.0, flipHoriz=False, flipVert=False, font=UNKNOWN, fontFiles=UNKNOWN, height=39, italic=False, name='text_2', opacity=1.0, ori=0, pos=array([ 0.,  0.]), rgb=array([ 255.,  255.,  255.]), text=u'default text', units=u'cm', win=Window(...), wrapWidth=UNKNOWN)
5.0501 	EXP 	Created Text_Trial = TextStim(alignHoriz='center', alignVert='center', antialias=True, autoLog=True, bold=False, color=u'green', colorSpace='named', contrast=1.0, depth=0.0, flipHoriz=False, flipVert=False, font=UNKNOWN, fontFiles=UNKNOWN, height=39, italic=False, name='Text_Trial', opacity=0.1, ori=0, pos=array([ 0.,  0.]), rgb=array([   0.,  128.,    0.]), text=u'default text', units=u'cm', win=Window(...), wrapWidth=UNKNOWN)
5.0559 	EXP 	Created Reply_Text = TextStim(alignHoriz='center', alignVert='center', antialias=True, autoLog=True, bold=False, color=u'white', colorSpace='named', contrast=1.0, depth=0.0, flipHoriz=False, flipVert=False, font=UNKNOWN, fontFiles=UNKNOWN, height=39, italic=False, name='Reply_Text', opacity=1.0, ori=0, pos=array([ 0.,  0.]), rgb=array([ 255.,  255.,  255.]), text=u'default text', units=u'cm', win=Window(...), wrapWidth=UNKNOWN)
5.0603 	EXP 	Imported Instructions.xlsx as conditions, 3 conditions, 1 params
5.0606 	EXP 	Created sequence: sequential, trialTypes=3, nReps=1, seed=None
5.1016 	EXP 	New trial (rep=0, index=0): {u'text': u'You will read a number of arguments aloud. Your task is simply to rate how convincing you find each argument. Try to remain objective: avoid using your personal preferences, experience, or opinions when rating the arguments.'}
5.1562 	EXP 	TextStim: autoLog = None
5.1562 	EXP 	TextStim: autoLog = None
5.1562 	EXP 	TextStim: autoLog = None
5.1562 	EXP 	TextStim: autoLog = None
5.1562 	EXP 	Set Text text=You will read a number of arguments aloud. Your task is simply to rate how convincing you find each argument. Try to remain objective: avoid using your personal preferences, experience, or opinions when rating the arguments.
5.1562 	EXP 	TextStim: pos = None
5.1562 	EXP 	Set Text pos=[ 0.  0.]
5.1562 	EXP 	TextStim: autoDraw = None
5.6784 	DATA 	Keypress: return
5.6983 	EXP 	New trial (rep=0, index=1): {u'text': u'Each argument will be presented word-by-word. Please read each word aloud as it appears on the screen. After all the words are presented, you will have five seconds to rate each argument. When you are ready for the next argument to appear, you will press the Enter key. Arguments will be rated on a 1-9 scale, and you will respond by pressing the corresponding key on the keyboard.'}
5.7978 	EXP 	TextStim: autoDraw = None
5.7978 	EXP 	Set Text text=Each argument will be presented word-by-word. Please read each word aloud as it appears on the screen. After all the words are presented, you will have five seconds to rate each argument. When you are ready for the next argument to appear, you will press the Enter key. Arguments will be rated on a 1-9 scale, and you will respond by pressing the corresponding key on the keyboard.
5.7978 	EXP 	TextStim: pos = None
5.7978 	EXP 	Set Text pos=[ 0.  0.]
5.7978 	EXP 	TextStim: autoDraw = None
5.8790 	DATA 	Keypress: return
5.8796 	EXP 	New trial (rep=0, index=2): {u'text': u'Before the experiment begins you will have a practice round in order to familiarize yourself with the experiment. After that you will begin the experiment itself. It should take about 10 minutes to complete.'}
5.9389 	EXP 	TextStim: autoDraw = None
5.9389 	EXP 	Set Text text=Before the experiment begins you will have a practice round in order to familiarize yourself with the experiment. After that you will begin the experiment itself. It should take about 10 minutes to complete.
5.9389 	EXP 	TextStim: pos = None
5.9389 	EXP 	Set Text pos=[ 0.  0.]
5.9389 	EXP 	TextStim: autoDraw = None
6.0601 	DATA 	Keypress: return
6.0756 	EXP 	Imported sentences.xlsx as conditions, 2 conditions, 1 params
6.0763 	EXP 	Created sequence: sequential, trialTypes=2, nReps=1, seed=None
6.0790 	EXP 	New trial (rep=0, index=0): {u'which_text': u'sentence1.xlsx'}
6.1000 	EXP 	TextStim: autoDraw = None
6.1000 	EXP 	Set text_2 text=1
6.1000 	EXP 	TextStim: autoDraw = None
7.0736 	EXP 	Imported sentence1.xlsx as conditions, 5 conditions, 1 params
7.0744 	EXP 	Created sequence: sequential, trialTypes=5, nReps=1, seed=None
7.0771 	EXP 	New trial (rep=0, index=0): {u'text': u'This'}
7.1069 	EXP 	TextStim: autoDraw = None
7.1069 	EXP 	Set Text_Trial text=This
7.1069 	EXP 	TextStim: pos = None
7.1069 	EXP 	Set Text_Trial pos=[ 0.  0.]
7.1069 	EXP 	TextStim: autoDraw = None
8.3757 	DATA 	Keypress: escape
