3.2308 	EXP 	Set Window color=[ 0.  0.  0.] (rgb)
4.1785 	EXP 	Created Text = TextStim(alignHoriz='center', alignVert='center', antialias=True, autoLog=True, bold=False, color=u'black', colorSpace='named', contrast=1.0, depth=0.0, flipHoriz=False, flipVert=False, font=UNKNOWN, fontFiles=UNKNOWN, height=39, italic=False, name='Text', opacity=1.0, ori=0, pos=array([ 0.,  0.]), rgb=array([ 0.,  0.,  0.]), text=u'default text', units=u'cm', win=Window(...), wrapWidth=UNKNOWN)
4.1842 	EXP 	Created text_2 = TextStim(alignHoriz='center', alignVert='center', antialias=True, autoLog=True, bold=False, color=u'white', colorSpace='named', contrast=1.0, depth=-1.0, flipHoriz=False, flipVert=False, font=UNKNOWN, fontFiles=UNKNOWN, height=39, italic=False, name='text_2', opacity=1.0, ori=0, pos=array([ 0.,  0.]), rgb=array([ 255.,  255.,  255.]), text=u'default text', units=u'cm', win=Window(...), wrapWidth=UNKNOWN)
4.1900 	EXP 	Created Text_Trial = TextStim(alignHoriz='center', alignVert='center', antialias=True, autoLog=True, bold=False, color=u'white', colorSpace='named', contrast=1.0, depth=0.0, flipHoriz=False, flipVert=False, font=UNKNOWN, fontFiles=UNKNOWN, height=39, italic=False, name='Text_Trial', opacity=1.0, ori=0, pos=array([ 0.,  0.]), rgb=array([ 255.,  255.,  255.]), text=u'default text', units=u'cm', win=Window(...), wrapWidth=UNKNOWN)
4.1954 	EXP 	Created Reply_Text = TextStim(alignHoriz='center', alignVert='center', antialias=True, autoLog=True, bold=False, color=u'white', colorSpace='named', contrast=1.0, depth=0.0, flipHoriz=False, flipVert=False, font=UNKNOWN, fontFiles=UNKNOWN, height=39, italic=False, name='Reply_Text', opacity=1.0, ori=0, pos=array([ 0.,  0.]), rgb=array([ 255.,  255.,  255.]), text=u'default text', units=u'cm', win=Window(...), wrapWidth=UNKNOWN)
4.2002 	EXP 	Imported Instructions.xlsx as conditions, 3 conditions, 1 params
4.2005 	EXP 	Created sequence: sequential, trialTypes=3, nReps=1, seed=None
4.2427 	EXP 	New trial (rep=0, index=0): {u'text': u'You will read a number of arguments aloud. Your task is simply to rate how convincing you find each argument. Try to remain objective: avoid using your personal preferences, experience, or opinions when rating the arguments.'}
4.3042 	EXP 	TextStim: autoLog = None
4.3042 	EXP 	TextStim: autoLog = None
4.3042 	EXP 	TextStim: autoLog = None
4.3042 	EXP 	TextStim: autoLog = None
4.3042 	EXP 	Set Text text=You will read a number of arguments aloud. Your task is simply to rate how convincing you find each argument. Try to remain objective: avoid using your personal preferences, experience, or opinions when rating the arguments.
4.3042 	EXP 	TextStim: pos = None
4.3042 	EXP 	Set Text pos=[ 0.  0.]
4.3042 	EXP 	TextStim: autoDraw = None
4.7043 	DATA 	Keypress: return
4.7052 	EXP 	New trial (rep=0, index=1): {u'text': u'Each argument will be presented word-by-word. Please read each word aloud as it appears on the screen. After all the words are presented, you will have five seconds to rate each argument. When you are ready for the next argument to appear, you will press the Enter key. Arguments will be rated on a 1-9 scale, and you will respond by pressing the corresponding key on the keyboard.'}
4.8048 	EXP 	TextStim: autoDraw = None
4.8048 	EXP 	Set Text text=Each argument will be presented word-by-word. Please read each word aloud as it appears on the screen. After all the words are presented, you will have five seconds to rate each argument. When you are ready for the next argument to appear, you will press the Enter key. Arguments will be rated on a 1-9 scale, and you will respond by pressing the corresponding key on the keyboard.
4.8048 	EXP 	TextStim: pos = None
4.8048 	EXP 	Set Text pos=[ 0.  0.]
4.8048 	EXP 	TextStim: autoDraw = None
4.9057 	DATA 	Keypress: return
4.9067 	EXP 	New trial (rep=0, index=2): {u'text': u'Before the experiment begins you will have a practice round in order to familiarize yourself with the experiment. After that you will begin the experiment itself. It should take about 10 minutes to complete.'}
4.9859 	EXP 	TextStim: autoDraw = None
4.9859 	EXP 	Set Text text=Before the experiment begins you will have a practice round in order to familiarize yourself with the experiment. After that you will begin the experiment itself. It should take about 10 minutes to complete.
4.9859 	EXP 	TextStim: pos = None
4.9859 	EXP 	Set Text pos=[ 0.  0.]
4.9859 	EXP 	TextStim: autoDraw = None
5.0669 	DATA 	Keypress: return
5.0848 	EXP 	Imported sentences.xlsx as conditions, 2 conditions, 1 params
5.0853 	EXP 	Created sequence: sequential, trialTypes=2, nReps=1, seed=None
5.0872 	EXP 	New trial (rep=0, index=0): {u'which_text': u'sentence1.xlsx'}
5.1068 	EXP 	TextStim: autoDraw = None
5.1068 	EXP 	Set text_2 text=1
5.1068 	EXP 	TextStim: autoDraw = None
6.0815 	EXP 	Imported sentence1.xlsx as conditions, 5 conditions, 1 params
6.0824 	EXP 	Created sequence: sequential, trialTypes=5, nReps=1, seed=None
6.0852 	EXP 	New trial (rep=0, index=0): {u'text': u'This'}
6.1137 	EXP 	TextStim: autoDraw = None
6.1137 	EXP 	Set Text_Trial text=This
6.1137 	EXP 	TextStim: pos = None
6.1137 	EXP 	Set Text_Trial pos=[ 0.  0.]
6.1137 	EXP 	TextStim: autoDraw = None
7.5846 	EXP 	New trial (rep=0, index=1): {u'text': u'is'}
7.6036 	EXP 	TextStim: autoDraw = None
7.6036 	EXP 	Set Text_Trial text=is
7.6036 	EXP 	TextStim: pos = None
7.6036 	EXP 	Set Text_Trial pos=[ 0.  0.]
7.6036 	EXP 	TextStim: autoDraw = None
9.0747 	EXP 	New trial (rep=0, index=2): {u'text': u'the'}
9.0937 	EXP 	TextStim: autoDraw = None
9.0937 	EXP 	Set Text_Trial text=the
9.0937 	EXP 	TextStim: pos = None
9.0937 	EXP 	Set Text_Trial pos=[ 0.  0.]
9.0937 	EXP 	TextStim: autoDraw = None
9.5571 	DATA 	Keypress: return
10.2229 	DATA 	Keypress: escape
