3.2623 	EXP 	Set Window color=[ 0.  0.  0.] (rgb)
4.4832 	EXP 	Created Text = TextStim(alignHoriz='center', alignVert='center', antialias=True, autoLog=True, bold=False, color=u'black', colorSpace='named', contrast=1.0, depth=0.0, flipHoriz=False, flipVert=False, font=UNKNOWN, fontFiles=UNKNOWN, height=39, italic=False, name='Text', opacity=1.0, ori=0, pos=array([ 0.,  0.]), rgb=array([ 0.,  0.,  0.]), text=u'default text', units=u'cm', win=Window(...), wrapWidth=UNKNOWN)
4.4890 	EXP 	Created text_2 = TextStim(alignHoriz='center', alignVert='center', antialias=True, autoLog=True, bold=False, color=u'white', colorSpace='named', contrast=1.0, depth=-1.0, flipHoriz=False, flipVert=False, font=UNKNOWN, fontFiles=UNKNOWN, height=39, italic=False, name='text_2', opacity=1.0, ori=0, pos=array([ 0.,  0.]), rgb=array([ 255.,  255.,  255.]), text=u'default text', units=u'cm', win=Window(...), wrapWidth=UNKNOWN)
4.4987 	EXP 	Created Text_Trial = TextStim(alignHoriz='center', alignVert='center', antialias=True, autoLog=True, bold=False, color=u'green', colorSpace='named', contrast=1.0, depth=0.0, flipHoriz=False, flipVert=False, font=UNKNOWN, fontFiles=UNKNOWN, height=39, italic=False, name='Text_Trial', opacity=0.1, ori=0, pos=array([ 0.,  0.]), rgb=array([   0.,  128.,    0.]), text=u'default text', units=u'cm', win=Window(...), wrapWidth=UNKNOWN)
4.5042 	EXP 	Created Reply_Text = TextStim(alignHoriz='center', alignVert='center', antialias=True, autoLog=True, bold=False, color=u'white', colorSpace='named', contrast=1.0, depth=0.0, flipHoriz=False, flipVert=False, font=UNKNOWN, fontFiles=UNKNOWN, height=39, italic=False, name='Reply_Text', opacity=1.0, ori=0, pos=array([ 0.,  0.]), rgb=array([ 255.,  255.,  255.]), text=u'default text', units=u'cm', win=Window(...), wrapWidth=UNKNOWN)
4.5094 	EXP 	Imported Instructions.xlsx as conditions, 3 conditions, 1 params
4.5098 	EXP 	Created sequence: sequential, trialTypes=3, nReps=1, seed=None
4.5517 	EXP 	New trial (rep=0, index=0): {u'text': u'You will read a number of arguments aloud. Your task is simply to rate how convincing you find each argument. Try to remain objective: avoid using your personal preferences, experience, or opinions when rating the arguments.'}
4.6093 	EXP 	TextStim: autoLog = None
4.6093 	EXP 	TextStim: autoLog = None
4.6093 	EXP 	TextStim: autoLog = None
4.6093 	EXP 	TextStim: autoLog = None
4.6093 	EXP 	Set Text text=You will read a number of arguments aloud. Your task is simply to rate how convincing you find each argument. Try to remain objective: avoid using your personal preferences, experience, or opinions when rating the arguments.
4.6093 	EXP 	TextStim: pos = None
4.6093 	EXP 	Set Text pos=[ 0.  0.]
4.6093 	EXP 	TextStim: autoDraw = None
4.9683 	DATA 	Keypress: return
4.9690 	EXP 	New trial (rep=0, index=1): {u'text': u'Each argument will be presented word-by-word. Please read each word aloud as it appears on the screen. After all the words are presented, you will have five seconds to rate each argument. When you are ready for the next argument to appear, you will press the Enter key. Arguments will be rated on a 1-9 scale, and you will respond by pressing the corresponding key on the keyboard.'}
5.0686 	EXP 	TextStim: autoDraw = None
5.0686 	EXP 	Set Text text=Each argument will be presented word-by-word. Please read each word aloud as it appears on the screen. After all the words are presented, you will have five seconds to rate each argument. When you are ready for the next argument to appear, you will press the Enter key. Arguments will be rated on a 1-9 scale, and you will respond by pressing the corresponding key on the keyboard.
5.0686 	EXP 	TextStim: pos = None
5.0686 	EXP 	Set Text pos=[ 0.  0.]
5.0686 	EXP 	TextStim: autoDraw = None
5.1698 	DATA 	Keypress: return
5.1713 	EXP 	New trial (rep=0, index=2): {u'text': u'Before the experiment begins you will have a practice round in order to familiarize yourself with the experiment. After that you will begin the experiment itself. It should take about 10 minutes to complete.'}
5.2498 	EXP 	TextStim: autoDraw = None
5.2498 	EXP 	Set Text text=Before the experiment begins you will have a practice round in order to familiarize yourself with the experiment. After that you will begin the experiment itself. It should take about 10 minutes to complete.
5.2498 	EXP 	TextStim: pos = None
5.2498 	EXP 	Set Text pos=[ 0.  0.]
5.2498 	EXP 	TextStim: autoDraw = None
5.3710 	DATA 	Keypress: return
5.3881 	EXP 	Imported sentences.xlsx as conditions, 2 conditions, 1 params
5.3890 	EXP 	Created sequence: sequential, trialTypes=2, nReps=1, seed=None
5.3927 	EXP 	New trial (rep=0, index=0): {u'which_text': u'sentence1.xlsx'}
5.4110 	EXP 	TextStim: autoDraw = None
5.4110 	EXP 	Set text_2 text=1
5.4110 	EXP 	TextStim: autoDraw = None
6.3844 	EXP 	Imported sentence1.xlsx as conditions, 5 conditions, 1 params
6.3852 	EXP 	Created sequence: sequential, trialTypes=5, nReps=1, seed=None
6.3876 	EXP 	New trial (rep=0, index=0): {u'text': u'This'}
6.4174 	EXP 	TextStim: autoDraw = None
6.4174 	EXP 	Set Text_Trial text=This
6.4174 	EXP 	TextStim: pos = None
6.4174 	EXP 	Set Text_Trial pos=[ 0.  0.]
6.4174 	EXP 	TextStim: autoDraw = None
7.1427 	DATA 	Keypress: escape
