3.4073 	EXP 	Set Window color=[ 0.  0.  0.] (rgb)
4.3710 	EXP 	Created Text = TextStim(alignHoriz='center', alignVert='center', antialias=True, autoLog=True, bold=False, color=u'black', colorSpace='named', contrast=1.0, depth=0.0, flipHoriz=False, flipVert=False, font=UNKNOWN, fontFiles=UNKNOWN, height=39, italic=False, name='Text', opacity=1.0, ori=0, pos=array([ 0.,  0.]), rgb=array([ 0.,  0.,  0.]), text=u'default text', units=u'cm', win=Window(...), wrapWidth=UNKNOWN)
4.3775 	EXP 	Created text_2 = TextStim(alignHoriz='center', alignVert='center', antialias=True, autoLog=True, bold=False, color=u'white', colorSpace='named', contrast=1.0, depth=-1.0, flipHoriz=False, flipVert=False, font=UNKNOWN, fontFiles=UNKNOWN, height=39, italic=False, name='text_2', opacity=1.0, ori=0, pos=array([ 0.,  0.]), rgb=array([ 255.,  255.,  255.]), text=u'default text', units=u'cm', win=Window(...), wrapWidth=UNKNOWN)
4.3834 	EXP 	Created Text_Trial = TextStim(alignHoriz='center', alignVert='center', antialias=True, autoLog=True, bold=False, color=u'white', colorSpace='named', contrast=1.0, depth=0.0, flipHoriz=False, flipVert=False, font=UNKNOWN, fontFiles=UNKNOWN, height=39, italic=False, name='Text_Trial', opacity=1.0, ori=0, pos=array([ 0.,  0.]), rgb=array([ 255.,  255.,  255.]), text=u'default text', units=u'cm', win=Window(...), wrapWidth=UNKNOWN)
4.3943 	EXP 	Created Reply_Text = TextStim(alignHoriz='center', alignVert='center', antialias=True, autoLog=True, bold=False, color=u'white', colorSpace='named', contrast=1.0, depth=0.0, flipHoriz=False, flipVert=False, font=UNKNOWN, fontFiles=UNKNOWN, height=39, italic=False, name='Reply_Text', opacity=1.0, ori=0, pos=array([ 0.,  0.]), rgb=array([ 255.,  255.,  255.]), text=u'default text', units=u'cm', win=Window(...), wrapWidth=UNKNOWN)
4.4002 	EXP 	Imported Instructions.xlsx as conditions, 3 conditions, 1 params
4.4006 	EXP 	Created sequence: sequential, trialTypes=3, nReps=1, seed=None
4.4446 	EXP 	New trial (rep=0, index=0): {u'text': u'You will read a number of arguments aloud. Your task is simply to rate how convincing you find each argument. Try to remain objective: avoid using your personal preferences, experience, or opinions when rating the arguments.'}
4.4955 	EXP 	TextStim: autoLog = None
4.4955 	EXP 	TextStim: autoLog = None
4.4955 	EXP 	TextStim: autoLog = None
4.4955 	EXP 	TextStim: autoLog = None
4.4955 	EXP 	Set Text text=You will read a number of arguments aloud. Your task is simply to rate how convincing you find each argument. Try to remain objective: avoid using your personal preferences, experience, or opinions when rating the arguments.
4.4955 	EXP 	TextStim: pos = None
4.4955 	EXP 	Set Text pos=[ 0.  0.]
4.4955 	EXP 	TextStim: autoDraw = None
4.8561 	DATA 	Keypress: return
4.8568 	EXP 	New trial (rep=0, index=1): {u'text': u'Each argument will be presented word-by-word. Please read each word aloud as it appears on the screen. After all the words are presented, you will have five seconds to rate each argument. When you are ready for the next argument to appear, you will press the Enter key. Arguments will be rated on a 1-9 scale, and you will respond by pressing the corresponding key on the keyboard.'}
4.9364 	EXP 	TextStim: autoDraw = None
4.9364 	EXP 	Set Text text=Each argument will be presented word-by-word. Please read each word aloud as it appears on the screen. After all the words are presented, you will have five seconds to rate each argument. When you are ready for the next argument to appear, you will press the Enter key. Arguments will be rated on a 1-9 scale, and you will respond by pressing the corresponding key on the keyboard.
4.9364 	EXP 	TextStim: pos = None
4.9364 	EXP 	Set Text pos=[ 0.  0.]
4.9364 	EXP 	TextStim: autoDraw = None
5.0783 	DATA 	Keypress: return
5.0990 	EXP 	New trial (rep=0, index=2): {u'text': u'Before the experiment begins you will have a practice round in order to familiarize yourself with the experiment. After that you will begin the experiment itself. It should take about 10 minutes to complete.'}
5.1781 	EXP 	TextStim: autoDraw = None
5.1781 	EXP 	Set Text text=Before the experiment begins you will have a practice round in order to familiarize yourself with the experiment. After that you will begin the experiment itself. It should take about 10 minutes to complete.
5.1781 	EXP 	TextStim: pos = None
5.1781 	EXP 	Set Text pos=[ 0.  0.]
5.1781 	EXP 	TextStim: autoDraw = None
5.2790 	DATA 	Keypress: return
5.3010 	EXP 	Imported sentences.xlsx as conditions, 2 conditions, 1 params
5.3022 	EXP 	Created sequence: sequential, trialTypes=2, nReps=1, seed=None
5.3075 	EXP 	New trial (rep=0, index=0): {u'which_text': u'sentence1.xlsx'}
5.3392 	EXP 	TextStim: autoDraw = None
5.3392 	EXP 	Set text_2 text=1
5.3392 	EXP 	TextStim: autoDraw = None
5.4603 	DATA 	Keypress: return
5.5608 	DATA 	Keypress: return
6.2924 	EXP 	Imported sentence1.xlsx as conditions, 5 conditions, 1 params
6.2932 	EXP 	Created sequence: sequential, trialTypes=5, nReps=1, seed=None
6.2956 	EXP 	New trial (rep=0, index=0): {u'text': u'This'}
6.3259 	EXP 	TextStim: autoDraw = None
6.3259 	EXP 	Set Text_Trial text=This
6.3259 	EXP 	TextStim: pos = None
6.3259 	EXP 	Set Text_Trial pos=[ 0.  0.]
6.3259 	EXP 	TextStim: autoDraw = None
7.7963 	EXP 	New trial (rep=0, index=1): {u'text': u'is'}
7.8159 	EXP 	TextStim: autoDraw = None
7.8159 	EXP 	Set Text_Trial text=is
7.8159 	EXP 	TextStim: pos = None
7.8159 	EXP 	Set Text_Trial pos=[ 0.  0.]
7.8159 	EXP 	TextStim: autoDraw = None
8.1987 	DATA 	Keypress: escape
