3.1442 	EXP 	Set Window color=[ 0.  0.  0.] (rgb)
4.1515 	EXP 	Created Text = TextStim(alignHoriz='center', alignVert='center', antialias=True, autoLog=True, bold=False, color=u'white', colorSpace='named', contrast=1.0, depth=0.0, flipHoriz=False, flipVert=False, font=UNKNOWN, fontFiles=UNKNOWN, height=39, italic=False, name='Text', opacity=1.0, ori=0, pos=array([ 0.,  0.]), rgb=array([ 255.,  255.,  255.]), text=u'default text', units=u'cm', win=Window(...), wrapWidth=UNKNOWN)
4.1570 	EXP 	Created text_2 = TextStim(alignHoriz='center', alignVert='center', antialias=True, autoLog=True, bold=False, color=u'white', colorSpace='named', contrast=1.0, depth=-1.0, flipHoriz=False, flipVert=False, font=UNKNOWN, fontFiles=UNKNOWN, height=39, italic=False, name='text_2', opacity=1.0, ori=0, pos=array([ 0.,  0.]), rgb=array([ 255.,  255.,  255.]), text=u'default text', units=u'cm', win=Window(...), wrapWidth=UNKNOWN)
4.1626 	EXP 	Created Text_Trial = TextStim(alignHoriz='center', alignVert='center', antialias=True, autoLog=True, bold=False, color=u'white', colorSpace='named', contrast=1.0, depth=0.0, flipHoriz=False, flipVert=False, font=UNKNOWN, fontFiles=UNKNOWN, height=39, italic=False, name='Text_Trial', opacity=1.0, ori=0, pos=array([ 0.,  0.]), rgb=array([ 255.,  255.,  255.]), text=u'default text', units=u'cm', win=Window(...), wrapWidth=UNKNOWN)
4.1680 	EXP 	Created Reply_Text = TextStim(alignHoriz='center', alignVert='center', antialias=True, autoLog=True, bold=False, color=u'white', colorSpace='named', contrast=1.0, depth=0.0, flipHoriz=False, flipVert=False, font=UNKNOWN, fontFiles=UNKNOWN, height=39, italic=False, name='Reply_Text', opacity=1.0, ori=0, pos=array([ 0.,  0.]), rgb=array([ 255.,  255.,  255.]), text=u'default text', units=u'cm', win=Window(...), wrapWidth=UNKNOWN)
4.1731 	EXP 	Imported Instructions.xlsx as conditions, 3 conditions, 1 params
4.1734 	EXP 	Created sequence: sequential, trialTypes=3, nReps=1, seed=None
4.2144 	EXP 	New trial (rep=0, index=0): {u'text': u'You will read a number of arguments aloud. Your task is simply to rate how convincing you find each argument. Try to remain objective: avoid using your personal preferences, experience, or opinions when rating the arguments.'}
4.2951 	EXP 	TextStim: autoLog = None
4.2951 	EXP 	TextStim: autoLog = None
4.2951 	EXP 	TextStim: autoLog = None
4.2951 	EXP 	TextStim: autoLog = None
4.2951 	EXP 	Set Text text=You will read a number of arguments aloud. Your task is simply to rate how convincing you find each argument. Try to remain objective: avoid using your personal preferences, experience, or opinions when rating the arguments.
4.2951 	EXP 	TextStim: pos = None
4.2951 	EXP 	Set Text pos=[ 0.  0.]
4.2951 	EXP 	TextStim: autoDraw = None
4.8141 	DATA 	Keypress: return
4.8153 	EXP 	New trial (rep=0, index=1): {u'text': u'Each argument will be presented word-by-word. Please read each word aloud as it appears on the screen. After all the words are presented, you will have five seconds to rate each argument. When you are ready for the next argument to appear, you will press the Enter key. Arguments will be rated on a 1-9 scale, and you will respond by pressing the corresponding key on the keyboard.'}
4.9344 	EXP 	TextStim: autoDraw = None
4.9344 	EXP 	Set Text text=Each argument will be presented word-by-word. Please read each word aloud as it appears on the screen. After all the words are presented, you will have five seconds to rate each argument. When you are ready for the next argument to appear, you will press the Enter key. Arguments will be rated on a 1-9 scale, and you will respond by pressing the corresponding key on the keyboard.
4.9344 	EXP 	TextStim: pos = None
4.9344 	EXP 	Set Text pos=[ 0.  0.]
4.9344 	EXP 	TextStim: autoDraw = None
4.9952 	DATA 	Keypress: return
4.9966 	EXP 	New trial (rep=0, index=2): {u'text': u'Before the experiment begins you will have a practice round in order to familiarize yourself with the experiment. After that you will begin the experiment itself. It should take about 10 minutes to complete.'}
5.0554 	EXP 	TextStim: autoDraw = None
5.0554 	EXP 	Set Text text=Before the experiment begins you will have a practice round in order to familiarize yourself with the experiment. After that you will begin the experiment itself. It should take about 10 minutes to complete.
5.0554 	EXP 	TextStim: pos = None
5.0554 	EXP 	Set Text pos=[ 0.  0.]
5.0554 	EXP 	TextStim: autoDraw = None
5.1160 	DATA 	Keypress: return
5.1338 	EXP 	Imported sentences.xlsx as conditions, 2 conditions, 1 params
5.1344 	EXP 	Created sequence: sequential, trialTypes=2, nReps=1, seed=None
5.1368 	EXP 	New trial (rep=0, index=0): {u'which_text': u'sentence1.xlsx'}
5.1558 	EXP 	TextStim: autoDraw = None
5.1558 	EXP 	Set text_2 text=1
5.1558 	EXP 	TextStim: autoDraw = None
6.1289 	EXP 	Imported sentence1.xlsx as conditions, 5 conditions, 1 params
6.1297 	EXP 	Created sequence: sequential, trialTypes=5, nReps=1, seed=None
6.1319 	EXP 	New trial (rep=0, index=0): {u'text': u'This'}
6.1425 	EXP 	TextStim: autoDraw = None
6.1425 	EXP 	Set Text_Trial text=This
6.1425 	EXP 	TextStim: pos = None
6.1425 	EXP 	Set Text_Trial pos=[ 0.  0.]
6.1425 	EXP 	TextStim: autoDraw = None
7.1495 	DATA 	Keypress: escape
4.2063 	EXP 	Set Window color=[ 0.  0.  0.] (rgb)
5.4507 	EXP 	Created Text = TextStim(alignHoriz='center', alignVert='center', antialias=True, autoLog=True, bold=False, color=u'white', colorSpace='named', contrast=1.0, depth=0.0, flipHoriz=False, flipVert=False, font=UNKNOWN, fontFiles=UNKNOWN, height=39, italic=False, name='Text', opacity=1.0, ori=0, pos=array([ 0.,  0.]), rgb=array([ 255.,  255.,  255.]), text=u'default text', units=u'cm', win=Window(...), wrapWidth=UNKNOWN)
5.4562 	EXP 	Created text_2 = TextStim(alignHoriz='center', alignVert='center', antialias=True, autoLog=True, bold=False, color=u'white', colorSpace='named', contrast=1.0, depth=-1.0, flipHoriz=False, flipVert=False, font=UNKNOWN, fontFiles=UNKNOWN, height=39, italic=False, name='text_2', opacity=1.0, ori=0, pos=array([ 0.,  0.]), rgb=array([ 255.,  255.,  255.]), text=u'default text', units=u'cm', win=Window(...), wrapWidth=UNKNOWN)
5.4618 	EXP 	Created Text_Trial = TextStim(alignHoriz='center', alignVert='center', antialias=True, autoLog=True, bold=False, color=u'white', colorSpace='named', contrast=1.0, depth=0.0, flipHoriz=False, flipVert=False, font=UNKNOWN, fontFiles=UNKNOWN, height=39, italic=False, name='Text_Trial', opacity=1.0, ori=0, pos=array([ 0.,  0.]), rgb=array([ 255.,  255.,  255.]), text=u'default text', units=u'cm', win=Window(...), wrapWidth=UNKNOWN)
5.4672 	EXP 	Created Reply_Text = TextStim(alignHoriz='center', alignVert='center', antialias=True, autoLog=True, bold=False, color=u'white', colorSpace='named', contrast=1.0, depth=0.0, flipHoriz=False, flipVert=False, font=UNKNOWN, fontFiles=UNKNOWN, height=39, italic=False, name='Reply_Text', opacity=1.0, ori=0, pos=array([ 0.,  0.]), rgb=array([ 255.,  255.,  255.]), text=u'default text', units=u'cm', win=Window(...), wrapWidth=UNKNOWN)
5.4719 	EXP 	Imported Instructions.xlsx as conditions, 3 conditions, 1 params
5.4723 	EXP 	Created sequence: sequential, trialTypes=3, nReps=1, seed=None
5.5159 	EXP 	New trial (rep=0, index=0): {u'text': u'You will read a number of arguments aloud. Your task is simply to rate how convincing you find each argument. Try to remain objective: avoid using your personal preferences, experience, or opinions when rating the arguments.'}
5.5743 	EXP 	TextStim: autoLog = None
5.5743 	EXP 	TextStim: autoLog = None
5.5743 	EXP 	TextStim: autoLog = None
5.5743 	EXP 	TextStim: autoLog = None
5.5743 	EXP 	Set Text text=You will read a number of arguments aloud. Your task is simply to rate how convincing you find each argument. Try to remain objective: avoid using your personal preferences, experience, or opinions when rating the arguments.
5.5743 	EXP 	TextStim: pos = None
5.5743 	EXP 	Set Text pos=[ 0.  0.]
5.5743 	EXP 	TextStim: autoDraw = None
6.0026 	DATA 	Keypress: return
6.0038 	EXP 	New trial (rep=0, index=1): {u'text': u'Each argument will be presented word-by-word. Please read each word aloud as it appears on the screen. After all the words are presented, you will have five seconds to rate each argument. When you are ready for the next argument to appear, you will press the Enter key. Arguments will be rated on a 1-9 scale, and you will respond by pressing the corresponding key on the keyboard.'}
6.0931 	EXP 	TextStim: autoDraw = None
6.0931 	EXP 	Set Text text=Each argument will be presented word-by-word. Please read each word aloud as it appears on the screen. After all the words are presented, you will have five seconds to rate each argument. When you are ready for the next argument to appear, you will press the Enter key. Arguments will be rated on a 1-9 scale, and you will respond by pressing the corresponding key on the keyboard.
6.0931 	EXP 	TextStim: pos = None
6.0931 	EXP 	Set Text pos=[ 0.  0.]
6.0931 	EXP 	TextStim: autoDraw = None
6.1937 	DATA 	Keypress: return
6.1945 	EXP 	New trial (rep=0, index=2): {u'text': u'Before the experiment begins you will have a practice round in order to familiarize yourself with the experiment. After that you will begin the experiment itself. It should take about 10 minutes to complete.'}
6.2742 	EXP 	TextStim: autoDraw = None
6.2742 	EXP 	Set Text text=Before the experiment begins you will have a practice round in order to familiarize yourself with the experiment. After that you will begin the experiment itself. It should take about 10 minutes to complete.
6.2742 	EXP 	TextStim: pos = None
6.2742 	EXP 	Set Text pos=[ 0.  0.]
6.2742 	EXP 	TextStim: autoDraw = None
6.3548 	DATA 	Keypress: return
6.3706 	EXP 	Imported sentences.xlsx as conditions, 2 conditions, 1 params
6.3713 	EXP 	Created sequence: sequential, trialTypes=2, nReps=1, seed=None
6.3738 	EXP 	New trial (rep=0, index=0): {u'which_text': u'sentence1.xlsx'}
6.3948 	EXP 	TextStim: autoDraw = None
6.3948 	EXP 	Set text_2 text=1
6.3948 	EXP 	TextStim: autoDraw = None
7.3681 	EXP 	Imported sentence1.xlsx as conditions, 5 conditions, 1 params
7.3688 	EXP 	Created sequence: sequential, trialTypes=5, nReps=1, seed=None
7.3711 	EXP 	New trial (rep=0, index=0): {u'text': u'This'}
7.4018 	EXP 	TextStim: autoDraw = None
7.4018 	EXP 	Set Text_Trial text=This
7.4018 	EXP 	TextStim: pos = None
7.4018 	EXP 	Set Text_Trial pos=[ 0.  0.]
7.4018 	EXP 	TextStim: autoDraw = None
7.8047 	DATA 	Keypress: escape
