3.0180 	EXP 	Set Window color=[ 0.  0.  0.] (rgb)
3.9566 	EXP 	Created Text = TextStim(alignHoriz='center', alignVert='center', antialias=True, autoLog=True, bold=False, color=u'white', colorSpace='named', contrast=1.0, depth=0.0, flipHoriz=False, flipVert=False, font=UNKNOWN, fontFiles=UNKNOWN, height=39, italic=False, name='Text', opacity=1.0, ori=0, pos=array([ 0.,  0.]), rgb=array([ 255.,  255.,  255.]), text=u'default text', units=u'cm', win=Window(...), wrapWidth=UNKNOWN)
3.9622 	EXP 	Created Text_Trial = TextStim(alignHoriz='center', alignVert='center', antialias=True, autoLog=True, bold=False, color=u'white', colorSpace='named', contrast=1.0, depth=0.0, flipHoriz=False, flipVert=False, font=UNKNOWN, fontFiles=UNKNOWN, height=39, italic=False, name='Text_Trial', opacity=1.0, ori=0, pos=array([ 0.,  0.]), rgb=array([ 255.,  255.,  255.]), text=u'default text', units=u'cm', win=Window(...), wrapWidth=UNKNOWN)
3.9680 	EXP 	Created Reply_Text = TextStim(alignHoriz='center', alignVert='center', antialias=True, autoLog=True, bold=False, color=u'white', colorSpace='named', contrast=1.0, depth=0.0, flipHoriz=False, flipVert=False, font=UNKNOWN, fontFiles=UNKNOWN, height=39, italic=False, name='Reply_Text', opacity=1.0, ori=0, pos=array([ 0.,  0.]), rgb=array([ 255.,  255.,  255.]), text=u'default text', units=u'cm', win=Window(...), wrapWidth=UNKNOWN)
3.9729 	EXP 	Imported Instructions.xlsx as conditions, 3 conditions, 1 params
3.9733 	EXP 	Created sequence: sequential, trialTypes=3, nReps=1, seed=None
3.9741 	EXP 	New trial (rep=0, index=0): {u'text': u'You will read a number of arguments aloud. Your task is simply to rate how convincing you find each argument. Try to remain objective: avoid using your personal preferences, experience, or opinions when rating the arguments.'}
4.0350 	EXP 	TextStim: autoLog = None
4.0350 	EXP 	TextStim: autoLog = None
4.0350 	EXP 	TextStim: autoLog = None
4.0350 	EXP 	Set Text text=You will read a number of arguments aloud. Your task is simply to rate how convincing you find each argument. Try to remain objective: avoid using your personal preferences, experience, or opinions when rating the arguments.
4.0350 	EXP 	TextStim: pos = None
4.0350 	EXP 	Set Text pos=[ 0.  0.]
4.0350 	EXP 	TextStim: autoDraw = None
4.1527 	DATA 	Mouse: Left button down, pos=(868,189)
4.2735 	DATA 	Mouse: Left button up, pos=(868,189)
4.3541 	DATA 	Keypress: return
4.3545 	EXP 	New trial (rep=0, index=1): {u'text': u'Each argument will be presented word-by-word. Please read each word aloud as it appears on the screen. After all the words are presented, you will have five seconds to rate each argument. When you are ready for the next argument to appear, you will press the Enter key. Arguments will be rated on a 1-9 scale, and you will respond by pressing the corresponding key on the keyboard.'}
4.4342 	EXP 	TextStim: autoDraw = None
4.4342 	EXP 	Set Text text=Each argument will be presented word-by-word. Please read each word aloud as it appears on the screen. After all the words are presented, you will have five seconds to rate each argument. When you are ready for the next argument to appear, you will press the Enter key. Arguments will be rated on a 1-9 scale, and you will respond by pressing the corresponding key on the keyboard.
4.4342 	EXP 	TextStim: pos = None
4.4342 	EXP 	Set Text pos=[ 0.  0.]
4.4342 	EXP 	TextStim: autoDraw = None
4.4749 	DATA 	Keypress: return
4.4760 	EXP 	New trial (rep=0, index=2): {u'text': u'Before the experiment begins you will have a practice round in order to familiarize yourself with the experiment. After that you will begin the experiment itself. It should take about 10 minutes to complete.'}
4.5352 	EXP 	TextStim: autoDraw = None
4.5352 	EXP 	Set Text text=Before the experiment begins you will have a practice round in order to familiarize yourself with the experiment. After that you will begin the experiment itself. It should take about 10 minutes to complete.
4.5352 	EXP 	TextStim: pos = None
4.5352 	EXP 	Set Text pos=[ 0.  0.]
4.5352 	EXP 	TextStim: autoDraw = None
4.7164 	DATA 	Keypress: return
4.7168 	EXP 	Created sequence: sequential, trialTypes=1, nReps=1, seed=None
4.7174 	EXP 	New trial (rep=0, index=0): None
4.7213 	EXP 	Imported Practice.xlsx as conditions, 6 conditions, 2 params
4.7217 	EXP 	Created sequence: sequential, trialTypes=6, nReps=1, seed=None
4.7222 	EXP 	New trial (rep=0, index=0): {u'text2': u'Here', u'text1': u'Here'}
4.7363 	EXP 	TextStim: autoDraw = None
4.7363 	EXP 	Set Text_Trial text=$text
4.7363 	EXP 	TextStim: pos = None
4.7363 	EXP 	Set Text_Trial pos=[ 0.  0.]
4.7363 	EXP 	TextStim: autoDraw = None
5.7638 	DATA 	Keypress: return
6.2272 	EXP 	New trial (rep=0, index=1): {u'text2': u'is', u'text1': u'is'}
6.2465 	EXP 	TextStim: autoDraw = None
6.2465 	EXP 	Set Text_Trial text=$text
6.2465 	EXP 	TextStim: pos = None
6.2465 	EXP 	Set Text_Trial pos=[ 0.  0.]
6.2465 	EXP 	TextStim: autoDraw = None
7.7175 	EXP 	New trial (rep=0, index=2): {u'text2': u'another', u'text1': u'a'}
7.7364 	EXP 	TextStim: autoDraw = None
7.7364 	EXP 	TextStim: autoDraw = None
7.7364 	EXP 	Set Text_Trial text=$text
7.7364 	EXP 	TextStim: pos = None
7.7364 	EXP 	Set Text_Trial pos=[ 0.  0.]
7.7364 	EXP 	TextStim: autoDraw = None
9.2072 	EXP 	New trial (rep=0, index=3): {u'text2': u'practice', u'text1': u'practice'}
9.2269 	EXP 	TextStim: autoDraw = None
9.2269 	EXP 	TextStim: autoDraw = None
9.2269 	EXP 	Set Text_Trial text=$text
9.2269 	EXP 	TextStim: pos = None
9.2269 	EXP 	Set Text_Trial pos=[ 0.  0.]
9.2269 	EXP 	TextStim: autoDraw = None
9.8510 	DATA 	Keypress: return
10.2541 	DATA 	Keypress: escape
