0.7579 	WARNING 	Movie2 stim could not be imported and won't be available
3.4913 	EXP 	Created window1 = Window(allowGUI=False, allowStencil=False, autoLog=True, bitsMode=UNKNOWN, blendMode='avg', color=array([ 0.,  0.,  0.]), colorSpace='rgb', fullscr=UNKNOWN, gamma=None, lms=UNKNOWN, monitor=<psychopy.monitors.calibTools.Monitor instance at 0x039F2F08>, name='window1', pos=[0, 0], screen=0, size=array([1366,  768]), stereo=False, units=u'norm', useFBO=True, viewOri=0.0, viewPos=None, viewScale=None, waitBlanking=True, winType='pyglet')
3.4913 	EXP 	window1: recordFrameIntervals = False
3.6907 	EXP 	window1: recordFrameIntervals = True
3.9196 	WARNING 	t of last frame was 27.92ms (=1/35)
4.1540 	EXP 	window1: recordFrameIntervals = False
4.2530 	EXP 	Created intro_text = TextStim(alignHoriz='center', alignVert='center', antialias=True, autoLog=True, bold=False, color=u'white', colorSpace='named', contrast=1.0, depth=0.0, flipHoriz=False, flipVert=False, font=u'Arial', fontFiles=[], height=0.1, italic=False, name='intro_text', opacity=1.0, ori=0, pos=array([ 0. ,  0.3]), rgb=array([ 255.,  255.,  255.]), text=u'default text', units=u'norm', win=Window(...), wrapWidth=1)
4.2658 	EXP 	Created text_2 = TextStim(alignHoriz='center', alignVert='center', antialias=True, autoLog=True, bold=False, color=u'white', colorSpace='named', contrast=1.0, depth=-2.0, flipHoriz=False, flipVert=False, font=u'Arial', fontFiles=[], height=0.1, italic=False, name='text_2', opacity=1.0, ori=0, pos=array([ 0. , -0.5]), rgb=array([ 255.,  255.,  255.]), text=u'Press SPACE to continue!', units=u'norm', win=Window(...), wrapWidth=1)
4.2713 	EXP 	Created intro_text = TextStim(alignHoriz='center', alignVert='center', antialias=True, autoLog=True, bold=False, color=u'white', colorSpace='named', contrast=1.0, depth=0.0, flipHoriz=False, flipVert=False, font=u'Arial', fontFiles=[], height=0.1, italic=False, name='intro_text', opacity=1.0, ori=0, pos=array([ 0. ,  0.3]), rgb=array([ 255.,  255.,  255.]), text=u'default text', units=u'norm', win=Window(...), wrapWidth=1)
4.2785 	EXP 	Created text_2 = TextStim(alignHoriz='center', alignVert='center', antialias=True, autoLog=True, bold=False, color=u'white', colorSpace='named', contrast=1.0, depth=-2.0, flipHoriz=False, flipVert=False, font=u'Arial', fontFiles=[], height=0.1, italic=False, name='text_2', opacity=1.0, ori=0, pos=array([ 0. , -0.5]), rgb=array([ 255.,  255.,  255.]), text=u'Press SPACE to continue!', units=u'norm', win=Window(...), wrapWidth=1)
4.2795 	EXP 	Created text_3 = TextStim(alignHoriz='center', alignVert='center', antialias=True, autoLog=True, bold=False, color=u'white', colorSpace='named', contrast=1.0, depth=-1.0, flipHoriz=False, flipVert=False, font=u'Arial', fontFiles=[], height=0.1, italic=False, name='text_3', opacity=1.0, ori=0, pos=array([ 0.,  0.]), rgb=array([ 255.,  255.,  255.]), text='', units=u'norm', win=Window(...), wrapWidth=1)
4.2995 	EXP 	Created ending = TextStim(alignHoriz='center', alignVert='center', antialias=True, autoLog=True, bold=False, color=u'white', colorSpace='named', contrast=1.0, depth=0.0, flipHoriz=False, flipVert=False, font=u'Arial', fontFiles=[], height=0.1, italic=False, name='ending', opacity=1.0, ori=0, pos=array([ 0.,  0.]), rgb=array([ 255.,  255.,  255.]), text=unicode(...), units=u'norm', win=Window(...), wrapWidth=1)
4.3048 	EXP 	Imported instructions-p1.xlsx as conditions, 4 conditions, 1 params
4.3051 	EXP 	Created sequence: sequential, trialTypes=4, nReps=1, seed=None
4.3057 	EXP 	New trial (rep=0, index=0): {u'text': u"Welcome to the study! This lab has been developing a new machine learning algorithm, but we need humans to help confirm that the algorithm's data is correct. Your responses will be used to help us improve our algorithm."}
4.3645 	EXP 	intro_text: text = u"Welcome to the study! This lab has been developing a new machine learning algorithm, but we need humans to help confirm that the algorithm's data is correct. Your responses will be used to help us improve our algorithm."
4.3645 	EXP 	intro_text: autoDraw = True
4.3645 	EXP 	text_2: autoDraw = True
4.9997 	DATA 	Keypress: space
5.0002 	EXP 	New trial (rep=0, index=1): {u'text': u'You will be reading sentences and responding to them. A sentence with an underlined word will appear on the screen. When that happens, please fully comprehend the sentence as you read it out loud. After six seconds, the sentence will disappear and a short phrase will appear on the screen. Your job is simply to tell us whether the phrase can be a property of the underlined word.'}
5.0692 	EXP 	intro_text: autoDraw = False
5.0692 	EXP 	text_2: autoDraw = False
5.0692 	EXP 	intro_text: text = u'You will be reading sentences and responding to them. A sentence with an underlined word will appear on the screen. When that happens, please fully comprehend the sentence as you read it out loud. After six seconds, the sentence will disappear and a short phrase will appear on the screen. Your job is simply to tell us whether the phrase can be a property of the underlined word.'
5.0692 	EXP 	intro_text: autoDraw = True
5.0692 	EXP 	text_2: autoDraw = True
5.4455 	DATA 	Keypress: space
5.4644 	EXP 	New trial (rep=0, index=2): {u'text': u"If the phrase can be a property of the underlined word, press the green key. And if the phrase can't be a property of the underlined word, press the red key. Please respond as quickly as possible,but avoid making errors."}
5.5409 	EXP 	intro_text: autoDraw = False
5.5409 	EXP 	text_2: autoDraw = False
5.5409 	EXP 	intro_text: text = u"If the phrase can be a property of the underlined word, press the green key. And if the phrase can't be a property of the underlined word, press the red key. Please respond as quickly as possible,but avoid making errors."
5.5409 	EXP 	intro_text: autoDraw = True
5.5409 	EXP 	text_2: autoDraw = True
5.8928 	DATA 	Keypress: space
5.9078 	EXP 	New trial (rep=0, index=3): {u'text': u"After this slide you'll begin a practice session. If you make any mistakes an experimenter will be standing by to correct you. Just remember to read all the sentences (but not the phrases) out loud. In order to move between trials in the experiment, press the space bar. When you're ready to begin, please turn around and tell the experimenter."}
5.9905 	EXP 	intro_text: autoDraw = False
5.9905 	EXP 	text_2: autoDraw = False
5.9905 	EXP 	intro_text: text = u"After this slide you'll begin a practice session. If you make any mistakes an experimenter will be standing by to correct you. Just remember to read all the sentences (but not the phrases) out loud. In order to move between trials in the experiment, press the space bar. When you're ready to begin, please turn around and tell the experimenter."
5.9905 	EXP 	intro_text: autoDraw = True
5.9905 	EXP 	text_2: autoDraw = True
6.4289 	DATA 	Keypress: space
6.4367 	EXP 	Imported stim-prac.xlsx as conditions, 4 conditions, 3 params
6.4378 	EXP 	Created sequence: random, trialTypes=4, nReps=1, seed=None
6.4390 	EXP 	New trial (rep=0, index=0): {u'property': u'has a smell', u'response': u'j', u'sentence': u'The skunk was under a large willow.'}
6.4398 	EXP 	New trial (rep=0, index=1): {u'property': u'can be tied in a knot', u'response': u'f', u'sentence': u'The refrigerator was set to a low temperature to cool the beer.'}
6.4405 	EXP 	New trial (rep=0, index=2): {u'property': u'can contain money', u'response': u'j', u'sentence': u'The bank was robbed by three bandits.'}
6.4412 	EXP 	New trial (rep=0, index=3): {u'property': u'has gills', u'response': u'f', u'sentence': u'The cheese was growing moldy in the refrigerator.'}
6.4478 	EXP 	Imported instructions-p2.xlsx as conditions, 1 conditions, 1 params
6.4484 	EXP 	Created sequence: sequential, trialTypes=1, nReps=1, seed=None
6.4495 	EXP 	New trial (rep=0, index=0): {u'text': u'That was the practice session. The following session will have exactly the same format, except that you will not be given feedback about whether your answers were correct. When you are ready to begin or have any questions, please turn around and inform the experimenter.'}
6.5053 	EXP 	intro_text: autoDraw = False
6.5053 	EXP 	text_2: autoDraw = False
6.5053 	EXP 	intro_text: text = u'That was the practice session. The following session will have exactly the same format, except that you will not be given feedback about whether your answers were correct. When you are ready to begin or have any questions, please turn around and inform the experimenter.'
6.5053 	EXP 	intro_text: autoDraw = True
6.5053 	EXP 	text_2: autoDraw = True
6.8934 	DATA 	Keypress: space
6.9128 	EXP 	intro_text: autoDraw = False
6.9128 	EXP 	text_2: autoDraw = False
6.9128 	EXP 	text_3: autoDraw = True
8.8455 	DATA 	Keypress: space
9.5307 	DATA 	Keypress: l
9.5419 	EXP 	Imported stim-test.xlsx as conditions, 4 conditions, 2 params
9.5431 	EXP 	Created sequence: random, trialTypes=4, nReps=1, seed=None
9.5451 	EXP 	New trial (rep=0, index=0): {u'property': u'has a smell', u'sentence': u'The skunk was under a large willow.'}
9.5462 	EXP 	New trial (rep=0, index=1): {u'property': u'can contain money', u'sentence': u'The bank was robbed by three bandits.'}
9.5474 	EXP 	New trial (rep=0, index=2): {u'property': u'can be tied in a knot', u'sentence': u'The refrigerator was set to a low temperature to cool the beer.'}
9.5485 	EXP 	New trial (rep=0, index=3): {u'property': u'has gills', u'sentence': u'The cheese was growing moldy in the refrigerator.'}
9.5579 	EXP 	text_3: autoDraw = False
9.5579 	EXP 	ending: autoDraw = True
10.5966 	DATA 	Keypress: space
18.1893 	DATA 	Keypress: escape
