3.2555 	EXP 	Set Window color=[ 0.  0.  0.] (rgb)
4.2406 	EXP 	Created Instructions = TextStim(alignHoriz='center', alignVert='center', antialias=True, autoLog=True, bold=False, color=u'white', colorSpace='named', contrast=1.0, depth=0.0, flipHoriz=False, flipVert=False, font=UNKNOWN, fontFiles=UNKNOWN, height=39, italic=False, name='Instructions', opacity=1.0, ori=0, pos=array([ 0.,  5.]), rgb=array([ 255.,  255.,  255.]), text=u'default text', units=u'cm', win=Window(...), wrapWidth=UNKNOWN)
4.2526 	EXP 	Created Space = TextStim(alignHoriz='center', alignVert='center', antialias=True, autoLog=True, bold=False, color=u'white', colorSpace='named', contrast=1.0, depth=-2.0, flipHoriz=False, flipVert=False, font=UNKNOWN, fontFiles=UNKNOWN, height=39, italic=False, name='Space', opacity=1.0, ori=0, pos=array([ 0., -7.]), rgb=array([ 255.,  255.,  255.]), text=u'Press SPACE to continue', units=u'cm', win=Window(...), wrapWidth=UNKNOWN)
4.2567 	EXP 	Created text_image = ImageStim(autoLog=True, color=array([ 1.,  1.,  1.]), colorSpace=u'rgb', contrast=1.0, depth=0.0, flipHoriz=False, flipVert=False, image=UNKNOWN, interpolate=False, mask=None, maskParams=None, name='text_image', opacity=1.0, ori=0.0, pos=array([ 0.,  0.]), size=array([ 1.,  1.]), texRes=128, units=u'norm', win=Window(...))
4.2695 	EXP 	Created responsee = TextStim(alignHoriz='center', alignVert='center', antialias=True, autoLog=True, bold=False, color='white', colorSpace='named', contrast=1.0, depth=0.0, flipHoriz=False, flipVert=False, font=UNKNOWN, fontFiles=UNKNOWN, height=43, italic=False, name='responsee', opacity=1.0, ori=0, pos=array([ 0.,  0.]), rgb=array([ 255.,  255.,  255.]), text=u'make a response', units=u'norm', win=Window(...), wrapWidth=UNKNOWN)
4.2919 	EXP 	Created End = TextStim(alignHoriz='center', alignVert='center', antialias=True, autoLog=True, bold=False, color='white', colorSpace='named', contrast=1.0, depth=0.0, flipHoriz=False, flipVert=False, font=UNKNOWN, fontFiles=UNKNOWN, height=117, italic=False, name='End', opacity=1.0, ori=0, pos=array([ 0.,  0.]), rgb=array([ 255.,  255.,  255.]), text=unicode(...), units='cm', win=Window(...), wrapWidth=UNKNOWN)
4.2924 	EXP 	Imported instructions.csv as conditions, 3 conditions, 1 params
4.2927 	EXP 	Created sequence: sequential, trialTypes=3, nReps=1, seed=None
4.2933 	EXP 	New trial (rep=0, index=0): {'text': u'"a"'}
4.3244 	EXP 	TextStim: autoLog = None
4.3244 	EXP 	TextStim: autoLog = None
4.3244 	EXP 	ImageStim: autoLog = None
4.3244 	EXP 	TextStim: autoLog = None
4.3244 	EXP 	TextStim: autoLog = None
4.3244 	EXP 	Set Instructions text="a"
4.3244 	EXP 	TextStim: autoDraw = None
4.3244 	EXP 	TextStim: autoDraw = None
5.9519 	DATA 	Keypress: space
5.9533 	EXP 	New trial (rep=0, index=1): {'text': u'"b"'}
5.9714 	EXP 	TextStim: autoDraw = None
5.9714 	EXP 	TextStim: autoDraw = None
5.9714 	EXP 	Set Instructions text="b"
5.9714 	EXP 	TextStim: autoDraw = None
5.9714 	EXP 	TextStim: autoDraw = None
6.2766 	DATA 	Keypress: space
6.2953 	EXP 	New trial (rep=0, index=2): {'text': u'"c"'}
6.3141 	EXP 	TextStim: autoDraw = None
6.3141 	EXP 	TextStim: autoDraw = None
6.3141 	EXP 	Set Instructions text="c"
6.3141 	EXP 	TextStim: autoDraw = None
6.3141 	EXP 	TextStim: autoDraw = None
6.7795 	DATA 	Keypress: space
6.7992 	EXP 	Imported arguments.csv as conditions, 2 conditions, 1 params
6.8006 	EXP 	Created sequence: random, trialTypes=2, nReps=1, seed=None
6.8025 	EXP 	New trial (rep=0, index=0): {'argument': u'"messy_01.csv"'}
6.8040 	EXP 	Imported messy_01.csv as conditions, 5 conditions, 1 params
6.8052 	EXP 	Created sequence: sequential, trialTypes=5, nReps=1, seed=None
6.8071 	EXP 	New trial (rep=0, index=0): {'words': u'"words\\messy_this.jpg"'}
6.8779 	EXP 	TextStim: autoDraw = None
6.8779 	EXP 	TextStim: autoDraw = None
6.8779 	EXP 	Set text_image image=words\messy_this.jpg
6.8779 	EXP 	ImageStim: autoDraw = None
7.3615 	DATA 	Keypress: escape
