3.5440 	EXP 	Set Window color=[ 0.  0.  0.] (rgb)
4.5135 	EXP 	Created Instructions = TextStim(alignHoriz='center', alignVert='center', antialias=True, autoLog=True, bold=False, color=u'white', colorSpace='named', contrast=1.0, depth=0.0, flipHoriz=False, flipVert=False, font=UNKNOWN, fontFiles=UNKNOWN, height=39, italic=False, name='Instructions', opacity=1.0, ori=0, pos=array([ 0.,  5.]), rgb=array([ 255.,  255.,  255.]), text=u'default text', units=u'cm', win=Window(...), wrapWidth=UNKNOWN)
4.5256 	EXP 	Created Space_Continue = TextStim(alignHoriz='center', alignVert='center', antialias=True, autoLog=True, bold=False, color=u'white', colorSpace='named', contrast=1.0, depth=-2.0, flipHoriz=False, flipVert=False, font=UNKNOWN, fontFiles=UNKNOWN, height=39, italic=False, name='Space_Continue', opacity=1.0, ori=0, pos=array([ 0., -7.]), rgb=array([ 255.,  255.,  255.]), text=u'Press SPACE to continue', units=u'cm', win=Window(...), wrapWidth=UNKNOWN)
4.5268 	EXP 	Created text_2 = TextStim(alignHoriz='center', alignVert='center', antialias=True, autoLog=True, bold=False, color=u'white', colorSpace='named', contrast=1.0, depth=0.0, flipHoriz=False, flipVert=False, font=UNKNOWN, fontFiles=UNKNOWN, height=0, italic=False, name='text_2', opacity=1.0, ori=0, pos=array([ 0.,  0.]), rgb=array([ 255.,  255.,  255.]), text='', units=u'norm', win=Window(...), wrapWidth=UNKNOWN)
4.5305 	EXP 	Created text_image = ImageStim(autoLog=True, color=array([ 1.,  1.,  1.]), colorSpace=u'rgb', contrast=1.0, depth=0.0, flipHoriz=False, flipVert=False, image=UNKNOWN, interpolate=False, mask=None, maskParams=None, name='text_image', opacity=1.0, ori=0.0, pos=array([ 0.,  0.]), size=array([ 1.,  1.]), texRes=128, units=u'norm', win=Window(...))
4.5359 	EXP 	Created question_text = TextStim(alignHoriz='center', alignVert='center', antialias=True, autoLog=True, bold=False, color=u'white', colorSpace='named', contrast=1.0, depth=0.0, flipHoriz=False, flipVert=False, font=UNKNOWN, fontFiles=UNKNOWN, height=39, italic=False, name='question_text', opacity=1.0, ori=0, pos=array([ 0.,  0.]), rgb=array([ 255.,  255.,  255.]), text=u'default text', units=u'cm', win=Window(...), wrapWidth=UNKNOWN)
4.5578 	EXP 	Created text_3 = TextStim(alignHoriz='center', alignVert='center', antialias=True, autoLog=True, bold=False, color=u'white', colorSpace='named', contrast=1.0, depth=0.0, flipHoriz=False, flipVert=False, font=UNKNOWN, fontFiles=UNKNOWN, height=86, italic=False, name='text_3', opacity=1.0, ori=0, pos=array([ 0.,  0.]), rgb=array([ 255.,  255.,  255.]), text=unicode(...), units=u'norm', win=Window(...), wrapWidth=UNKNOWN)
4.5793 	EXP 	Created End = TextStim(alignHoriz='center', alignVert='center', antialias=True, autoLog=True, bold=False, color='white', colorSpace='named', contrast=1.0, depth=0.0, flipHoriz=False, flipVert=False, font=UNKNOWN, fontFiles=UNKNOWN, height=117, italic=False, name='End', opacity=1.0, ori=0, pos=array([ 0.,  0.]), rgb=array([ 255.,  255.,  255.]), text=unicode(...), units='cm', win=Window(...), wrapWidth=UNKNOWN)
4.5798 	EXP 	Imported instructions.csv as conditions, 3 conditions, 1 params
4.5802 	EXP 	Created sequence: sequential, trialTypes=3, nReps=1, seed=None
4.5807 	EXP 	New trial (rep=0, index=0): {'text': u'"Instructions 1!"'}
4.6058 	EXP 	TextStim: autoLog = None
4.6058 	EXP 	TextStim: autoLog = None
4.6058 	EXP 	TextStim: autoLog = None
4.6058 	EXP 	ImageStim: autoLog = None
4.6058 	EXP 	TextStim: autoLog = None
4.6058 	EXP 	TextStim: autoLog = None
4.6058 	EXP 	TextStim: autoLog = None
4.6058 	EXP 	Set Instructions text="Instructions 1!"
4.6058 	EXP 	TextStim: autoDraw = None
4.6058 	EXP 	TextStim: autoDraw = None
4.9054 	DATA 	Keypress: space
4.9069 	EXP 	New trial (rep=0, index=1): {'text': u'"Instructions 2!"'}
4.9466 	EXP 	TextStim: autoDraw = None
4.9466 	EXP 	TextStim: autoDraw = None
4.9466 	EXP 	Set Instructions text="Instructions 2!"
4.9466 	EXP 	TextStim: autoDraw = None
4.9466 	EXP 	TextStim: autoDraw = None
5.0463 	DATA 	Keypress: space
5.0477 	EXP 	New trial (rep=0, index=2): {'text': u'"Instructions 3!"'}
5.0863 	EXP 	TextStim: autoDraw = None
5.0863 	EXP 	TextStim: autoDraw = None
5.0863 	EXP 	Set Instructions text="Instructions 3!"
5.0863 	EXP 	TextStim: autoDraw = None
5.0863 	EXP 	TextStim: autoDraw = None
5.2076 	DATA 	Keypress: space
5.2272 	EXP 	TextStim: autoDraw = None
5.2272 	EXP 	TextStim: autoDraw = None
5.2272 	EXP 	TextStim: autoDraw = None
5.3284 	DATA 	Keypress: space
8.2092 	EXP 	Imported arguments.csv as conditions, 2 conditions, 1 params
8.2107 	EXP 	Created sequence: random, trialTypes=2, nReps=1, seed=None
8.2126 	EXP 	New trial (rep=0, index=0): {'argument': u'"messy_01.csv"'}
8.2141 	EXP 	Imported messy_01.csv as conditions, 5 conditions, 1 params
8.2155 	EXP 	Created sequence: sequential, trialTypes=5, nReps=1, seed=None
8.2174 	EXP 	New trial (rep=0, index=0): {'words': u'"words\\messy_this.jpg"'}
8.2880 	EXP 	TextStim: autoDraw = None
8.2880 	EXP 	TextStim: autoDraw = None
8.2880 	EXP 	Set text_image image=words\messy_this.jpg
8.2880 	EXP 	ImageStim: autoDraw = None
9.2160 	EXP 	New trial (rep=0, index=1): {'words': u'"words\\messy_is.jpg"'}
9.2345 	EXP 	ImageStim: autoDraw = None
9.2345 	EXP 	ImageStim: autoDraw = None
9.2345 	EXP 	Set text_image image=words\messy_is.jpg
9.2345 	EXP 	ImageStim: autoDraw = None
10.2224 	EXP 	New trial (rep=0, index=2): {'words': u'"words\\messy_the.jpg"'}
10.2416 	EXP 	ImageStim: autoDraw = None
10.2416 	EXP 	Set text_image image=words\messy_the.jpg
10.2416 	EXP 	ImageStim: autoDraw = None
11.2095 	EXP 	New trial (rep=0, index=3): {'words': u'"words\\messy_messy.jpg"'}
11.2279 	EXP 	ImageStim: autoDraw = None
11.2279 	EXP 	ImageStim: autoDraw = None
11.2279 	EXP 	Set text_image image=words\messy_messy.jpg
11.2279 	EXP 	ImageStim: autoDraw = None
12.1962 	EXP 	New trial (rep=0, index=4): {'words': u'"words\\messy_argument.jpg"'}
12.2147 	EXP 	ImageStim: autoDraw = None
12.2147 	EXP 	ImageStim: autoDraw = None
12.2147 	EXP 	Set text_image image=words\messy_argument.jpg
12.2147 	EXP 	ImageStim: autoDraw = None
