3.2287 	EXP 	Set Window color=[ 0.  0.  0.] (rgb)
4.1602 	EXP 	Created Instructions = TextStim(alignHoriz='center', alignVert='center', antialias=True, autoLog=True, bold=False, color='white', colorSpace='named', contrast=1.0, depth=0.0, flipHoriz=False, flipVert=False, font=UNKNOWN, fontFiles=UNKNOWN, height=39, italic=False, name='Instructions', opacity=1.0, ori=0, pos=array([ 0.,  0.]), rgb=array([ 255.,  255.,  255.]), text=u'default text', units='cm', win=Window(...), wrapWidth=UNKNOWN)
4.1684 	EXP 	Created argument_words = TextStim(alignHoriz='center', alignVert='center', antialias=True, autoLog=True, bold=False, color='white', colorSpace='named', contrast=1.0, depth=0.0, flipHoriz=False, flipVert=False, font=UNKNOWN, fontFiles=UNKNOWN, height=4, italic=False, name='argument_words', opacity=1.0, ori=0, pos=array([ 0.,  0.]), rgb=array([ 255.,  255.,  255.]), text=u'default text', units='cm', win=Window(...), wrapWidth=UNKNOWN)
4.1815 	EXP 	Created responsee = TextStim(alignHoriz='center', alignVert='center', antialias=True, autoLog=True, bold=False, color='white', colorSpace='named', contrast=1.0, depth=0.0, flipHoriz=False, flipVert=False, font=UNKNOWN, fontFiles=UNKNOWN, height=43, italic=False, name='responsee', opacity=1.0, ori=0, pos=array([ 0.,  0.]), rgb=array([ 255.,  255.,  255.]), text=u'make a response', units=u'norm', win=Window(...), wrapWidth=UNKNOWN)
4.2056 	EXP 	Created End = TextStim(alignHoriz='center', alignVert='center', antialias=True, autoLog=True, bold=False, color='white', colorSpace='named', contrast=1.0, depth=0.0, flipHoriz=False, flipVert=False, font=UNKNOWN, fontFiles=UNKNOWN, height=117, italic=False, name='End', opacity=1.0, ori=0, pos=array([ 0.,  0.]), rgb=array([ 255.,  255.,  255.]), text=unicode(...), units='cm', win=Window(...), wrapWidth=UNKNOWN)
4.2061 	EXP 	Imported instructions.csv as conditions, 2 conditions, 1 params
4.2064 	EXP 	Created sequence: sequential, trialTypes=2, nReps=1, seed=None
4.2070 	EXP 	New trial (rep=0, index=0): {'text': u'Instructions 1!'}
4.2427 	EXP 	TextStim: autoLog = None
4.2427 	EXP 	TextStim: autoLog = None
4.2427 	EXP 	TextStim: autoLog = None
4.2427 	EXP 	TextStim: autoLog = None
4.2427 	EXP 	Set Instructions text=Instructions 1!
4.2427 	EXP 	TextStim: autoDraw = None
4.5610 	DATA 	Keypress: space
4.5621 	EXP 	New trial (rep=0, index=1): {'text': u'Instructions 2!'}
4.6010 	EXP 	TextStim: autoDraw = None
4.6010 	EXP 	Set Instructions text=Instructions 2!
4.6010 	EXP 	TextStim: autoDraw = None
4.7024 	DATA 	Keypress: space
4.7042 	EXP 	Imported arguments.csv as conditions, 1 conditions, 1 params
4.7053 	EXP 	Created sequence: sequential, trialTypes=1, nReps=1, seed=None
4.7078 	EXP 	New trial (rep=0, index=0): {'clear_01csv': u'"messy_01.csv"'}
