0.7772 	WARNING 	Movie2 stim could not be imported and won't be available
3.9301 	EXP 	Created window1 = Window(allowGUI=False, allowStencil=False, autoLog=True, bitsMode=UNKNOWN, blendMode='avg', color=array([ 0.,  0.,  0.]), colorSpace='rgb', fullscr=UNKNOWN, gamma=None, lms=UNKNOWN, monitor=<psychopy.monitors.calibTools.Monitor instance at 0x03AD02B0>, name='window1', pos=[0, 0], screen=0, size=array([1366,  768]), stereo=False, units=u'norm', useFBO=True, viewOri=0.0, viewPos=None, viewScale=None, waitBlanking=True, winType='pyglet')
3.9301 	EXP 	window1: recordFrameIntervals = False
4.1301 	EXP 	window1: recordFrameIntervals = True
4.3518 	EXP 	window1: recordFrameIntervals = False
4.4442 	EXP 	Created intro_text = TextStim(alignHoriz='center', alignVert='center', antialias=True, autoLog=True, bold=False, color=u'white', colorSpace='named', contrast=1.0, depth=0.0, flipHoriz=False, flipVert=False, font=u'Arial', fontFiles=[], height=0.1, italic=False, name='intro_text', opacity=1.0, ori=0, pos=array([ 0. ,  0.3]), rgb=array([ 255.,  255.,  255.]), text=u'default text', units=u'norm', win=Window(...), wrapWidth=1)
4.4573 	EXP 	Created text_2 = TextStim(alignHoriz='center', alignVert='center', antialias=True, autoLog=True, bold=False, color=u'white', colorSpace='named', contrast=1.0, depth=-2.0, flipHoriz=False, flipVert=False, font=u'Arial', fontFiles=[], height=0.1, italic=False, name='text_2', opacity=1.0, ori=0, pos=array([ 0. , -0.5]), rgb=array([ 255.,  255.,  255.]), text=u'Press SPACE to continue!', units=u'norm', win=Window(...), wrapWidth=1)
4.4629 	EXP 	Created sentence_stim = TextStim(alignHoriz='center', alignVert='center', antialias=True, autoLog=True, bold=False, color=u'white', colorSpace='named', contrast=1.0, depth=0.0, flipHoriz=False, flipVert=False, font=u'Arial', fontFiles=[], height=0.1, italic=False, name='sentence_stim', opacity=1.0, ori=0, pos=array([ 0. ,  0.1]), rgb=array([ 255.,  255.,  255.]), text=u'default text', units=u'norm', win=Window(...), wrapWidth=1)
4.4683 	EXP 	Created property_stim = TextStim(alignHoriz='center', alignVert='center', antialias=True, autoLog=True, bold=False, color=u'white', colorSpace='named', contrast=1.0, depth=-1.0, flipHoriz=False, flipVert=False, font=u'Arial', fontFiles=[], height=0.1, italic=False, name='property_stim', opacity=1.0, ori=0, pos=array([ 0. , -0.1]), rgb=array([ 255.,  255.,  255.]), text=u'default text', units=u'norm', win=Window(...), wrapWidth=1)
4.4742 	EXP 	Created intro_text = TextStim(alignHoriz='center', alignVert='center', antialias=True, autoLog=True, bold=False, color=u'white', colorSpace='named', contrast=1.0, depth=0.0, flipHoriz=False, flipVert=False, font=u'Arial', fontFiles=[], height=0.1, italic=False, name='intro_text', opacity=1.0, ori=0, pos=array([ 0. ,  0.3]), rgb=array([ 255.,  255.,  255.]), text=u'default text', units=u'norm', win=Window(...), wrapWidth=1)
4.4815 	EXP 	Created text_2 = TextStim(alignHoriz='center', alignVert='center', antialias=True, autoLog=True, bold=False, color=u'white', colorSpace='named', contrast=1.0, depth=-2.0, flipHoriz=False, flipVert=False, font=u'Arial', fontFiles=[], height=0.1, italic=False, name='text_2', opacity=1.0, ori=0, pos=array([ 0. , -0.5]), rgb=array([ 255.,  255.,  255.]), text=u'Press SPACE to continue!', units=u'norm', win=Window(...), wrapWidth=1)
4.4824 	EXP 	Created text_3 = TextStim(alignHoriz='center', alignVert='center', antialias=True, autoLog=True, bold=False, color=u'white', colorSpace='named', contrast=1.0, depth=-1.0, flipHoriz=False, flipVert=False, font=u'Arial', fontFiles=[], height=0.1, italic=False, name='text_3', opacity=1.0, ori=0, pos=array([ 0.,  0.]), rgb=array([ 255.,  255.,  255.]), text='', units=u'norm', win=Window(...), wrapWidth=1)
4.4880 	EXP 	Created sentence_stim = TextStim(alignHoriz='center', alignVert='center', antialias=True, autoLog=True, bold=False, color=u'white', colorSpace='named', contrast=1.0, depth=0.0, flipHoriz=False, flipVert=False, font=u'Arial', fontFiles=[], height=0.1, italic=False, name='sentence_stim', opacity=1.0, ori=0, pos=array([ 0. ,  0.1]), rgb=array([ 255.,  255.,  255.]), text=u'default text', units=u'norm', win=Window(...), wrapWidth=1)
4.4937 	EXP 	Created property_stim = TextStim(alignHoriz='center', alignVert='center', antialias=True, autoLog=True, bold=False, color=u'white', colorSpace='named', contrast=1.0, depth=-1.0, flipHoriz=False, flipVert=False, font=u'Arial', fontFiles=[], height=0.1, italic=False, name='property_stim', opacity=1.0, ori=0, pos=array([ 0. , -0.1]), rgb=array([ 255.,  255.,  255.]), text=u'default text', units=u'norm', win=Window(...), wrapWidth=1)
4.5174 	EXP 	Created ending = TextStim(alignHoriz='center', alignVert='center', antialias=True, autoLog=True, bold=False, color=u'white', colorSpace='named', contrast=1.0, depth=0.0, flipHoriz=False, flipVert=False, font=u'Arial', fontFiles=[], height=0.1, italic=False, name='ending', opacity=1.0, ori=0, pos=array([ 0.,  0.]), rgb=array([ 255.,  255.,  255.]), text=unicode(...), units=u'norm', win=Window(...), wrapWidth=1)
4.5225 	EXP 	Imported instructions-p1.xlsx as conditions, 4 conditions, 1 params
4.5229 	EXP 	Created sequence: sequential, trialTypes=4, nReps=1, seed=None
4.5998 	EXP 	New trial (rep=0, index=0): {u'text': u"Welcome to the study! This lab has been developing a new machine learning algorithm, but we need humans to help confirm that the algorithm's data is correct. Your responses will be used to help us improve our algorithm."}
4.6544 	EXP 	intro_text: text = u"Welcome to the study! This lab has been developing a new machine learning algorithm, but we need humans to help confirm that the algorithm's data is correct. Your responses will be used to help us improve our algorithm."
4.6544 	EXP 	intro_text: autoDraw = True
4.6544 	EXP 	text_2: autoDraw = True
5.3384 	DATA 	Keypress: space
5.3390 	EXP 	New trial (rep=0, index=1): {u'text': u'You will be reading sentences and responding to them. A sentence with an underlined word will appear on the screen. When that happens, please fully comprehend the sentence as you read it out loud. After six seconds, the sentence will disappear and a short phrase will appear on the screen. Your job is simply to tell us whether the phrase can be a property of the underlined word.'}
5.4226 	EXP 	intro_text: autoDraw = False
5.4226 	EXP 	text_2: autoDraw = False
5.4226 	EXP 	intro_text: text = u'You will be reading sentences and responding to them. A sentence with an underlined word will appear on the screen. When that happens, please fully comprehend the sentence as you read it out loud. After six seconds, the sentence will disappear and a short phrase will appear on the screen. Your job is simply to tell us whether the phrase can be a property of the underlined word.'
5.4226 	EXP 	intro_text: autoDraw = True
5.4226 	EXP 	text_2: autoDraw = True
5.6201 	DATA 	Keypress: space
5.6206 	EXP 	New trial (rep=0, index=2): {u'text': u"If the phrase can be a property of the underlined word, press the green key. And if the phrase can't be a property of the underlined word, press the red key. Please respond as quickly as possible,but avoid making errors."}
5.6643 	EXP 	intro_text: autoDraw = False
5.6643 	EXP 	text_2: autoDraw = False
5.6643 	EXP 	intro_text: text = u"If the phrase can be a property of the underlined word, press the green key. And if the phrase can't be a property of the underlined word, press the red key. Please respond as quickly as possible,but avoid making errors."
5.6643 	EXP 	intro_text: autoDraw = True
5.6643 	EXP 	text_2: autoDraw = True
5.7610 	DATA 	Keypress: space
5.7615 	EXP 	New trial (rep=0, index=3): {u'text': u"After this slide you'll begin a practice session. If you make any mistakes an experimenter will be standing by to correct you. Just remember to read all the sentences (but not the phrases) out loud. In order to move between trials in the experiment, press the space bar. When you're ready to begin, please turn around and tell the experimenter."}
5.8240 	EXP 	intro_text: autoDraw = False
5.8240 	EXP 	text_2: autoDraw = False
5.8240 	EXP 	intro_text: text = u"After this slide you'll begin a practice session. If you make any mistakes an experimenter will be standing by to correct you. Just remember to read all the sentences (but not the phrases) out loud. In order to move between trials in the experiment, press the space bar. When you're ready to begin, please turn around and tell the experimenter."
5.8240 	EXP 	intro_text: autoDraw = True
5.8240 	EXP 	text_2: autoDraw = True
6.0242 	DATA 	Keypress: space
6.0385 	EXP 	Imported stim-prac.xlsx as conditions, 4 conditions, 3 params
6.0401 	EXP 	Created sequence: random, trialTypes=4, nReps=1, seed=None
6.0447 	EXP 	New trial (rep=0, index=0): {u'property': u'has gills', u'response': u'f', u'sentence': u'The *cheese* was growing moldy in the refrigerator.'}
6.0517 	EXP 	intro_text: autoDraw = False
6.0517 	EXP 	text_2: autoDraw = False
6.1642 	DATA 	Keypress: space
6.2022 	EXP 	sentence_stim: text = u'The *cheese* was growing moldy in the refrigerator.'
6.2022 	EXP 	property_stim: text = u'has gills'
6.3250 	DATA 	Keypress: space
6.6872 	EXP 	sentence_stim: autoDraw = True
12.6881 	EXP 	sentence_stim: autoDraw = False
12.6881 	EXP 	property_stim: autoDraw = True
13.8988 	DATA 	Keypress: j
13.9230 	EXP 	New trial (rep=0, index=1): {u'property': u'has a smell', u'response': u'j', u'sentence': u'The *skunk* was under a large willow.'}
13.9543 	EXP 	sentence_stim: autoDraw = False
13.9543 	EXP 	property_stim: autoDraw = False
16.4537 	DATA 	Keypress: escape
