0.7436 	WARNING 	Movie2 stim could not be imported and won't be available
5.4823 	EXP 	Created window1 = Window(allowGUI=False, allowStencil=False, autoLog=True, bitsMode=UNKNOWN, blendMode='avg', color=array([ 0.,  0.,  0.]), colorSpace='rgb', fullscr=UNKNOWN, gamma=None, lms=UNKNOWN, monitor=<psychopy.monitors.calibTools.Monitor instance at 0x0397E2B0>, name='window1', pos=[0, 0], screen=0, size=array([1366,  768]), stereo=False, units=u'norm', useFBO=True, viewOri=0.0, viewPos=None, viewScale=None, waitBlanking=True, winType='pyglet')
5.4823 	EXP 	window1: recordFrameIntervals = False
5.6821 	EXP 	window1: recordFrameIntervals = True
5.9034 	EXP 	window1: recordFrameIntervals = False
6.0053 	EXP 	Created intro_text = TextStim(alignHoriz='center', alignVert='center', antialias=True, autoLog=True, bold=False, color=u'white', colorSpace='named', contrast=1.0, depth=0.0, flipHoriz=False, flipVert=False, font=u'Arial', fontFiles=[], height=0.1, italic=False, name='intro_text', opacity=1.0, ori=0, pos=array([ 0. ,  0.3]), rgb=array([ 255.,  255.,  255.]), text=u'default text', units=u'norm', win=Window(...), wrapWidth=1)
6.0191 	EXP 	Created text_2 = TextStim(alignHoriz='center', alignVert='center', antialias=True, autoLog=True, bold=False, color=u'white', colorSpace='named', contrast=1.0, depth=-2.0, flipHoriz=False, flipVert=False, font=u'Arial', fontFiles=[], height=0.1, italic=False, name='text_2', opacity=1.0, ori=0, pos=array([ 0. , -0.5]), rgb=array([ 255.,  255.,  255.]), text=u'Press SPACE to continue!', units=u'norm', win=Window(...), wrapWidth=1)
6.0247 	EXP 	Created sentence_stim = TextStim(alignHoriz='center', alignVert='center', antialias=True, autoLog=True, bold=False, color=u'white', colorSpace='named', contrast=1.0, depth=0.0, flipHoriz=False, flipVert=False, font=u'Arial', fontFiles=[], height=0.1, italic=False, name='sentence_stim', opacity=1.0, ori=0, pos=array([ 0. ,  0.1]), rgb=array([ 255.,  255.,  255.]), text=u'default text', units=u'norm', win=Window(...), wrapWidth=1)
6.0302 	EXP 	Created property_stim = TextStim(alignHoriz='center', alignVert='center', antialias=True, autoLog=True, bold=False, color=u'white', colorSpace='named', contrast=1.0, depth=-1.0, flipHoriz=False, flipVert=False, font=u'Arial', fontFiles=[], height=0.1, italic=False, name='property_stim', opacity=1.0, ori=0, pos=array([ 0. , -0.1]), rgb=array([ 255.,  255.,  255.]), text=u'default text', units=u'norm', win=Window(...), wrapWidth=1)
6.0364 	EXP 	Created intro_text = TextStim(alignHoriz='center', alignVert='center', antialias=True, autoLog=True, bold=False, color=u'white', colorSpace='named', contrast=1.0, depth=0.0, flipHoriz=False, flipVert=False, font=u'Arial', fontFiles=[], height=0.1, italic=False, name='intro_text', opacity=1.0, ori=0, pos=array([ 0. ,  0.3]), rgb=array([ 255.,  255.,  255.]), text=u'default text', units=u'norm', win=Window(...), wrapWidth=1)
6.0465 	EXP 	Created text_2 = TextStim(alignHoriz='center', alignVert='center', antialias=True, autoLog=True, bold=False, color=u'white', colorSpace='named', contrast=1.0, depth=-2.0, flipHoriz=False, flipVert=False, font=u'Arial', fontFiles=[], height=0.1, italic=False, name='text_2', opacity=1.0, ori=0, pos=array([ 0. , -0.5]), rgb=array([ 255.,  255.,  255.]), text=u'Press SPACE to continue!', units=u'norm', win=Window(...), wrapWidth=1)
6.0480 	EXP 	Created text_3 = TextStim(alignHoriz='center', alignVert='center', antialias=True, autoLog=True, bold=False, color=u'white', colorSpace='named', contrast=1.0, depth=-1.0, flipHoriz=False, flipVert=False, font=u'Arial', fontFiles=[], height=0.1, italic=False, name='text_3', opacity=1.0, ori=0, pos=array([ 0.,  0.]), rgb=array([ 255.,  255.,  255.]), text='', units=u'norm', win=Window(...), wrapWidth=1)
6.0562 	EXP 	Created sentence_stim = TextStim(alignHoriz='center', alignVert='center', antialias=True, autoLog=True, bold=False, color=u'white', colorSpace='named', contrast=1.0, depth=0.0, flipHoriz=False, flipVert=False, font=u'Arial', fontFiles=[], height=0.1, italic=False, name='sentence_stim', opacity=1.0, ori=0, pos=array([ 0. ,  0.1]), rgb=array([ 255.,  255.,  255.]), text=u'default text', units=u'norm', win=Window(...), wrapWidth=1)
6.0635 	EXP 	Created property_stim = TextStim(alignHoriz='center', alignVert='center', antialias=True, autoLog=True, bold=False, color=u'white', colorSpace='named', contrast=1.0, depth=-1.0, flipHoriz=False, flipVert=False, font=u'Arial', fontFiles=[], height=0.1, italic=False, name='property_stim', opacity=1.0, ori=0, pos=array([ 0. , -0.1]), rgb=array([ 255.,  255.,  255.]), text=u'default text', units=u'norm', win=Window(...), wrapWidth=1)
6.0837 	EXP 	Created ending = TextStim(alignHoriz='center', alignVert='center', antialias=True, autoLog=True, bold=False, color=u'white', colorSpace='named', contrast=1.0, depth=0.0, flipHoriz=False, flipVert=False, font=u'Arial', fontFiles=[], height=0.1, italic=False, name='ending', opacity=1.0, ori=0, pos=array([ 0.,  0.]), rgb=array([ 255.,  255.,  255.]), text=unicode(...), units=u'norm', win=Window(...), wrapWidth=1)
6.0890 	EXP 	Imported instructions-p1.xlsx as conditions, 4 conditions, 1 params
6.0894 	EXP 	Created sequence: sequential, trialTypes=4, nReps=1, seed=None
6.1691 	EXP 	New trial (rep=0, index=0): {u'text': u"Welcome to the study! This lab has been developing a new machine learning algorithm, but we need humans to help confirm that the algorithm's data is correct. Your responses will be used to help us improve our algorithm."}
6.2257 	EXP 	intro_text: text = u"Welcome to the study! This lab has been developing a new machine learning algorithm, but we need humans to help confirm that the algorithm's data is correct. Your responses will be used to help us improve our algorithm."
6.2257 	EXP 	intro_text: autoDraw = True
6.2257 	EXP 	text_2: autoDraw = True
6.7486 	DATA 	Keypress: space
6.7492 	EXP 	New trial (rep=0, index=1): {u'text': u'You will be reading sentences and responding to them. A sentence with an underlined word will appear on the screen. When that happens, please fully comprehend the sentence as you read it out loud. After six seconds, the sentence will disappear and a short phrase will appear on the screen. Your job is simply to tell us whether the phrase can be a property of the underlined word.'}
6.8273 	EXP 	intro_text: autoDraw = False
6.8273 	EXP 	text_2: autoDraw = False
6.8273 	EXP 	intro_text: text = u'You will be reading sentences and responding to them. A sentence with an underlined word will appear on the screen. When that happens, please fully comprehend the sentence as you read it out loud. After six seconds, the sentence will disappear and a short phrase will appear on the screen. Your job is simply to tell us whether the phrase can be a property of the underlined word.'
6.8273 	EXP 	intro_text: autoDraw = True
6.8273 	EXP 	text_2: autoDraw = True
6.9700 	DATA 	Keypress: space
6.9706 	EXP 	New trial (rep=0, index=2): {u'text': u"If the phrase can be a property of the underlined word, press the green key. And if the phrase can't be a property of the underlined word, press the red key. Please respond as quickly as possible,but avoid making errors."}
7.0286 	EXP 	intro_text: autoDraw = False
7.0286 	EXP 	text_2: autoDraw = False
7.0286 	EXP 	intro_text: text = u"If the phrase can be a property of the underlined word, press the green key. And if the phrase can't be a property of the underlined word, press the red key. Please respond as quickly as possible,but avoid making errors."
7.0286 	EXP 	intro_text: autoDraw = True
7.0286 	EXP 	text_2: autoDraw = True
7.3336 	DATA 	Keypress: space
7.3343 	EXP 	New trial (rep=0, index=3): {u'text': u"After this slide you'll begin a practice session. If you make any mistakes an experimenter will be standing by to correct you. Just remember to read all the sentences (but not the phrases) out loud. In order to move between trials in the experiment, press the space bar. When you're ready to begin, please turn around and tell the experimenter."}
7.4139 	EXP 	intro_text: autoDraw = False
7.4139 	EXP 	text_2: autoDraw = False
7.4139 	EXP 	intro_text: text = u"After this slide you'll begin a practice session. If you make any mistakes an experimenter will be standing by to correct you. Just remember to read all the sentences (but not the phrases) out loud. In order to move between trials in the experiment, press the space bar. When you're ready to begin, please turn around and tell the experimenter."
7.4139 	EXP 	intro_text: autoDraw = True
7.4139 	EXP 	text_2: autoDraw = True
7.7757 	DATA 	Keypress: space
7.7823 	EXP 	Imported stim-prac.xlsx as conditions, 4 conditions, 3 params
7.7830 	EXP 	Created sequence: random, trialTypes=4, nReps=1, seed=None
7.7858 	EXP 	New trial (rep=0, index=0): {u'property': u'has gills', u'response': u'f', u'sentence': u'The *cheese* was growing moldy in the refrigerator.'}
7.7958 	EXP 	intro_text: autoDraw = False
7.7958 	EXP 	text_2: autoDraw = False
7.9368 	DATA 	Keypress: space
7.9702 	EXP 	sentence_stim: text = u'The *cheese* was growing moldy in the refrigerator.'
7.9702 	EXP 	property_stim: text = u'has gills'
8.1178 	DATA 	Keypress: space
8.4623 	EXP 	sentence_stim: autoDraw = True
14.4616 	EXP 	sentence_stim: autoDraw = False
14.4616 	EXP 	property_stim: autoDraw = True
14.8452 	DATA 	Keypress: f
14.8473 	EXP 	New trial (rep=0, index=1): {u'property': u'can be tied in a knot', u'response': u'f', u'sentence': u'The *refrigerator* was set to a low temperature to cool the beer.'}
14.8639 	EXP 	sentence_stim: autoDraw = False
14.8639 	EXP 	property_stim: autoDraw = False
15.2464 	DATA 	Keypress: space
15.2887 	EXP 	sentence_stim: text = u'The *refrigerator* was set to a low temperature to cool the beer.'
15.2887 	EXP 	property_stim: text = u'can be tied in a knot'
15.7706 	EXP 	sentence_stim: autoDraw = True
15.7909 	DATA 	Keypress: space
21.7712 	EXP 	sentence_stim: autoDraw = False
21.7712 	EXP 	property_stim: autoDraw = True
22.1943 	DATA 	Keypress: f
22.1955 	EXP 	New trial (rep=0, index=2): {u'property': u'can contain money', u'response': u'j', u'sentence': u'The *bank* was robbed by three bandits.'}
22.2144 	EXP 	sentence_stim: autoDraw = False
22.2144 	EXP 	property_stim: autoDraw = False
22.4967 	DATA 	Keypress: space
22.5290 	EXP 	sentence_stim: text = u'The *bank* was robbed by three bandits.'
22.5290 	EXP 	property_stim: text = u'can contain money'
23.0199 	EXP 	sentence_stim: autoDraw = True
29.0199 	EXP 	sentence_stim: autoDraw = False
29.0199 	EXP 	property_stim: autoDraw = True
29.4020 	DATA 	Keypress: f
29.4028 	EXP 	New trial (rep=0, index=3): {u'property': u'has a smell', u'response': u'j', u'sentence': u'The *skunk* was under a large willow.'}
29.4229 	EXP 	sentence_stim: autoDraw = False
29.4229 	EXP 	property_stim: autoDraw = False
29.5850 	DATA 	Keypress: space
29.6195 	EXP 	sentence_stim: text = u'The *skunk* was under a large willow.'
29.6195 	EXP 	property_stim: text = u'has a smell'
30.1076 	EXP 	sentence_stim: autoDraw = True
36.1075 	EXP 	sentence_stim: autoDraw = False
36.1075 	EXP 	property_stim: autoDraw = True
36.6328 	DATA 	Keypress: f
36.6388 	EXP 	Imported instructions-p2.xlsx as conditions, 1 conditions, 1 params
36.6395 	EXP 	Created sequence: sequential, trialTypes=1, nReps=1, seed=None
36.6420 	EXP 	New trial (rep=0, index=0): {u'text': u'That was the practice session. The following session will have exactly the same format, except that you will not be given feedback about whether your answers were correct. When you are ready to begin or have any questions, please turn around and inform the experimenter.'}
36.6953 	EXP 	sentence_stim: autoDraw = False
36.6953 	EXP 	property_stim: autoDraw = False
36.6953 	EXP 	intro_text: text = u'That was the practice session. The following session will have exactly the same format, except that you will not be given feedback about whether your answers were correct. When you are ready to begin or have any questions, please turn around and inform the experimenter.'
36.6953 	EXP 	intro_text: autoDraw = True
36.6953 	EXP 	text_2: autoDraw = True
36.9544 	DATA 	Keypress: space
36.9743 	EXP 	intro_text: autoDraw = False
36.9743 	EXP 	text_2: autoDraw = False
36.9743 	EXP 	text_3: autoDraw = True
38.3242 	DATA 	Keypress: space
40.4984 	DATA 	Keypress: space
41.4042 	DATA 	Keypress: space
41.6667 	DATA 	Keypress: space
41.8276 	DATA 	Keypress: space
41.9874 	DATA 	Keypress: space
42.1298 	DATA 	Keypress: space
42.3114 	DATA 	Keypress: space
42.4737 	DATA 	Keypress: space
42.9549 	DATA 	Keypress: l
42.9636 	EXP 	Imported stim-test.xlsx as conditions, 4 conditions, 2 params
42.9641 	EXP 	Created sequence: random, trialTypes=4, nReps=1, seed=None
42.9665 	EXP 	New trial (rep=0, index=0): {u'property': u'has gills', u'sentence': u'The cheese was growing moldy in the refrigerator.'}
42.9743 	EXP 	text_3: autoDraw = False
45.0888 	DATA 	Keypress: l
45.4314 	DATA 	Keypress: l
45.6548 	DATA 	Keypress: l
45.9146 	DATA 	Keypress: k
46.1771 	DATA 	Keypress: l
46.3783 	DATA 	Keypress: k
46.5593 	DATA 	Keypress: l
46.7208 	DATA 	Keypress: space
46.7583 	EXP 	sentence_stim: text = u'The cheese was growing moldy in the refrigerator.'
46.7583 	EXP 	property_stim: text = u'has gills'
46.8412 	DATA 	Keypress: k
47.0431 	DATA 	Keypress: l
47.2431 	EXP 	sentence_stim: autoDraw = True
47.2836 	DATA 	Keypress: l
47.2838 	DATA 	Keypress: k
50.4058 	DATA 	Keypress: j
53.2450 	EXP 	sentence_stim: autoDraw = False
53.2450 	EXP 	property_stim: autoDraw = True
53.7078 	DATA 	Keypress: j
53.7088 	EXP 	New trial (rep=0, index=1): {u'property': u'has a smell', u'sentence': u'The skunk was under a large willow.'}
53.7278 	EXP 	sentence_stim: autoDraw = False
53.7278 	EXP 	property_stim: autoDraw = False
54.5328 	DATA 	Keypress: j
54.7340 	DATA 	Keypress: j
54.9355 	DATA 	Keypress: j
55.3793 	DATA 	Keypress: escape
