0.7297 	WARNING 	Movie2 stim could not be imported and won't be available
3.8809 	EXP 	Created window1 = Window(allowGUI=False, allowStencil=False, autoLog=True, bitsMode=UNKNOWN, blendMode='avg', color=array([ 0.,  0.,  0.]), colorSpace='rgb', fullscr=UNKNOWN, gamma=None, lms=UNKNOWN, monitor=<psychopy.monitors.calibTools.Monitor instance at 0x03AB72B0>, name='window1', pos=[0, 0], screen=0, size=array([1366,  768]), stereo=False, units=u'norm', useFBO=True, viewOri=0.0, viewPos=None, viewScale=None, waitBlanking=True, winType='pyglet')
3.8809 	EXP 	window1: recordFrameIntervals = False
4.0810 	EXP 	window1: recordFrameIntervals = True
4.5029 	EXP 	window1: recordFrameIntervals = False
4.5978 	EXP 	Created intro_text = TextStim(alignHoriz='center', alignVert='center', antialias=True, autoLog=True, bold=False, color=u'white', colorSpace='named', contrast=1.0, depth=0.0, flipHoriz=False, flipVert=False, font=u'Arial', fontFiles=[], height=0.1, italic=False, name='intro_text', opacity=1.0, ori=0, pos=array([ 0. ,  0.3]), rgb=array([ 255.,  255.,  255.]), text=u'default text', units=u'norm', win=Window(...), wrapWidth=1)
4.6111 	EXP 	Created text_2 = TextStim(alignHoriz='center', alignVert='center', antialias=True, autoLog=True, bold=False, color=u'white', colorSpace='named', contrast=1.0, depth=-2.0, flipHoriz=False, flipVert=False, font=u'Arial', fontFiles=[], height=0.1, italic=False, name='text_2', opacity=1.0, ori=0, pos=array([ 0. , -0.5]), rgb=array([ 255.,  255.,  255.]), text=u'Press SPACE to continue!', units=u'norm', win=Window(...), wrapWidth=1)
4.6167 	EXP 	Created sentence_stim = TextStim(alignHoriz='center', alignVert='center', antialias=True, autoLog=True, bold=False, color=u'white', colorSpace='named', contrast=1.0, depth=0.0, flipHoriz=False, flipVert=False, font=u'Arial', fontFiles=[], height=0.1, italic=False, name='sentence_stim', opacity=1.0, ori=0, pos=array([ 0. ,  0.1]), rgb=array([ 255.,  255.,  255.]), text=u'default text', units=u'norm', win=Window(...), wrapWidth=1)
4.6221 	EXP 	Created property_stim = TextStim(alignHoriz='center', alignVert='center', antialias=True, autoLog=True, bold=False, color=u'white', colorSpace='named', contrast=1.0, depth=-1.0, flipHoriz=False, flipVert=False, font=u'Arial', fontFiles=[], height=0.1, italic=False, name='property_stim', opacity=1.0, ori=0, pos=array([ 0. , -0.1]), rgb=array([ 255.,  255.,  255.]), text=u'default text', units=u'norm', win=Window(...), wrapWidth=1)
4.6281 	EXP 	Created intro_text = TextStim(alignHoriz='center', alignVert='center', antialias=True, autoLog=True, bold=False, color=u'white', colorSpace='named', contrast=1.0, depth=0.0, flipHoriz=False, flipVert=False, font=u'Arial', fontFiles=[], height=0.1, italic=False, name='intro_text', opacity=1.0, ori=0, pos=array([ 0. ,  0.3]), rgb=array([ 255.,  255.,  255.]), text=u'default text', units=u'norm', win=Window(...), wrapWidth=1)
4.6354 	EXP 	Created text_2 = TextStim(alignHoriz='center', alignVert='center', antialias=True, autoLog=True, bold=False, color=u'white', colorSpace='named', contrast=1.0, depth=-2.0, flipHoriz=False, flipVert=False, font=u'Arial', fontFiles=[], height=0.1, italic=False, name='text_2', opacity=1.0, ori=0, pos=array([ 0. , -0.5]), rgb=array([ 255.,  255.,  255.]), text=u'Press SPACE to continue!', units=u'norm', win=Window(...), wrapWidth=1)
4.6363 	EXP 	Created text_3 = TextStim(alignHoriz='center', alignVert='center', antialias=True, autoLog=True, bold=False, color=u'white', colorSpace='named', contrast=1.0, depth=-1.0, flipHoriz=False, flipVert=False, font=u'Arial', fontFiles=[], height=0.1, italic=False, name='text_3', opacity=1.0, ori=0, pos=array([ 0.,  0.]), rgb=array([ 255.,  255.,  255.]), text='', units=u'norm', win=Window(...), wrapWidth=1)
4.6419 	EXP 	Created sentence_stim = TextStim(alignHoriz='center', alignVert='center', antialias=True, autoLog=True, bold=False, color=u'white', colorSpace='named', contrast=1.0, depth=0.0, flipHoriz=False, flipVert=False, font=u'Arial', fontFiles=[], height=0.1, italic=False, name='sentence_stim', opacity=1.0, ori=0, pos=array([ 0. ,  0.1]), rgb=array([ 255.,  255.,  255.]), text=u'default text', units=u'norm', win=Window(...), wrapWidth=1)
4.6476 	EXP 	Created property_stim = TextStim(alignHoriz='center', alignVert='center', antialias=True, autoLog=True, bold=False, color=u'white', colorSpace='named', contrast=1.0, depth=-1.0, flipHoriz=False, flipVert=False, font=u'Arial', fontFiles=[], height=0.1, italic=False, name='property_stim', opacity=1.0, ori=0, pos=array([ 0. , -0.1]), rgb=array([ 255.,  255.,  255.]), text=u'default text', units=u'norm', win=Window(...), wrapWidth=1)
4.6675 	EXP 	Created ending = TextStim(alignHoriz='center', alignVert='center', antialias=True, autoLog=True, bold=False, color=u'white', colorSpace='named', contrast=1.0, depth=0.0, flipHoriz=False, flipVert=False, font=u'Arial', fontFiles=[], height=0.1, italic=False, name='ending', opacity=1.0, ori=0, pos=array([ 0.,  0.]), rgb=array([ 255.,  255.,  255.]), text=unicode(...), units=u'norm', win=Window(...), wrapWidth=1)
4.6727 	EXP 	Imported instructions-p1.xlsx as conditions, 4 conditions, 1 params
4.6731 	EXP 	Created sequence: sequential, trialTypes=4, nReps=1, seed=None
4.7544 	EXP 	New trial (rep=0, index=0): {u'text': u"Welcome to the study! This lab has been developing a new machine learning algorithm, but we need humans to help confirm that the algorithm's data is correct. Your responses will be used to help us improve our algorithm."}
4.8276 	EXP 	intro_text: text = u"Welcome to the study! This lab has been developing a new machine learning algorithm, but we need humans to help confirm that the algorithm's data is correct. Your responses will be used to help us improve our algorithm."
4.8276 	EXP 	intro_text: autoDraw = True
4.8276 	EXP 	text_2: autoDraw = True
5.0488 	DATA 	Keypress: space
5.0498 	EXP 	New trial (rep=0, index=1): {u'text': u'You will be reading sentences and responding to them. A sentence with an underlined word will appear on the screen. When that happens, please fully comprehend the sentence as you read it out loud. After six seconds, the sentence will disappear and a short phrase will appear on the screen. Your job is simply to tell us whether the phrase can be a property of the underlined word.'}
5.1237 	EXP 	intro_text: autoDraw = False
5.1237 	EXP 	text_2: autoDraw = False
5.1237 	EXP 	intro_text: text = u'You will be reading sentences and responding to them. A sentence with an underlined word will appear on the screen. When that happens, please fully comprehend the sentence as you read it out loud. After six seconds, the sentence will disappear and a short phrase will appear on the screen. Your job is simply to tell us whether the phrase can be a property of the underlined word.'
5.1237 	EXP 	intro_text: autoDraw = True
5.1237 	EXP 	text_2: autoDraw = True
5.9343 	DATA 	Keypress: space
5.9355 	EXP 	New trial (rep=0, index=2): {u'text': u"If the phrase can be a property of the underlined word, press the green key. And if the phrase can't be a property of the underlined word, press the red key. Please respond as quickly as possible,but avoid making errors."}
6.0057 	EXP 	intro_text: autoDraw = False
6.0057 	EXP 	text_2: autoDraw = False
6.0057 	EXP 	intro_text: text = u"If the phrase can be a property of the underlined word, press the green key. And if the phrase can't be a property of the underlined word, press the red key. Please respond as quickly as possible,but avoid making errors."
6.0057 	EXP 	intro_text: autoDraw = True
6.0057 	EXP 	text_2: autoDraw = True
6.2364 	DATA 	Keypress: space
6.2374 	EXP 	New trial (rep=0, index=3): {u'text': u"After this slide you'll begin a practice session. If you make any mistakes an experimenter will be standing by to correct you. Just remember to read all the sentences (but not the phrases) out loud. In order to move between trials in the experiment, press the space bar. When you're ready to begin, please turn around and tell the experimenter."}
6.3082 	EXP 	intro_text: autoDraw = False
6.3082 	EXP 	text_2: autoDraw = False
6.3082 	EXP 	intro_text: text = u"After this slide you'll begin a practice session. If you make any mistakes an experimenter will be standing by to correct you. Just remember to read all the sentences (but not the phrases) out loud. In order to move between trials in the experiment, press the space bar. When you're ready to begin, please turn around and tell the experimenter."
6.3082 	EXP 	intro_text: autoDraw = True
6.3082 	EXP 	text_2: autoDraw = True
6.5367 	DATA 	Keypress: space
6.5407 	EXP 	Imported stim-prac.xlsx as conditions, 4 conditions, 3 params
6.5412 	EXP 	Created sequence: random, trialTypes=4, nReps=1, seed=None
6.5425 	EXP 	New trial (rep=0, index=0): {u'property': u'can be tied in a knot', u'response': u'f', u'sentence': u'The *refrigerator* was set to a low temperature to cool the beer.'}
6.5572 	EXP 	intro_text: autoDraw = False
6.5572 	EXP 	text_2: autoDraw = False
6.8194 	DATA 	Keypress: space
6.8465 	EXP 	sentence_stim: text = u'The *refrigerator* was set to a low temperature to cool the beer.'
6.8465 	EXP 	property_stim: text = u'can be tied in a knot'
7.3423 	EXP 	sentence_stim: autoDraw = True
13.3433 	EXP 	sentence_stim: autoDraw = False
13.3433 	EXP 	property_stim: autoDraw = True
16.6055 	DATA 	Keypress: j
16.6080 	EXP 	New trial (rep=0, index=1): {u'property': u'has gills', u'response': u'f', u'sentence': u'The *cheese* was growing moldy in the refrigerator.'}
16.6250 	EXP 	sentence_stim: autoDraw = False
16.6250 	EXP 	property_stim: autoDraw = False
16.6466 	DATA 	Keypress: f
18.8812 	DATA 	Keypress: space
18.9024 	EXP 	sentence_stim: text = u'The *cheese* was growing moldy in the refrigerator.'
18.9024 	EXP 	property_stim: text = u'has gills'
19.4043 	EXP 	sentence_stim: autoDraw = True
19.4250 	DATA 	Keypress: escape
