0.7561 	WARNING 	Movie2 stim could not be imported and won't be available
4.0908 	EXP 	Created window1 = Window(allowGUI=False, allowStencil=False, autoLog=True, bitsMode=UNKNOWN, blendMode='avg', color=array([ 0.,  0.,  0.]), colorSpace='rgb', fullscr=UNKNOWN, gamma=None, lms=UNKNOWN, monitor=<psychopy.monitors.calibTools.Monitor instance at 0x038BF2B0>, name='window1', pos=[0, 0], screen=0, size=array([1366,  768]), stereo=False, units=u'norm', useFBO=True, viewOri=0.0, viewPos=None, viewScale=None, waitBlanking=True, winType='pyglet')
4.0909 	EXP 	window1: recordFrameIntervals = False
4.3115 	EXP 	window1: recordFrameIntervals = True
4.5325 	EXP 	window1: recordFrameIntervals = False
4.6414 	EXP 	Created intro_text = TextStim(alignHoriz='center', alignVert='center', antialias=True, autoLog=True, bold=False, color=u'white', colorSpace='named', contrast=1.0, depth=0.0, flipHoriz=False, flipVert=False, font=u'Arial', fontFiles=[], height=0.1, italic=False, name='intro_text', opacity=1.0, ori=0, pos=array([ 0. ,  0.3]), rgb=array([ 255.,  255.,  255.]), text=u'default text', units=u'norm', win=Window(...), wrapWidth=1)
4.6551 	EXP 	Created text_2 = TextStim(alignHoriz='center', alignVert='center', antialias=True, autoLog=True, bold=False, color=u'white', colorSpace='named', contrast=1.0, depth=-2.0, flipHoriz=False, flipVert=False, font=u'Arial', fontFiles=[], height=0.1, italic=False, name='text_2', opacity=1.0, ori=0, pos=array([ 0. , -0.5]), rgb=array([ 255.,  255.,  255.]), text=u'Press SPACE to continue!', units=u'norm', win=Window(...), wrapWidth=1)
4.6606 	EXP 	Created sentence_stim = TextStim(alignHoriz='center', alignVert='center', antialias=True, autoLog=True, bold=False, color=u'white', colorSpace='named', contrast=1.0, depth=0.0, flipHoriz=False, flipVert=False, font=u'Arial', fontFiles=[], height=0.1, italic=False, name='sentence_stim', opacity=1.0, ori=0, pos=array([ 0. ,  0.1]), rgb=array([ 255.,  255.,  255.]), text=u'default text', units=u'norm', win=Window(...), wrapWidth=1)
4.6661 	EXP 	Created property_stim = TextStim(alignHoriz='center', alignVert='center', antialias=True, autoLog=True, bold=False, color=u'white', colorSpace='named', contrast=1.0, depth=-1.0, flipHoriz=False, flipVert=False, font=u'Arial', fontFiles=[], height=0.1, italic=False, name='property_stim', opacity=1.0, ori=0, pos=array([ 0. , -0.1]), rgb=array([ 255.,  255.,  255.]), text=u'default text', units=u'norm', win=Window(...), wrapWidth=1)
4.6718 	EXP 	Created intro_text = TextStim(alignHoriz='center', alignVert='center', antialias=True, autoLog=True, bold=False, color=u'white', colorSpace='named', contrast=1.0, depth=0.0, flipHoriz=False, flipVert=False, font=u'Arial', fontFiles=[], height=0.1, italic=False, name='intro_text', opacity=1.0, ori=0, pos=array([ 0. ,  0.3]), rgb=array([ 255.,  255.,  255.]), text=u'default text', units=u'norm', win=Window(...), wrapWidth=1)
4.6790 	EXP 	Created text_2 = TextStim(alignHoriz='center', alignVert='center', antialias=True, autoLog=True, bold=False, color=u'white', colorSpace='named', contrast=1.0, depth=-2.0, flipHoriz=False, flipVert=False, font=u'Arial', fontFiles=[], height=0.1, italic=False, name='text_2', opacity=1.0, ori=0, pos=array([ 0. , -0.5]), rgb=array([ 255.,  255.,  255.]), text=u'Press SPACE to continue!', units=u'norm', win=Window(...), wrapWidth=1)
4.6799 	EXP 	Created text_3 = TextStim(alignHoriz='center', alignVert='center', antialias=True, autoLog=True, bold=False, color=u'white', colorSpace='named', contrast=1.0, depth=-1.0, flipHoriz=False, flipVert=False, font=u'Arial', fontFiles=[], height=0.1, italic=False, name='text_3', opacity=1.0, ori=0, pos=array([ 0.,  0.]), rgb=array([ 255.,  255.,  255.]), text='', units=u'norm', win=Window(...), wrapWidth=1)
4.6854 	EXP 	Created sentence_stim = TextStim(alignHoriz='center', alignVert='center', antialias=True, autoLog=True, bold=False, color=u'white', colorSpace='named', contrast=1.0, depth=0.0, flipHoriz=False, flipVert=False, font=u'Arial', fontFiles=[], height=0.1, italic=False, name='sentence_stim', opacity=1.0, ori=0, pos=array([ 0. ,  0.1]), rgb=array([ 255.,  255.,  255.]), text=u'default text', units=u'norm', win=Window(...), wrapWidth=1)
4.6912 	EXP 	Created property_stim = TextStim(alignHoriz='center', alignVert='center', antialias=True, autoLog=True, bold=False, color=u'white', colorSpace='named', contrast=1.0, depth=-1.0, flipHoriz=False, flipVert=False, font=u'Arial', fontFiles=[], height=0.1, italic=False, name='property_stim', opacity=1.0, ori=0, pos=array([ 0. , -0.1]), rgb=array([ 255.,  255.,  255.]), text=u'default text', units=u'norm', win=Window(...), wrapWidth=1)
4.7114 	EXP 	Created ending = TextStim(alignHoriz='center', alignVert='center', antialias=True, autoLog=True, bold=False, color=u'white', colorSpace='named', contrast=1.0, depth=0.0, flipHoriz=False, flipVert=False, font=u'Arial', fontFiles=[], height=0.1, italic=False, name='ending', opacity=1.0, ori=0, pos=array([ 0.,  0.]), rgb=array([ 255.,  255.,  255.]), text=unicode(...), units=u'norm', win=Window(...), wrapWidth=1)
4.7165 	EXP 	Imported instructions-p1.xlsx as conditions, 4 conditions, 1 params
4.7169 	EXP 	Created sequence: sequential, trialTypes=4, nReps=1, seed=None
4.8158 	EXP 	New trial (rep=0, index=0): {u'text': u"Welcome to the study! This lab has been developing a new machine learning algorithm, but we need humans to help confirm that the algorithm's data is correct. Your responses will be used to help us improve our algorithm."}
4.8726 	EXP 	intro_text: text = u"Welcome to the study! This lab has been developing a new machine learning algorithm, but we need humans to help confirm that the algorithm's data is correct. Your responses will be used to help us improve our algorithm."
4.8726 	EXP 	intro_text: autoDraw = True
4.8726 	EXP 	text_2: autoDraw = True
5.1770 	DATA 	Keypress: space
5.1778 	EXP 	New trial (rep=0, index=1): {u'text': u'You will be reading sentences and responding to them. A sentence with an underlined word will appear on the screen. When that happens, please fully comprehend the sentence as you read it out loud. After six seconds, the sentence will disappear and a short phrase will appear on the screen. Your job is simply to tell us whether the phrase can be a property of the underlined word.'}
5.2619 	EXP 	intro_text: autoDraw = False
5.2619 	EXP 	text_2: autoDraw = False
5.2619 	EXP 	intro_text: text = u'You will be reading sentences and responding to them. A sentence with an underlined word will appear on the screen. When that happens, please fully comprehend the sentence as you read it out loud. After six seconds, the sentence will disappear and a short phrase will appear on the screen. Your job is simply to tell us whether the phrase can be a property of the underlined word.'
5.2619 	EXP 	intro_text: autoDraw = True
5.2619 	EXP 	text_2: autoDraw = True
5.2976 	DATA 	Keypress: space
5.2980 	EXP 	New trial (rep=0, index=2): {u'text': u"If the phrase can be a property of the underlined word, press the green key. And if the phrase can't be a property of the underlined word, press the red key. Please respond as quickly as possible,but avoid making errors."}
5.3409 	EXP 	intro_text: autoDraw = False
5.3409 	EXP 	text_2: autoDraw = False
5.3409 	EXP 	intro_text: text = u"If the phrase can be a property of the underlined word, press the green key. And if the phrase can't be a property of the underlined word, press the red key. Please respond as quickly as possible,but avoid making errors."
5.3409 	EXP 	intro_text: autoDraw = True
5.3409 	EXP 	text_2: autoDraw = True
5.4183 	DATA 	Keypress: space
5.4188 	EXP 	New trial (rep=0, index=3): {u'text': u"After this slide you'll begin a practice session. If you make any mistakes an experimenter will be standing by to correct you. Just remember to read all the sentences (but not the phrases) out loud. In order to move between trials in the experiment, press the space bar. When you're ready to begin, please turn around and tell the experimenter."}
5.4841 	EXP 	intro_text: autoDraw = False
5.4841 	EXP 	text_2: autoDraw = False
5.4841 	EXP 	intro_text: text = u"After this slide you'll begin a practice session. If you make any mistakes an experimenter will be standing by to correct you. Just remember to read all the sentences (but not the phrases) out loud. In order to move between trials in the experiment, press the space bar. When you're ready to begin, please turn around and tell the experimenter."
5.4841 	EXP 	intro_text: autoDraw = True
5.4841 	EXP 	text_2: autoDraw = True
5.5803 	DATA 	Keypress: space
5.5856 	EXP 	Imported stim-prac.xlsx as conditions, 4 conditions, 3 params
5.5860 	EXP 	Created sequence: random, trialTypes=4, nReps=1, seed=None
5.5876 	EXP 	New trial (rep=0, index=0): {u'property': u'can contain money', u'response': u'j', u'sentence': u'The *bank* was robbed by three bandits.'}
5.6001 	EXP 	intro_text: autoDraw = False
5.6001 	EXP 	text_2: autoDraw = False
5.7015 	DATA 	Keypress: space
5.7435 	EXP 	sentence_stim: text = u'The *bank* was robbed by three bandits.'
5.7435 	EXP 	property_stim: text = u'can contain money'
5.8617 	DATA 	Keypress: space
6.2247 	EXP 	sentence_stim: autoDraw = True
12.2251 	EXP 	sentence_stim: autoDraw = False
12.2251 	EXP 	property_stim: autoDraw = True
12.6900 	DATA 	Keypress: j
12.6914 	EXP 	New trial (rep=0, index=1): {u'property': u'can be tied in a knot', u'response': u'f', u'sentence': u'The *refrigerator* was set to a low temperature to cool the beer.'}
12.7075 	EXP 	sentence_stim: autoDraw = False
12.7075 	EXP 	property_stim: autoDraw = False
14.5010 	DATA 	Keypress: space
14.5471 	EXP 	sentence_stim: text = u'The *refrigerator* was set to a low temperature to cool the beer.'
14.5471 	EXP 	property_stim: text = u'can be tied in a knot'
15.0248 	EXP 	sentence_stim: autoDraw = True
21.0050 	EXP 	sentence_stim: autoDraw = False
21.0239 	EXP 	property_stim: autoDraw = True
21.5479 	DATA 	Keypress: j
21.5513 	EXP 	New trial (rep=0, index=2): {u'property': u'has gills', u'response': u'f', u'sentence': u'The *cheese* was growing moldy in the refrigerator.'}
21.5686 	EXP 	sentence_stim: autoDraw = False
21.5686 	EXP 	property_stim: autoDraw = False
22.8166 	DATA 	Keypress: space
22.8405 	EXP 	sentence_stim: text = u'The *cheese* was growing moldy in the refrigerator.'
22.8405 	EXP 	property_stim: text = u'has gills'
23.3403 	EXP 	sentence_stim: autoDraw = True
23.7851 	DATA 	Keypress: space
29.3417 	EXP 	sentence_stim: autoDraw = False
29.3417 	EXP 	property_stim: autoDraw = True
29.7646 	DATA 	Keypress: j
29.7669 	EXP 	New trial (rep=0, index=3): {u'property': u'has a smell', u'response': u'j', u'sentence': u'The *skunk* was under a large willow.'}
29.7852 	EXP 	sentence_stim: autoDraw = False
29.7852 	EXP 	property_stim: autoDraw = False
30.6506 	DATA 	Keypress: space
30.6939 	EXP 	sentence_stim: text = u'The *skunk* was under a large willow.'
30.6939 	EXP 	property_stim: text = u'has a smell'
31.1741 	EXP 	sentence_stim: autoDraw = True
37.1737 	EXP 	sentence_stim: autoDraw = False
37.1737 	EXP 	property_stim: autoDraw = True
37.6582 	DATA 	Keypress: j
37.6684 	EXP 	Imported instructions-p2.xlsx as conditions, 1 conditions, 1 params
37.6691 	EXP 	Created sequence: sequential, trialTypes=1, nReps=1, seed=None
37.6717 	EXP 	New trial (rep=0, index=0): {u'text': u'That was the practice session. The following session will have exactly the same format, except that you will not be given feedback about whether your answers were correct. When you are ready to begin or have any questions, please turn around and inform the experimenter.'}
37.7360 	EXP 	sentence_stim: autoDraw = False
37.7360 	EXP 	property_stim: autoDraw = False
37.7360 	EXP 	intro_text: text = u'That was the practice session. The following session will have exactly the same format, except that you will not be given feedback about whether your answers were correct. When you are ready to begin or have any questions, please turn around and inform the experimenter.'
37.7360 	EXP 	intro_text: autoDraw = True
37.7360 	EXP 	text_2: autoDraw = True
40.5171 	DATA 	Keypress: space
40.5368 	EXP 	intro_text: autoDraw = False
40.5368 	EXP 	text_2: autoDraw = False
40.5368 	EXP 	text_3: autoDraw = True
41.1213 	DATA 	Keypress: space
41.9875 	DATA 	Keypress: l
41.9953 	EXP 	Imported stim-test.xlsx as conditions, 4 conditions, 2 params
41.9958 	EXP 	Created sequence: random, trialTypes=4, nReps=1, seed=None
41.9970 	EXP 	New trial (rep=0, index=0): {u'property': u'can contain money', u'sentence': u'The bank was robbed by three bandits.'}
42.0077 	EXP 	text_3: autoDraw = False
43.3576 	DATA 	Keypress: l
43.4772 	DATA 	Keypress: space
43.5134 	EXP 	sentence_stim: text = u'The bank was robbed by three bandits.'
43.5134 	EXP 	property_stim: text = u'can contain money'
43.9805 	DATA 	Keypress: l
44.0015 	EXP 	sentence_stim: autoDraw = True
44.1422 	DATA 	Keypress: space
45.3301 	DATA 	Keypress: l
45.4505 	DATA 	Keypress: space
46.5783 	DATA 	Keypress: escape
