0.8008 	WARNING 	Movie2 stim could not be imported and won't be available
4.1877 	EXP 	Created window1 = Window(allowGUI=False, allowStencil=False, autoLog=True, bitsMode=UNKNOWN, blendMode='avg', color=array([ 0.,  0.,  0.]), colorSpace='rgb', fullscr=UNKNOWN, gamma=None, lms=UNKNOWN, monitor=<psychopy.monitors.calibTools.Monitor instance at 0x039B3210>, name='window1', pos=[0, 0], screen=0, size=array([1366,  768]), stereo=False, units=u'norm', useFBO=True, viewOri=0.0, viewPos=None, viewScale=None, waitBlanking=True, winType='pyglet')
4.1877 	EXP 	window1: recordFrameIntervals = False
4.3864 	EXP 	window1: recordFrameIntervals = True
4.6083 	EXP 	window1: recordFrameIntervals = False
4.6953 	EXP 	Created intro_text = TextStim(alignHoriz='center', alignVert='center', antialias=True, autoLog=True, bold=False, color='white', colorSpace='named', contrast=1.0, depth=0.0, flipHoriz=False, flipVert=False, font='Arial', fontFiles=[], height=0.1, italic=False, name='intro_text', opacity=1.0, ori=0, pos=array([ 0. ,  0.3]), rgb=array([ 255.,  255.,  255.]), text=u'default text', units=u'norm', win=Window(...), wrapWidth=1)
4.7084 	EXP 	Created text_2 = TextStim(alignHoriz='center', alignVert='center', antialias=True, autoLog=True, bold=False, color='white', colorSpace='named', contrast=1.0, depth=-2.0, flipHoriz=False, flipVert=False, font='Arial', fontFiles=[], height=0.1, italic=False, name='text_2', opacity=1.0, ori=0, pos=array([ 0. , -0.5]), rgb=array([ 255.,  255.,  255.]), text=u'Press SPACE to continue!', units=u'norm', win=Window(...), wrapWidth=1)
4.7139 	EXP 	Created sentence_stim = TextStim(alignHoriz='center', alignVert='center', antialias=True, autoLog=True, bold=False, color='white', colorSpace='named', contrast=1.0, depth=0.0, flipHoriz=False, flipVert=False, font='Arial', fontFiles=[], height=0.1, italic=False, name='sentence_stim', opacity=1.0, ori=0, pos=array([ 0. ,  0.1]), rgb=array([ 255.,  255.,  255.]), text=u'default text', units=u'norm', win=Window(...), wrapWidth=1)
4.7194 	EXP 	Created property_stim = TextStim(alignHoriz='center', alignVert='center', antialias=True, autoLog=True, bold=False, color='white', colorSpace='named', contrast=1.0, depth=-1.0, flipHoriz=False, flipVert=False, font='Arial', fontFiles=[], height=0.1, italic=False, name='property_stim', opacity=1.0, ori=0, pos=array([ 0. , -0.1]), rgb=array([ 255.,  255.,  255.]), text=u'default text', units=u'norm', win=Window(...), wrapWidth=1)
4.8532 	EXP 	Set  sound=sound.wav
4.8533 	EXP 	Set Sound  volume=1.000
4.8594 	EXP 	Created intro_text = TextStim(alignHoriz='center', alignVert='center', antialias=True, autoLog=True, bold=False, color='white', colorSpace='named', contrast=1.0, depth=0.0, flipHoriz=False, flipVert=False, font='Arial', fontFiles=[], height=0.1, italic=False, name='intro_text', opacity=1.0, ori=0, pos=array([ 0. ,  0.3]), rgb=array([ 255.,  255.,  255.]), text=u'default text', units=u'norm', win=Window(...), wrapWidth=1)
4.8667 	EXP 	Created text_2 = TextStim(alignHoriz='center', alignVert='center', antialias=True, autoLog=True, bold=False, color='white', colorSpace='named', contrast=1.0, depth=-2.0, flipHoriz=False, flipVert=False, font='Arial', fontFiles=[], height=0.1, italic=False, name='text_2', opacity=1.0, ori=0, pos=array([ 0. , -0.5]), rgb=array([ 255.,  255.,  255.]), text=u'Press SPACE to continue!', units=u'norm', win=Window(...), wrapWidth=1)
4.8676 	EXP 	Created text_3 = TextStim(alignHoriz='center', alignVert='center', antialias=True, autoLog=True, bold=False, color='white', colorSpace='named', contrast=1.0, depth=-1.0, flipHoriz=False, flipVert=False, font='Arial', fontFiles=[], height=0.1, italic=False, name='text_3', opacity=1.0, ori=0, pos=array([ 0.,  0.]), rgb=array([ 255.,  255.,  255.]), text='', units=u'norm', win=Window(...), wrapWidth=1)
4.8734 	EXP 	Created sentence_stim = TextStim(alignHoriz='center', alignVert='center', antialias=True, autoLog=True, bold=False, color='white', colorSpace='named', contrast=1.0, depth=0.0, flipHoriz=False, flipVert=False, font='Arial', fontFiles=[], height=0.1, italic=False, name='sentence_stim', opacity=1.0, ori=0, pos=array([ 0. ,  0.1]), rgb=array([ 255.,  255.,  255.]), text=u'default text', units=u'norm', win=Window(...), wrapWidth=1)
4.8790 	EXP 	Created property_stim = TextStim(alignHoriz='center', alignVert='center', antialias=True, autoLog=True, bold=False, color='white', colorSpace='named', contrast=1.0, depth=-1.0, flipHoriz=False, flipVert=False, font='Arial', fontFiles=[], height=0.1, italic=False, name='property_stim', opacity=1.0, ori=0, pos=array([ 0. , -0.1]), rgb=array([ 255.,  255.,  255.]), text=u'default text', units=u'norm', win=Window(...), wrapWidth=1)
4.8796 	EXP 	Set  sound=sound.wav
4.8796 	EXP 	Set Sound  volume=1.000
4.9003 	EXP 	Created ending = TextStim(alignHoriz='center', alignVert='center', antialias=True, autoLog=True, bold=False, color='white', colorSpace='named', contrast=1.0, depth=0.0, flipHoriz=False, flipVert=False, font='Arial', fontFiles=[], height=0.1, italic=False, name='ending', opacity=1.0, ori=0, pos=array([ 0.,  0.]), rgb=array([ 255.,  255.,  255.]), text=unicode(...), units=u'norm', win=Window(...), wrapWidth=1)
4.9056 	EXP 	Imported instructions-p1.xlsx as conditions, 4 conditions, 1 params
4.9060 	EXP 	Created sequence: sequential, trialTypes=4, nReps=1, seed=None
4.9970 	EXP 	New trial (rep=0, index=0): {u'text': u"Welcome to the study! This lab has been developing a new machine learning algorithm, but we need humans to help confirm that the algorithm's data is correct. Your responses will be used to help us improve our algorithm."}
5.0522 	EXP 	intro_text: text = u"Welcome to the study! This lab has been developing a new machine learning algorithm, but we need humans to help confirm that the algorithm's data is correct. Your responses will be used to help us improve our algorithm."
5.0522 	EXP 	intro_text: autoDraw = True
5.0522 	EXP 	text_2: autoDraw = True
5.6146 	DATA 	Keypress: space
5.6152 	EXP 	New trial (rep=0, index=1): {u'text': u'You will be reading sentences and responding to them. A sentence with an underlined word will appear on the screen. When that happens, please fully comprehend the sentence as you read it out loud. After six seconds, the sentence will disappear and a short phrase will appear on the screen. Your job is simply to tell us whether the phrase can be a property of the underlined word.'}
5.6870 	EXP 	intro_text: autoDraw = False
5.6870 	EXP 	text_2: autoDraw = False
5.6870 	EXP 	intro_text: text = u'You will be reading sentences and responding to them. A sentence with an underlined word will appear on the screen. When that happens, please fully comprehend the sentence as you read it out loud. After six seconds, the sentence will disappear and a short phrase will appear on the screen. Your job is simply to tell us whether the phrase can be a property of the underlined word.'
5.6870 	EXP 	intro_text: autoDraw = True
5.6870 	EXP 	text_2: autoDraw = True
5.8578 	DATA 	Keypress: space
5.8590 	EXP 	New trial (rep=0, index=2): {u'text': u"If the phrase can be a property of the underlined word, press the green key. And if the phrase can't be a property of the underlined word, press the red key. Please respond as quickly as possible,but avoid making errors."}
5.9288 	EXP 	intro_text: autoDraw = False
5.9288 	EXP 	text_2: autoDraw = False
5.9288 	EXP 	intro_text: text = u"If the phrase can be a property of the underlined word, press the green key. And if the phrase can't be a property of the underlined word, press the red key. Please respond as quickly as possible,but avoid making errors."
5.9288 	EXP 	intro_text: autoDraw = True
5.9288 	EXP 	text_2: autoDraw = True
6.0995 	DATA 	Keypress: space
6.1007 	EXP 	New trial (rep=0, index=3): {u'text': u"After this slide you'll begin a practice session. If you make any mistakes an experimenter will be standing by to correct you. Just remember to read all the sentences (but not the phrases) out loud. In order to move between trials in the experiment, press the space bar. When you're ready to begin, please turn around and tell the experimenter."}
6.1876 	EXP 	intro_text: autoDraw = False
6.1876 	EXP 	text_2: autoDraw = False
6.1876 	EXP 	intro_text: text = u"After this slide you'll begin a practice session. If you make any mistakes an experimenter will be standing by to correct you. Just remember to read all the sentences (but not the phrases) out loud. In order to move between trials in the experiment, press the space bar. When you're ready to begin, please turn around and tell the experimenter."
6.1876 	EXP 	intro_text: autoDraw = True
6.1876 	EXP 	text_2: autoDraw = True
6.4061 	DATA 	Keypress: space
6.4265 	EXP 	Imported stim-prac.xlsx as conditions, 4 conditions, 3 params
6.4269 	EXP 	Created sequence: random, trialTypes=4, nReps=1, seed=None
6.4283 	EXP 	New trial (rep=0, index=0): {u'property': u'has a smell', u'response': u'j', u'sentence': u'The *skunk* was under a large willow.'}
6.4493 	EXP 	intro_text: autoDraw = False
6.4493 	EXP 	text_2: autoDraw = False
6.4493 	EXP 	sentence_stim: text = u'The *skunk* was under a large willow.'
6.4493 	EXP 	property_stim: text = u'has a smell'
6.9650 	EXP 	sentence_stim: autoDraw = True
12.9451 	EXP 	sentence_stim: autoDraw = False
12.9686 	EXP 	property_stim: autoDraw = True
14.0752 	DATA 	Keypress: j
16.5687 	DATA 	Keypress: space
16.5696 	EXP 	New trial (rep=0, index=1): {u'property': u'has gills', u'response': u'f', u'sentence': u'The *cheese* was growing moldy in the refrigerator.'}
16.5919 	EXP 	sentence_stim: autoDraw = False
16.5919 	EXP 	property_stim: autoDraw = False
16.5919 	EXP 	sentence_stim: text = u'The *cheese* was growing moldy in the refrigerator.'
16.5919 	EXP 	property_stim: text = u'has gills'
17.0933 	EXP 	sentence_stim: autoDraw = True
23.0339 	DATA 	Keypress: space
23.0930 	EXP 	sentence_stim: autoDraw = False
23.0930 	EXP 	property_stim: autoDraw = True
23.5776 	DATA 	Keypress: space
23.7785 	DATA 	Keypress: space
23.9805 	DATA 	Keypress: space
24.4637 	DATA 	Keypress: space
24.6442 	DATA 	Keypress: space
24.8059 	DATA 	Keypress: space
24.9672 	DATA 	Keypress: space
25.0882 	DATA 	Keypress: space
25.2286 	DATA 	Keypress: space
25.3897 	DATA 	Keypress: space
25.5302 	DATA 	Keypress: space
25.8530 	DATA 	Keypress: space
27.2429 	DATA 	Keypress: space
27.6247 	DATA 	Keypress: j
27.6446 	EXP 	Sound  started
28.2500 	DATA 	Keypress: escape
