3.1899 	EXP 	Set Window color=[ 0.  0.  0.] (rgb)
4.1615 	EXP 	Created Instructions = TextStim(alignHoriz='center', alignVert='center', antialias=True, autoLog=True, bold=False, color=u'white', colorSpace='named', contrast=1.0, depth=0.0, flipHoriz=False, flipVert=False, font=UNKNOWN, fontFiles=UNKNOWN, height=39, italic=False, name='Instructions', opacity=1.0, ori=0, pos=array([ 0.,  0.]), rgb=array([ 255.,  255.,  255.]), text=u'default text', units=u'cm', win=Window(...), wrapWidth=UNKNOWN)
4.1700 	EXP 	Created argument_words = TextStim(alignHoriz='center', alignVert='center', antialias=True, autoLog=True, bold=False, color=u'white', colorSpace='named', contrast=1.0, depth=0.0, flipHoriz=False, flipVert=False, font=UNKNOWN, fontFiles=UNKNOWN, height=4, italic=False, name='argument_words', opacity=1.0, ori=0, pos=array([ 0.,  0.]), rgb=array([ 255.,  255.,  255.]), text=u'default text', units=u'cm', win=Window(...), wrapWidth=UNKNOWN)
4.1830 	EXP 	Created responsee = TextStim(alignHoriz='center', alignVert='center', antialias=True, autoLog=True, bold=False, color=u'white', colorSpace='named', contrast=1.0, depth=0.0, flipHoriz=False, flipVert=False, font=UNKNOWN, fontFiles=UNKNOWN, height=43, italic=False, name='responsee', opacity=1.0, ori=0, pos=array([ 0.,  0.]), rgb=array([ 255.,  255.,  255.]), text=u'make a response', units=u'norm', win=Window(...), wrapWidth=UNKNOWN)
4.2064 	EXP 	Created End = TextStim(alignHoriz='center', alignVert='center', antialias=True, autoLog=True, bold=False, color=u'white', colorSpace='named', contrast=1.0, depth=0.0, flipHoriz=False, flipVert=False, font=UNKNOWN, fontFiles=UNKNOWN, height=117, italic=False, name='End', opacity=1.0, ori=0, pos=array([ 0.,  0.]), rgb=array([ 255.,  255.,  255.]), text=unicode(...), units=u'cm', win=Window(...), wrapWidth=UNKNOWN)
4.2069 	EXP 	Imported instructions.csv as conditions, 2 conditions, 1 params
4.2072 	EXP 	Created sequence: sequential, trialTypes=2, nReps=1, seed=None
4.2078 	EXP 	New trial (rep=0, index=0): {'text': u'Instructions 1!'}
4.2416 	EXP 	TextStim: autoLog = None
4.2416 	EXP 	TextStim: autoLog = None
4.2416 	EXP 	TextStim: autoLog = None
4.2416 	EXP 	TextStim: autoLog = None
4.2416 	EXP 	Set Instructions text=Instructions 1!
4.2416 	EXP 	TextStim: autoDraw = None
5.4268 	DATA 	Keypress: space
5.4282 	EXP 	New trial (rep=0, index=1): {'text': u'Instructions 2!'}
5.4665 	EXP 	TextStim: autoDraw = None
5.4665 	EXP 	Set Instructions text=Instructions 2!
5.4665 	EXP 	TextStim: autoDraw = None
5.8094 	DATA 	Keypress: space
5.8108 	EXP 	Imported arguments.csv as conditions, 2 conditions, 1 params
5.8120 	EXP 	Created sequence: random, trialTypes=2, nReps=1, seed=None
5.8136 	EXP 	New trial (rep=0, index=0): {'argument': u'"messy_01.csv"'}
