1.1239 	WARNING 	Movie2 stim could not be imported and won't be available
5.0780 	EXP 	Created window1 = Window(allowGUI=False, allowStencil=False, autoLog=True, bitsMode=UNKNOWN, blendMode='avg', color=array([ 0.,  0.,  0.]), colorSpace='rgb', fullscr=UNKNOWN, gamma=None, lms=UNKNOWN, monitor=<psychopy.monitors.calibTools.Monitor instance at 0x0399B1E8>, name='window1', pos=[0, 0], screen=0, size=array([1366,  768]), stereo=False, units=u'norm', useFBO=True, viewOri=0.0, viewPos=None, viewScale=None, waitBlanking=True, winType='pyglet')
5.0781 	EXP 	window1: recordFrameIntervals = False
5.2754 	EXP 	window1: recordFrameIntervals = True
5.4983 	EXP 	window1: recordFrameIntervals = False
5.6881 	EXP 	Created intro_text = TextStim(alignHoriz='center', alignVert='center', antialias=True, autoLog=True, bold=False, color='white', colorSpace='named', contrast=1.0, depth=0.0, flipHoriz=False, flipVert=False, font='Arial', fontFiles=[], height=0.1, italic=False, name='intro_text', opacity=1.0, ori=0, pos=array([ 0. ,  0.3]), rgb=array([ 255.,  255.,  255.]), text=u'default text', units=u'norm', win=Window(...), wrapWidth=1)
5.7082 	EXP 	Created text_2 = TextStim(alignHoriz='center', alignVert='center', antialias=True, autoLog=True, bold=False, color='white', colorSpace='named', contrast=1.0, depth=-2.0, flipHoriz=False, flipVert=False, font='Arial', fontFiles=[], height=0.1, italic=False, name='text_2', opacity=1.0, ori=0, pos=array([ 0. , -0.5]), rgb=array([ 255.,  255.,  255.]), text=u'Press SPACE to continue!', units=u'norm', win=Window(...), wrapWidth=1)
5.7143 	EXP 	Created sentence_stim = TextStim(alignHoriz='center', alignVert='center', antialias=True, autoLog=True, bold=False, color='white', colorSpace='named', contrast=1.0, depth=0.0, flipHoriz=False, flipVert=False, font='Arial', fontFiles=[], height=0.1, italic=False, name='sentence_stim', opacity=1.0, ori=0, pos=array([ 0. ,  0.1]), rgb=array([ 255.,  255.,  255.]), text=u'default text', units=u'norm', win=Window(...), wrapWidth=1)
5.7198 	EXP 	Created property_stim = TextStim(alignHoriz='center', alignVert='center', antialias=True, autoLog=True, bold=False, color='white', colorSpace='named', contrast=1.0, depth=-1.0, flipHoriz=False, flipVert=False, font='Arial', fontFiles=[], height=0.1, italic=False, name='property_stim', opacity=1.0, ori=0, pos=array([ 0. , -0.1]), rgb=array([ 255.,  255.,  255.]), text=u'default text', units=u'norm', win=Window(...), wrapWidth=1)
5.9078 	EXP 	Set  sound=sound.wav
5.9079 	EXP 	Set Sound  volume=1.000
5.9259 	EXP 	Created intro_text = TextStim(alignHoriz='center', alignVert='center', antialias=True, autoLog=True, bold=False, color='white', colorSpace='named', contrast=1.0, depth=0.0, flipHoriz=False, flipVert=False, font='Arial', fontFiles=[], height=0.1, italic=False, name='intro_text', opacity=1.0, ori=0, pos=array([ 0. ,  0.3]), rgb=array([ 255.,  255.,  255.]), text=u'default text', units=u'norm', win=Window(...), wrapWidth=1)
5.9415 	EXP 	Created text_2 = TextStim(alignHoriz='center', alignVert='center', antialias=True, autoLog=True, bold=False, color='white', colorSpace='named', contrast=1.0, depth=-2.0, flipHoriz=False, flipVert=False, font='Arial', fontFiles=[], height=0.1, italic=False, name='text_2', opacity=1.0, ori=0, pos=array([ 0. , -0.5]), rgb=array([ 255.,  255.,  255.]), text=u'Press SPACE to continue!', units=u'norm', win=Window(...), wrapWidth=1)
5.9435 	EXP 	Created text_3 = TextStim(alignHoriz='center', alignVert='center', antialias=True, autoLog=True, bold=False, color='white', colorSpace='named', contrast=1.0, depth=-1.0, flipHoriz=False, flipVert=False, font='Arial', fontFiles=[], height=0.1, italic=False, name='text_3', opacity=1.0, ori=0, pos=array([ 0.,  0.]), rgb=array([ 255.,  255.,  255.]), text='', units=u'norm', win=Window(...), wrapWidth=1)
5.9529 	EXP 	Created sentence_stim = TextStim(alignHoriz='center', alignVert='center', antialias=True, autoLog=True, bold=False, color='white', colorSpace='named', contrast=1.0, depth=0.0, flipHoriz=False, flipVert=False, font='Arial', fontFiles=[], height=0.1, italic=False, name='sentence_stim', opacity=1.0, ori=0, pos=array([ 0. ,  0.1]), rgb=array([ 255.,  255.,  255.]), text=u'default text', units=u'norm', win=Window(...), wrapWidth=1)
5.9598 	EXP 	Created property_stim = TextStim(alignHoriz='center', alignVert='center', antialias=True, autoLog=True, bold=False, color='white', colorSpace='named', contrast=1.0, depth=-1.0, flipHoriz=False, flipVert=False, font='Arial', fontFiles=[], height=0.1, italic=False, name='property_stim', opacity=1.0, ori=0, pos=array([ 0. , -0.1]), rgb=array([ 255.,  255.,  255.]), text=u'default text', units=u'norm', win=Window(...), wrapWidth=1)
5.9601 	EXP 	Set  sound=sound.wav
5.9601 	EXP 	Set Sound  volume=1.000
5.9843 	EXP 	Created ending = TextStim(alignHoriz='center', alignVert='center', antialias=True, autoLog=True, bold=False, color='white', colorSpace='named', contrast=1.0, depth=0.0, flipHoriz=False, flipVert=False, font='Arial', fontFiles=[], height=0.1, italic=False, name='ending', opacity=1.0, ori=0, pos=array([ 0.,  0.]), rgb=array([ 255.,  255.,  255.]), text=unicode(...), units=u'norm', win=Window(...), wrapWidth=1)
5.9895 	EXP 	Imported instructions-p1.xlsx as conditions, 4 conditions, 1 params
5.9917 	EXP 	Created sequence: sequential, trialTypes=4, nReps=1, seed=None
5.9924 	EXP 	New trial (rep=0, index=0): {u'text': u"Welcome to the study! This lab has been developing a new machine learning algorithm, but we need humans to help confirm that the algorithm's data is correct. Your responses will be used to help us improve our algorithm."}
6.0459 	EXP 	intro_text: text = u"Welcome to the study! This lab has been developing a new machine learning algorithm, but we need humans to help confirm that the algorithm's data is correct. Your responses will be used to help us improve our algorithm."
6.0459 	EXP 	intro_text: autoDraw = True
6.0459 	EXP 	text_2: autoDraw = True
19.2092 	DATA 	Keypress: space
19.2100 	EXP 	New trial (rep=0, index=1): {u'text': u'You will be reading sentences and responding to them. A sentence with an underlined word will appear on the screen. When that happens, please fully comprehend the sentence as you read it out loud. After six seconds, the sentence will disappear and a short phrase will appear on the screen. Your job is simply to tell us whether the phrase can be a property of the underlined word.'}
19.2989 	EXP 	intro_text: autoDraw = False
19.2989 	EXP 	text_2: autoDraw = False
19.2989 	EXP 	intro_text: text = u'You will be reading sentences and responding to them. A sentence with an underlined word will appear on the screen. When that happens, please fully comprehend the sentence as you read it out loud. After six seconds, the sentence will disappear and a short phrase will appear on the screen. Your job is simply to tell us whether the phrase can be a property of the underlined word.'
19.2989 	EXP 	intro_text: autoDraw = True
19.2989 	EXP 	text_2: autoDraw = True
20.1772 	DATA 	Keypress: space
20.1786 	EXP 	New trial (rep=0, index=2): {u'text': u"If the phrase can be a property of the underlined word, press the green key. And if the phrase can't be a property of the underlined word, press the red key. Please respond as quickly as possible,but avoid making errors."}
20.2781 	EXP 	intro_text: autoDraw = False
20.2781 	EXP 	text_2: autoDraw = False
20.2781 	EXP 	intro_text: text = u"If the phrase can be a property of the underlined word, press the green key. And if the phrase can't be a property of the underlined word, press the red key. Please respond as quickly as possible,but avoid making errors."
20.2781 	EXP 	intro_text: autoDraw = True
20.2781 	EXP 	text_2: autoDraw = True
20.8820 	DATA 	Keypress: space
20.8834 	EXP 	New trial (rep=0, index=3): {u'text': u"After this slide you'll begin a practice session. If you make any mistakes an experimenter will be standing by to correct you. Just remember to read all the sentences (but not the phrases) out loud. In order to move between trials in the experiment, press the space bar. When you're ready to begin, please turn around and tell the experimenter."}
20.9807 	EXP 	intro_text: autoDraw = False
20.9807 	EXP 	text_2: autoDraw = False
20.9807 	EXP 	intro_text: text = u"After this slide you'll begin a practice session. If you make any mistakes an experimenter will be standing by to correct you. Just remember to read all the sentences (but not the phrases) out loud. In order to move between trials in the experiment, press the space bar. When you're ready to begin, please turn around and tell the experimenter."
20.9807 	EXP 	intro_text: autoDraw = True
20.9807 	EXP 	text_2: autoDraw = True
22.7934 	DATA 	Keypress: space
22.8002 	EXP 	Imported stim-prac.xlsx as conditions, 4 conditions, 3 params
22.8026 	EXP 	Created sequence: random, trialTypes=4, nReps=1, seed=None
22.8037 	EXP 	New trial (rep=0, index=0): {u'property': u'can contain money', u'response': u'j', u'sentence': u'The *bank* was robbed by three bandits.'}
22.8364 	EXP 	intro_text: autoDraw = False
22.8364 	EXP 	text_2: autoDraw = False
22.8364 	EXP 	sentence_stim: text = u'The *bank* was robbed by three bandits.'
22.8364 	EXP 	property_stim: text = u'can contain money'
23.3378 	EXP 	sentence_stim: autoDraw = True
29.3174 	EXP 	sentence_stim: autoDraw = False
29.3375 	EXP 	property_stim: autoDraw = True
49.8163 	DATA 	Keypress: j
52.4552 	DATA 	Keypress: space
54.2286 	DATA 	Keypress: j
54.6531 	DATA 	Keypress: space
55.4758 	DATA 	Keypress: space
55.7375 	DATA 	Keypress: space
56.6435 	DATA 	Keypress: space
56.8641 	DATA 	Keypress: space
57.0278 	DATA 	Keypress: space
57.4284 	DATA 	Keypress: j
57.6578 	DATA 	Keypress: j
58.2551 	DATA 	Keypress: f
58.2750 	EXP 	Sound  started
58.6577 	DATA 	Keypress: space
59.2814 	EXP 	Sound  stopped
59.9707 	DATA 	Keypress: space
61.0752 	DATA 	Keypress: j
61.2356 	DATA 	Keypress: j
61.5377 	DATA 	Keypress: j
61.5379 	DATA 	Keypress: f
61.7576 	DATA 	Keypress: j
61.7577 	DATA 	Keypress: f
63.4112 	DATA 	Keypress: escape
