1.2677 	WARNING 	Movie2 stim could not be imported and won't be available
6.7433 	EXP 	Created window1 = Window(allowGUI=False, allowStencil=False, autoLog=True, bitsMode=UNKNOWN, blendMode='avg', color=array([ 0.,  0.,  0.]), colorSpace='rgb', fullscr=UNKNOWN, gamma=None, lms=UNKNOWN, monitor=<psychopy.monitors.calibTools.Monitor instance at 0x03A622B0>, name='window1', pos=[0, 0], screen=0, size=array([1366,  768]), stereo=False, units=u'norm', useFBO=True, viewOri=0.0, viewPos=None, viewScale=None, waitBlanking=True, winType='pyglet')
6.7434 	EXP 	window1: recordFrameIntervals = False
6.9408 	EXP 	window1: recordFrameIntervals = True
7.0168 	WARNING 	t of last frame was 35.47ms (=1/28)
7.2247 	EXP 	window1: recordFrameIntervals = False
7.3988 	EXP 	Created Instructions = TextStim(alignHoriz='center', alignVert='center', antialias=True, autoLog=True, bold=False, color='white', colorSpace='named', contrast=1.0, depth=0.0, flipHoriz=False, flipVert=False, font='Arial', fontFiles=[], height=1, italic=False, name='Instructions', opacity=1.0, ori=0, pos=array([ 0.,  5.]), rgb=array([ 255.,  255.,  255.]), text=u'default text', units='cm', win=Window(...), wrapWidth=35)
7.4112 	EXP 	Created Space_Continue = TextStim(alignHoriz='center', alignVert='center', antialias=True, autoLog=True, bold=False, color='white', colorSpace='named', contrast=1.0, depth=-2.0, flipHoriz=False, flipVert=False, font='Arial', fontFiles=[], height=1, italic=False, name='Space_Continue', opacity=1.0, ori=0, pos=array([ 0., -7.]), rgb=array([ 255.,  255.,  255.]), text=u'Press SPACE to continue', units='cm', win=Window(...), wrapWidth=35)
7.4201 	EXP 	Created Instr_Pic = ImageStim(autoLog=True, color=array([ 1.,  1.,  1.]), colorSpace='rgb', contrast=1.0, depth=-3.0, flipHoriz=False, flipVert=False, image='sin', interpolate=False, mask=None, maskParams=None, name='Instr_Pic', opacity=1.0, ori=0.0, pos=array([ 0.,  0.]), size=array([ 0.5,  0.5]), texRes=128, units=u'norm', win=Window(...))
7.4214 	EXP 	Created text_2 = TextStim(alignHoriz='center', alignVert='center', antialias=True, autoLog=True, bold=False, color='white', colorSpace='named', contrast=1.0, depth=0.0, flipHoriz=False, flipVert=False, font='Arial', fontFiles=[], height=0.1, italic=False, name='text_2', opacity=1.0, ori=0, pos=array([ 0.,  0.]), rgb=array([ 255.,  255.,  255.]), text='', units=u'norm', win=Window(...), wrapWidth=1)
7.4248 	EXP 	Created text_image = ImageStim(autoLog=True, color=array([ 1.,  1.,  1.]), colorSpace='rgb', contrast=1.0, depth=0.0, flipHoriz=False, flipVert=False, image='sin', interpolate=False, mask=None, maskParams=None, name='text_image', opacity=1.0, ori=0.0, pos=array([ 0.,  0.]), size=array([ 0.25 ,  0.125]), texRes=128, units=u'norm', win=Window(...))
7.4317 	EXP 	Created question_text = TextStim(alignHoriz='center', alignVert='center', antialias=True, autoLog=True, bold=False, color='white', colorSpace='named', contrast=1.0, depth=0.0, flipHoriz=False, flipVert=False, font='Arial', fontFiles=[], height=1, italic=False, name='question_text', opacity=1.0, ori=0, pos=array([ 0.,  0.]), rgb=array([ 255.,  255.,  255.]), text=u'default text', units='cm', win=Window(...), wrapWidth=35)
7.4550 	EXP 	Created text_3 = TextStim(alignHoriz='center', alignVert='center', antialias=True, autoLog=True, bold=False, color='white', colorSpace='named', contrast=1.0, depth=0.0, flipHoriz=False, flipVert=False, font='Arial', fontFiles=[], height=0.1, italic=False, name='text_3', opacity=1.0, ori=0, pos=array([ 0.,  0.]), rgb=array([ 255.,  255.,  255.]), text=unicode(...), units=u'norm', win=Window(...), wrapWidth=1)
7.4816 	EXP 	Created End = TextStim(alignHoriz='center', alignVert='center', antialias=True, autoLog=True, bold=False, color='white', colorSpace='named', contrast=1.0, depth=0.0, flipHoriz=False, flipVert=False, font='Arial', fontFiles=[], height=1, italic=False, name='End', opacity=1.0, ori=0, pos=array([ 0.,  0.]), rgb=array([ 255.,  255.,  255.]), text=unicode(...), units='cm', win=Window(...), wrapWidth=35)
7.4878 	EXP 	Imported instructions.xlsx as conditions, 6 conditions, 3 params
7.4887 	EXP 	Created sequence: sequential, trialTypes=6, nReps=1, seed=None
7.4894 	EXP 	New trial (rep=0, index=0): {u'text': u'We are piloting a new method for group-grading exam questions. In this first section you will be reading aloud several arguments taken from LAW 204, Written and Oral Advocacy, taught at the UC Berkeley Law School.', u'image': u'nothing.jpg', u'pos': [20, 20]}
7.5316 	ERROR 	Only 2D textures are supported at the moment
7.5488 	EXP 	Instructions: text = u'We are piloting a new method for group-grading exam questions. In this first section you will be reading aloud several arguments taken from LAW 204, Written and Oral Advocacy, taught at the UC Berkeley Law School.'
7.5488 	EXP 	Instr_Pic: pos = array([ 20.,  20.])
7.5488 	EXP 	Instr_Pic: image = u'nothing.jpg'
7.5488 	EXP 	Instructions: autoDraw = True
7.5488 	EXP 	Space_Continue: autoDraw = True
7.5488 	EXP 	Instr_Pic: autoDraw = True
10.2849 	DATA 	Keypress: space
10.2862 	EXP 	New trial (rep=0, index=1): {u'text': u'You will read through student responses taken from the essay portion of the midterm exam. In order to give an objective analysis, you will be asked to read the essay responses aloud. In addition, sentences from each essay response will be presented phrase-by-phrase, not all at once.', u'image': u'nothing.jpg', u'pos': [20, 20]}
10.4085 	ERROR 	Only 2D textures are supported at the moment
10.4185 	EXP 	Instructions: autoDraw = False
10.4185 	EXP 	Space_Continue: autoDraw = False
10.4185 	EXP 	Instr_Pic: autoDraw = False
10.4185 	EXP 	Instructions: text = u'You will read through student responses taken from the essay portion of the midterm exam. In order to give an objective analysis, you will be asked to read the essay responses aloud. In addition, sentences from each essay response will be presented phrase-by-phrase, not all at once.'
10.4185 	EXP 	Instr_Pic: pos = array([ 20.,  20.])
10.4185 	EXP 	Instr_Pic: image = u'nothing.jpg'
10.4185 	EXP 	Instructions: autoDraw = True
10.4185 	EXP 	Space_Continue: autoDraw = True
10.4185 	EXP 	Instr_Pic: autoDraw = True
11.0511 	DATA 	Keypress: space
11.0527 	EXP 	New trial (rep=0, index=2): {u'text': u'Handwriting has been cropped and digitized into snippets like the one below, each of which contain individual phrases:', u'image': u'words\\example.jpg', u'pos': [0, 0]}
11.1141 	EXP 	Instructions: autoDraw = False
11.1141 	EXP 	Space_Continue: autoDraw = False
11.1141 	EXP 	Instr_Pic: autoDraw = False
11.1141 	EXP 	Instructions: text = u'Handwriting has been cropped and digitized into snippets like the one below, each of which contain individual phrases:'
11.1141 	EXP 	Instr_Pic: pos = array([ 0.,  0.])
11.1141 	EXP 	Instr_Pic: image = u'words\\example.jpg'
11.1141 	EXP 	Instructions: autoDraw = True
11.1141 	EXP 	Space_Continue: autoDraw = True
11.1141 	EXP 	Instr_Pic: autoDraw = True
12.1017 	DATA 	Keypress: space
12.1029 	EXP 	New trial (rep=0, index=3): {u'text': u'These snippets of text will appear on the screen for only one second each. When each phrase appears please read it out loud.', u'image': u'nothing.jpg', u'pos': [20, 20]}
12.1614 	ERROR 	Only 2D textures are supported at the moment
12.1702 	EXP 	Instructions: autoDraw = False
12.1702 	EXP 	Space_Continue: autoDraw = False
12.1702 	EXP 	Instr_Pic: autoDraw = False
12.1702 	EXP 	Instructions: text = u'These snippets of text will appear on the screen for only one second each. When each phrase appears please read it out loud.'
12.1702 	EXP 	Instr_Pic: pos = array([ 20.,  20.])
12.1702 	EXP 	Instr_Pic: image = u'nothing.jpg'
12.1702 	EXP 	Instructions: autoDraw = True
12.1702 	EXP 	Space_Continue: autoDraw = True
12.1702 	EXP 	Instr_Pic: autoDraw = True
12.6595 	DATA 	Keypress: space
12.6600 	EXP 	New trial (rep=0, index=4): {u'text': u'After you have read through each argument, you will be asked several questions about the complete argument. Please try to answer these questions as objectively as possible, as if you were a teaching assistant grading this exam.', u'image': u'nothing.jpg', u'pos': [20, 20]}
12.6954 	ERROR 	Only 2D textures are supported at the moment
12.7041 	EXP 	Instructions: autoDraw = False
12.7041 	EXP 	Space_Continue: autoDraw = False
12.7041 	EXP 	Instr_Pic: autoDraw = False
12.7041 	EXP 	Instructions: text = u'After you have read through each argument, you will be asked several questions about the complete argument. Please try to answer these questions as objectively as possible, as if you were a teaching assistant grading this exam.'
12.7041 	EXP 	Instr_Pic: pos = array([ 20.,  20.])
12.7041 	EXP 	Instr_Pic: image = u'nothing.jpg'
12.7041 	EXP 	Instructions: autoDraw = True
12.7041 	EXP 	Space_Continue: autoDraw = True
12.7041 	EXP 	Instr_Pic: autoDraw = True
13.2447 	DATA 	Keypress: space
13.2460 	EXP 	New trial (rep=0, index=5): {u'text': u"After this slide you'll begin a practice session in order to familiarize yourself with how to evaluate these arguments. An experimenter will stand by to correct you if you make any mistakes. If you have any questions, please ask the experimenter now.", u'image': u'nothing.jpg', u'pos': [20, 20]}
13.3206 	ERROR 	Only 2D textures are supported at the moment
13.3282 	EXP 	Instructions: autoDraw = False
13.3282 	EXP 	Space_Continue: autoDraw = False
13.3282 	EXP 	Instr_Pic: autoDraw = False
13.3282 	EXP 	Instructions: text = u"After this slide you'll begin a practice session in order to familiarize yourself with how to evaluate these arguments. An experimenter will stand by to correct you if you make any mistakes. If you have any questions, please ask the experimenter now."
13.3282 	EXP 	Instr_Pic: pos = array([ 20.,  20.])
13.3282 	EXP 	Instr_Pic: image = u'nothing.jpg'
13.3282 	EXP 	Instructions: autoDraw = True
13.3282 	EXP 	Space_Continue: autoDraw = True
13.3282 	EXP 	Instr_Pic: autoDraw = True
13.6504 	DATA 	Keypress: space
13.6888 	EXP 	Instructions: autoDraw = False
13.6888 	EXP 	Space_Continue: autoDraw = False
13.6888 	EXP 	Instr_Pic: autoDraw = False
13.6888 	EXP 	text_2: autoDraw = True
15.1594 	EXP 	Imported arguments.csv as conditions, 3 conditions, 1 params
15.1612 	EXP 	Created sequence: random, trialTypes=3, nReps=1, seed=None
15.1629 	EXP 	New trial (rep=0, index=0): {'argument': u'"arg2clean.csv"'}
15.1666 	EXP 	Imported arg2clean.csv as conditions, 49 conditions, 1 params
15.1694 	EXP 	Created sequence: sequential, trialTypes=49, nReps=1, seed=None
15.1711 	EXP 	New trial (rep=0, index=0): {'words': u'"words\\arg2clean\\1.png"'}
15.1855 	EXP 	text_2: autoDraw = False
15.1855 	EXP 	text_2: autoDraw = False
15.1855 	EXP 	text_image: image = u'words\\arg2clean\\1.png'
15.1855 	EXP 	text_image: autoDraw = True
16.1669 	EXP 	New trial (rep=0, index=1): {'words': u'"words\\arg2clean\\2.png"'}
16.1842 	EXP 	text_image: autoDraw = False
16.1842 	EXP 	text_image: autoDraw = False
16.1842 	EXP 	text_image: image = u'words\\arg2clean\\2.png'
16.1842 	EXP 	text_image: autoDraw = True
17.1738 	EXP 	New trial (rep=0, index=2): {'words': u'"words\\arg2clean\\3.png"'}
17.1950 	EXP 	text_image: autoDraw = False
17.1950 	EXP 	text_image: image = u'words\\arg2clean\\3.png'
17.1950 	EXP 	text_image: autoDraw = True
18.1800 	EXP 	New trial (rep=0, index=3): {'words': u'"words\\arg2clean\\4.png"'}
18.1980 	EXP 	text_image: autoDraw = False
18.1980 	EXP 	text_image: image = u'words\\arg2clean\\4.png'
18.1980 	EXP 	text_image: autoDraw = True
19.1856 	EXP 	New trial (rep=0, index=4): {'words': u'"words\\arg2clean\\5.png"'}
19.2067 	EXP 	text_image: autoDraw = False
19.2067 	EXP 	text_image: image = u'words\\arg2clean\\5.png'
19.2067 	EXP 	text_image: autoDraw = True
20.1722 	EXP 	New trial (rep=0, index=5): {'words': u'"words\\arg2clean\\6.png"'}
20.1913 	EXP 	text_image: autoDraw = False
20.1913 	EXP 	text_image: autoDraw = False
20.1913 	EXP 	text_image: image = u'words\\arg2clean\\6.png'
20.1913 	EXP 	text_image: autoDraw = True
21.1593 	EXP 	New trial (rep=0, index=6): {'words': u'"words\\arg2clean\\7.png"'}
21.1783 	EXP 	text_image: autoDraw = False
21.1783 	EXP 	text_image: autoDraw = False
21.1783 	EXP 	text_image: image = u'words\\arg2clean\\7.png'
21.1783 	EXP 	text_image: autoDraw = True
22.1461 	EXP 	New trial (rep=0, index=7): {'words': u'"words\\arg2clean\\8.png"'}
22.1650 	EXP 	text_image: autoDraw = False
22.1650 	EXP 	text_image: autoDraw = False
22.1650 	EXP 	text_image: image = u'words\\arg2clean\\8.png'
22.1650 	EXP 	text_image: autoDraw = True
23.1327 	EXP 	New trial (rep=0, index=8): {'words': u'"words\\arg2clean\\9.png"'}
23.1516 	EXP 	text_image: autoDraw = False
23.1516 	EXP 	text_image: autoDraw = False
23.1516 	EXP 	text_image: image = u'words\\arg2clean\\9.png'
23.1516 	EXP 	text_image: autoDraw = True
24.1194 	EXP 	New trial (rep=0, index=9): {'words': u'"words\\arg2clean\\10.png"'}
24.1384 	EXP 	text_image: autoDraw = False
24.1384 	EXP 	text_image: autoDraw = False
24.1384 	EXP 	text_image: image = u'words\\arg2clean\\10.png'
24.1384 	EXP 	text_image: autoDraw = True
25.1060 	EXP 	New trial (rep=0, index=10): {'words': u'"words\\arg2clean\\11.png"'}
25.1248 	EXP 	text_image: autoDraw = False
25.1248 	EXP 	text_image: autoDraw = False
25.1248 	EXP 	text_image: image = u'words\\arg2clean\\11.png'
25.1248 	EXP 	text_image: autoDraw = True
26.0929 	EXP 	New trial (rep=0, index=11): {'words': u'"words\\arg2clean\\12.png"'}
26.1116 	EXP 	text_image: autoDraw = False
26.1116 	EXP 	text_image: autoDraw = False
26.1116 	EXP 	text_image: image = u'words\\arg2clean\\12.png'
26.1116 	EXP 	text_image: autoDraw = True
27.0797 	EXP 	New trial (rep=0, index=12): {'words': u'"words\\arg2clean\\13.png"'}
27.0987 	EXP 	text_image: autoDraw = False
27.0987 	EXP 	text_image: autoDraw = False
27.0987 	EXP 	text_image: image = u'words\\arg2clean\\13.png'
27.0987 	EXP 	text_image: autoDraw = True
28.0666 	EXP 	New trial (rep=0, index=13): {'words': u'"words\\arg2clean\\14.png"'}
28.0848 	EXP 	text_image: autoDraw = False
28.0848 	EXP 	text_image: autoDraw = False
28.0848 	EXP 	text_image: image = u'words\\arg2clean\\14.png'
28.0848 	EXP 	text_image: autoDraw = True
29.0552 	EXP 	New trial (rep=0, index=14): {'words': u'"words\\arg2clean\\15.png"'}
29.0721 	EXP 	text_image: autoDraw = False
29.0721 	EXP 	text_image: autoDraw = False
29.0721 	EXP 	text_image: image = u'words\\arg2clean\\15.png'
29.0721 	EXP 	text_image: autoDraw = True
30.0597 	EXP 	New trial (rep=0, index=15): {'words': u'"words\\arg2clean\\16.png"'}
30.0785 	EXP 	text_image: autoDraw = False
30.0785 	EXP 	text_image: image = u'words\\arg2clean\\16.png'
30.0785 	EXP 	text_image: autoDraw = True
31.0463 	EXP 	New trial (rep=0, index=16): {'words': u'"words\\arg2clean\\17.png"'}
31.0653 	EXP 	text_image: autoDraw = False
31.0653 	EXP 	text_image: autoDraw = False
31.0653 	EXP 	text_image: image = u'words\\arg2clean\\17.png'
31.0653 	EXP 	text_image: autoDraw = True
32.0340 	EXP 	New trial (rep=0, index=17): {'words': u'"words\\arg2clean\\18.png"'}
32.0520 	EXP 	text_image: autoDraw = False
32.0520 	EXP 	text_image: autoDraw = False
32.0520 	EXP 	text_image: image = u'words\\arg2clean\\18.png'
32.0520 	EXP 	text_image: autoDraw = True
33.0402 	EXP 	New trial (rep=0, index=18): {'words': u'"words\\arg2clean\\19.png"'}
33.0586 	EXP 	text_image: autoDraw = False
33.0586 	EXP 	text_image: image = u'words\\arg2clean\\19.png'
33.0586 	EXP 	text_image: autoDraw = True
34.0466 	EXP 	New trial (rep=0, index=19): {'words': u'"words\\arg2clean\\20.png"'}
34.0656 	EXP 	text_image: autoDraw = False
34.0656 	EXP 	text_image: image = u'words\\arg2clean\\20.png'
34.0656 	EXP 	text_image: autoDraw = True
35.0333 	EXP 	New trial (rep=0, index=20): {'words': u'"words\\arg2clean\\21.png"'}
35.0521 	EXP 	text_image: autoDraw = False
35.0521 	EXP 	text_image: autoDraw = False
35.0521 	EXP 	text_image: image = u'words\\arg2clean\\21.png'
35.0521 	EXP 	text_image: autoDraw = True
36.0204 	EXP 	New trial (rep=0, index=21): {'words': u'"words\\arg2clean\\22.png"'}
36.0392 	EXP 	text_image: autoDraw = False
36.0392 	EXP 	text_image: autoDraw = False
36.0392 	EXP 	text_image: image = u'words\\arg2clean\\22.png'
36.0392 	EXP 	text_image: autoDraw = True
37.0263 	EXP 	New trial (rep=0, index=22): {'words': u'"words\\arg2clean\\23.png"'}
37.0459 	EXP 	text_image: autoDraw = False
37.0459 	EXP 	text_image: image = u'words\\arg2clean\\23.png'
37.0459 	EXP 	text_image: autoDraw = True
38.0140 	EXP 	New trial (rep=0, index=23): {'words': u'"words\\arg2clean\\24.png"'}
38.0325 	EXP 	text_image: autoDraw = False
38.0325 	EXP 	text_image: autoDraw = False
38.0325 	EXP 	text_image: image = u'words\\arg2clean\\24.png'
38.0325 	EXP 	text_image: autoDraw = True
39.0196 	EXP 	New trial (rep=0, index=24): {'words': u'"words\\arg2clean\\25.png"'}
39.0392 	EXP 	text_image: autoDraw = False
39.0392 	EXP 	text_image: image = u'words\\arg2clean\\25.png'
39.0392 	EXP 	text_image: autoDraw = True
40.0076 	EXP 	New trial (rep=0, index=25): {'words': u'"words\\arg2clean\\26.png"'}
40.0261 	EXP 	text_image: autoDraw = False
40.0261 	EXP 	text_image: autoDraw = False
40.0261 	EXP 	text_image: image = u'words\\arg2clean\\26.png'
40.0261 	EXP 	text_image: autoDraw = True
41.0141 	EXP 	New trial (rep=0, index=26): {'words': u'"words\\arg2clean\\27.png"'}
41.0328 	EXP 	text_image: autoDraw = False
41.0328 	EXP 	text_image: image = u'words\\arg2clean\\27.png'
41.0328 	EXP 	text_image: autoDraw = True
42.0008 	EXP 	New trial (rep=0, index=27): {'words': u'"words\\arg2clean\\28.png"'}
42.0200 	EXP 	text_image: autoDraw = False
42.0200 	EXP 	text_image: autoDraw = False
42.0200 	EXP 	text_image: image = u'words\\arg2clean\\28.png'
42.0200 	EXP 	text_image: autoDraw = True
42.9876 	EXP 	New trial (rep=0, index=28): {'words': u'"words\\arg2clean\\29.png"'}
43.0068 	EXP 	text_image: autoDraw = False
43.0068 	EXP 	text_image: autoDraw = False
43.0068 	EXP 	text_image: image = u'words\\arg2clean\\29.png'
43.0068 	EXP 	text_image: autoDraw = True
43.9746 	EXP 	New trial (rep=0, index=29): {'words': u'"words\\arg2clean\\30.png"'}
43.9932 	EXP 	text_image: autoDraw = False
43.9932 	EXP 	text_image: autoDraw = False
43.9932 	EXP 	text_image: image = u'words\\arg2clean\\30.png'
43.9932 	EXP 	text_image: autoDraw = True
44.9609 	EXP 	New trial (rep=0, index=30): {'words': u'"words\\arg2clean\\31.png"'}
44.9795 	EXP 	text_image: autoDraw = False
44.9795 	EXP 	text_image: autoDraw = False
44.9795 	EXP 	text_image: image = u'words\\arg2clean\\31.png'
44.9795 	EXP 	text_image: autoDraw = True
45.9473 	EXP 	New trial (rep=0, index=31): {'words': u'"words\\arg2clean\\32.png"'}
45.9661 	EXP 	text_image: autoDraw = False
45.9661 	EXP 	text_image: autoDraw = False
45.9661 	EXP 	text_image: image = u'words\\arg2clean\\32.png'
45.9661 	EXP 	text_image: autoDraw = True
46.9342 	EXP 	New trial (rep=0, index=32): {'words': u'"words\\arg2clean\\33.png"'}
46.9534 	EXP 	text_image: autoDraw = False
46.9534 	EXP 	text_image: autoDraw = False
46.9534 	EXP 	text_image: image = u'words\\arg2clean\\33.png'
46.9534 	EXP 	text_image: autoDraw = True
47.9213 	EXP 	New trial (rep=0, index=33): {'words': u'"words\\arg2clean\\34.png"'}
47.9396 	EXP 	text_image: autoDraw = False
47.9396 	EXP 	text_image: autoDraw = False
47.9396 	EXP 	text_image: image = u'words\\arg2clean\\34.png'
47.9396 	EXP 	text_image: autoDraw = True
48.9076 	EXP 	New trial (rep=0, index=34): {'words': u'"words\\arg2clean\\35.png"'}
48.9263 	EXP 	text_image: autoDraw = False
48.9263 	EXP 	text_image: autoDraw = False
48.9263 	EXP 	text_image: image = u'words\\arg2clean\\35.png'
48.9263 	EXP 	text_image: autoDraw = True
49.8941 	EXP 	New trial (rep=0, index=35): {'words': u'"words\\arg2clean\\36.png"'}
49.9129 	EXP 	text_image: autoDraw = False
49.9129 	EXP 	text_image: autoDraw = False
49.9129 	EXP 	text_image: image = u'words\\arg2clean\\36.png'
49.9129 	EXP 	text_image: autoDraw = True
50.8808 	EXP 	New trial (rep=0, index=36): {'words': u'"words\\arg2clean\\37.png"'}
50.8993 	EXP 	text_image: autoDraw = False
50.8993 	EXP 	text_image: autoDraw = False
50.8993 	EXP 	text_image: image = u'words\\arg2clean\\37.png'
50.8993 	EXP 	text_image: autoDraw = True
51.8675 	EXP 	New trial (rep=0, index=37): {'words': u'"words\\arg2clean\\38.png"'}
51.8859 	EXP 	text_image: autoDraw = False
51.8859 	EXP 	text_image: autoDraw = False
51.8859 	EXP 	text_image: image = u'words\\arg2clean\\38.png'
51.8859 	EXP 	text_image: autoDraw = True
52.8535 	EXP 	New trial (rep=0, index=38): {'words': u'"words\\arg2clean\\39.png"'}
52.8727 	EXP 	text_image: autoDraw = False
52.8727 	EXP 	text_image: autoDraw = False
52.8727 	EXP 	text_image: image = u'words\\arg2clean\\39.png'
52.8727 	EXP 	text_image: autoDraw = True
53.8404 	EXP 	New trial (rep=0, index=39): {'words': u'"words\\arg2clean\\40.png"'}
53.8601 	EXP 	text_image: autoDraw = False
53.8601 	EXP 	text_image: autoDraw = False
53.8601 	EXP 	text_image: image = u'words\\arg2clean\\40.png'
53.8601 	EXP 	text_image: autoDraw = True
54.8269 	EXP 	New trial (rep=0, index=40): {'words': u'"words\\arg2clean\\41.png"'}
54.8465 	EXP 	text_image: autoDraw = False
54.8465 	EXP 	text_image: autoDraw = False
54.8465 	EXP 	text_image: image = u'words\\arg2clean\\41.png'
54.8465 	EXP 	text_image: autoDraw = True
55.8157 	EXP 	New trial (rep=0, index=41): {'words': u'"words\\arg2clean\\42.png"'}
55.8326 	EXP 	text_image: autoDraw = False
55.8326 	EXP 	text_image: autoDraw = False
55.8326 	EXP 	text_image: image = u'words\\arg2clean\\42.png'
55.8326 	EXP 	text_image: autoDraw = True
56.8219 	EXP 	New trial (rep=0, index=42): {'words': u'"words\\arg2clean\\43.png"'}
56.8406 	EXP 	text_image: autoDraw = False
56.8406 	EXP 	text_image: image = u'words\\arg2clean\\43.png'
56.8406 	EXP 	text_image: autoDraw = True
57.8084 	EXP 	New trial (rep=0, index=43): {'words': u'"words\\arg2clean\\44.png"'}
57.8274 	EXP 	text_image: autoDraw = False
57.8274 	EXP 	text_image: autoDraw = False
57.8274 	EXP 	text_image: image = u'words\\arg2clean\\44.png'
57.8274 	EXP 	text_image: autoDraw = True
58.8135 	EXP 	New trial (rep=0, index=44): {'words': u'"words\\arg2clean\\45.png"'}
58.8326 	EXP 	text_image: autoDraw = False
58.8326 	EXP 	text_image: image = u'words\\arg2clean\\45.png'
58.8326 	EXP 	text_image: autoDraw = True
59.8007 	EXP 	New trial (rep=0, index=45): {'words': u'"words\\arg2clean\\46.png"'}
59.8203 	EXP 	text_image: autoDraw = False
59.8203 	EXP 	text_image: autoDraw = False
59.8203 	EXP 	text_image: image = u'words\\arg2clean\\46.png'
59.8203 	EXP 	text_image: autoDraw = True
60.7897 	EXP 	New trial (rep=0, index=46): {'words': u'"words\\arg2clean\\47.png"'}
60.8069 	EXP 	text_image: autoDraw = False
60.8069 	EXP 	text_image: autoDraw = False
60.8069 	EXP 	text_image: image = u'words\\arg2clean\\47.png'
60.8069 	EXP 	text_image: autoDraw = True
61.7949 	EXP 	New trial (rep=0, index=47): {'words': u'"words\\arg2clean\\48.png"'}
61.8139 	EXP 	text_image: autoDraw = False
61.8139 	EXP 	text_image: image = u'words\\arg2clean\\48.png'
61.8139 	EXP 	text_image: autoDraw = True
62.7809 	EXP 	New trial (rep=0, index=48): {'words': u'"words\\arg2clean\\49.png"'}
62.8002 	EXP 	text_image: autoDraw = False
62.8002 	EXP 	text_image: autoDraw = False
62.8002 	EXP 	text_image: image = u'words\\arg2clean\\49.png'
62.8002 	EXP 	text_image: autoDraw = True
63.7690 	EXP 	Imported questions.csv as conditions, 5 conditions, 1 params
63.7702 	EXP 	Created sequence: random, trialTypes=5, nReps=1, seed=None
63.7718 	EXP 	New trial (rep=0, index=0): {'question': u'"This argument was convincing."'}
63.8083 	EXP 	text_image: autoDraw = False
63.8083 	EXP 	text_image: autoDraw = False
63.8083 	EXP 	question_text: text = u'"This argument was convincing."'
64.3112 	EXP 	question_text: autoDraw = True
66.4662 	DATA 	Keypress: 9
66.4685 	EXP 	New trial (rep=0, index=1): {'question': u'"There were logical flaws in this argument."'}
66.5019 	EXP 	question_text: autoDraw = False
66.5019 	EXP 	question_text: text = u'"There were logical flaws in this argument."'
66.9888 	EXP 	question_text: autoDraw = True
67.3326 	DATA 	Keypress: 9
67.3345 	EXP 	New trial (rep=0, index=2): {'question': u'"This argument might be wrong but it was well argued nonetheless."'}
67.3799 	EXP 	question_text: autoDraw = False
67.3799 	EXP 	question_text: text = u'"This argument might be wrong but it was well argued nonetheless."'
67.8545 	EXP 	question_text: autoDraw = True
68.1781 	DATA 	Keypress: 7
68.1797 	EXP 	New trial (rep=0, index=3): {'question': u'"This was a well formed argument."'}
68.2068 	EXP 	question_text: autoDraw = False
68.2068 	EXP 	question_text: text = u'"This was a well formed argument."'
68.7003 	EXP 	question_text: autoDraw = True
69.0040 	DATA 	Keypress: 4
69.0059 	EXP 	New trial (rep=0, index=4): {'question': u'"This argument was unconvincing."'}
69.0378 	EXP 	question_text: autoDraw = False
69.0378 	EXP 	question_text: text = u'"This argument was unconvincing."'
69.5267 	EXP 	question_text: autoDraw = True
69.8501 	DATA 	Keypress: 0
69.8506 	DATA 	Keypress: 9
69.8679 	EXP 	question_text: autoDraw = False
70.3927 	EXP 	text_3: autoDraw = True
70.5940 	DATA 	Keypress: escape
