3.1912 	EXP 	Set Window color=[ 0.  0.  0.] (rgb)
4.2515 	EXP 	Created Instructions = TextStim(alignHoriz='center', alignVert='center', antialias=True, autoLog=True, bold=False, color=u'white', colorSpace='named', contrast=1.0, depth=0.0, flipHoriz=False, flipVert=False, font=UNKNOWN, fontFiles=UNKNOWN, height=39, italic=False, name='Instructions', opacity=1.0, ori=0, pos=array([ 0.,  5.]), rgb=array([ 255.,  255.,  255.]), text=u'default text', units=u'cm', win=Window(...), wrapWidth=UNKNOWN)
4.2660 	EXP 	Created Space = TextStim(alignHoriz='center', alignVert='center', antialias=True, autoLog=True, bold=False, color=u'white', colorSpace='named', contrast=1.0, depth=-2.0, flipHoriz=False, flipVert=False, font=UNKNOWN, fontFiles=UNKNOWN, height=39, italic=False, name='Space', opacity=1.0, ori=0, pos=array([ 0., -7.]), rgb=array([ 255.,  255.,  255.]), text=u'Press SPACE to continue', units=u'cm', win=Window(...), wrapWidth=UNKNOWN)
4.2707 	EXP 	Created text_image = ImageStim(autoLog=True, color=array([ 1.,  1.,  1.]), colorSpace=u'rgb', contrast=1.0, depth=0.0, flipHoriz=False, flipVert=False, image=UNKNOWN, interpolate=False, mask=None, maskParams=None, name='text_image', opacity=1.0, ori=0.0, pos=array([ 0.,  0.]), size=array([ 1.,  1.]), texRes=128, units=u'norm', win=Window(...))
4.2854 	EXP 	Created responsee = TextStim(alignHoriz='center', alignVert='center', antialias=True, autoLog=True, bold=False, color='white', colorSpace='named', contrast=1.0, depth=0.0, flipHoriz=False, flipVert=False, font=UNKNOWN, fontFiles=UNKNOWN, height=43, italic=False, name='responsee', opacity=1.0, ori=0, pos=array([ 0.,  0.]), rgb=array([ 255.,  255.,  255.]), text=u'make a response', units=u'norm', win=Window(...), wrapWidth=UNKNOWN)
4.3122 	EXP 	Created End = TextStim(alignHoriz='center', alignVert='center', antialias=True, autoLog=True, bold=False, color='white', colorSpace='named', contrast=1.0, depth=0.0, flipHoriz=False, flipVert=False, font=UNKNOWN, fontFiles=UNKNOWN, height=117, italic=False, name='End', opacity=1.0, ori=0, pos=array([ 0.,  0.]), rgb=array([ 255.,  255.,  255.]), text=unicode(...), units='cm', win=Window(...), wrapWidth=UNKNOWN)
3.5246 	EXP 	Set Window color=[ 0.  0.  0.] (rgb)
4.5066 	EXP 	Created Instructions = TextStim(alignHoriz='center', alignVert='center', antialias=True, autoLog=True, bold=False, color=u'white', colorSpace='named', contrast=1.0, depth=0.0, flipHoriz=False, flipVert=False, font=UNKNOWN, fontFiles=UNKNOWN, height=39, italic=False, name='Instructions', opacity=1.0, ori=0, pos=array([ 0.,  5.]), rgb=array([ 255.,  255.,  255.]), text=u'default text', units=u'cm', win=Window(...), wrapWidth=UNKNOWN)
4.5187 	EXP 	Created Space = TextStim(alignHoriz='center', alignVert='center', antialias=True, autoLog=True, bold=False, color=u'white', colorSpace='named', contrast=1.0, depth=-2.0, flipHoriz=False, flipVert=False, font=UNKNOWN, fontFiles=UNKNOWN, height=39, italic=False, name='Space', opacity=1.0, ori=0, pos=array([ 0., -7.]), rgb=array([ 255.,  255.,  255.]), text=u'Press SPACE to continue', units=u'cm', win=Window(...), wrapWidth=UNKNOWN)
4.5232 	EXP 	Created text_image = ImageStim(autoLog=True, color=array([ 1.,  1.,  1.]), colorSpace=u'rgb', contrast=1.0, depth=0.0, flipHoriz=False, flipVert=False, image=UNKNOWN, interpolate=False, mask=None, maskParams=None, name='text_image', opacity=1.0, ori=0.0, pos=array([ 0.,  0.]), size=array([ 1.,  1.]), texRes=128, units=u'norm', win=Window(...))
4.5359 	EXP 	Created responsee = TextStim(alignHoriz='center', alignVert='center', antialias=True, autoLog=True, bold=False, color='white', colorSpace='named', contrast=1.0, depth=0.0, flipHoriz=False, flipVert=False, font=UNKNOWN, fontFiles=UNKNOWN, height=43, italic=False, name='responsee', opacity=1.0, ori=0, pos=array([ 0.,  0.]), rgb=array([ 255.,  255.,  255.]), text=u'make a response', units=u'norm', win=Window(...), wrapWidth=UNKNOWN)
4.5582 	EXP 	Created End = TextStim(alignHoriz='center', alignVert='center', antialias=True, autoLog=True, bold=False, color='white', colorSpace='named', contrast=1.0, depth=0.0, flipHoriz=False, flipVert=False, font=UNKNOWN, fontFiles=UNKNOWN, height=117, italic=False, name='End', opacity=1.0, ori=0, pos=array([ 0.,  0.]), rgb=array([ 255.,  255.,  255.]), text=unicode(...), units='cm', win=Window(...), wrapWidth=UNKNOWN)
4.5587 	EXP 	Imported instructions.csv as conditions, 2 conditions, 1 params
4.5590 	EXP 	Created sequence: sequential, trialTypes=2, nReps=1, seed=None
4.5595 	EXP 	New trial (rep=0, index=0): {'text': u'"a"'}
4.5778 	EXP 	TextStim: autoLog = None
4.5778 	EXP 	TextStim: autoLog = None
4.5778 	EXP 	ImageStim: autoLog = None
4.5778 	EXP 	TextStim: autoLog = None
4.5778 	EXP 	TextStim: autoLog = None
4.5778 	EXP 	Set Instructions text="a"
4.5778 	EXP 	TextStim: autoDraw = None
4.5778 	EXP 	TextStim: autoDraw = None
6.3646 	DATA 	Keypress: space
6.3660 	EXP 	New trial (rep=0, index=1): {'text': u'"b"'}
6.4042 	EXP 	TextStim: autoDraw = None
6.4042 	EXP 	TextStim: autoDraw = None
6.4042 	EXP 	Set Instructions text="b"
6.4042 	EXP 	TextStim: autoDraw = None
6.4042 	EXP 	TextStim: autoDraw = None
7.0489 	DATA 	Keypress: space
7.0509 	EXP 	Imported arguments.csv as conditions, 2 conditions, 1 params
7.0524 	EXP 	Created sequence: random, trialTypes=2, nReps=1, seed=None
7.0544 	EXP 	New trial (rep=0, index=0): {'argument': u'"messy_01.csv"'}
7.0560 	EXP 	Imported messy_01.csv as conditions, 5 conditions, 1 params
7.0572 	EXP 	Created sequence: sequential, trialTypes=5, nReps=1, seed=None
7.0590 	EXP 	New trial (rep=0, index=0): {'words': u'"words\\messy_this.jpg"'}
7.1289 	EXP 	TextStim: autoDraw = None
7.1289 	EXP 	TextStim: autoDraw = None
7.1289 	EXP 	Set text_image image=words\messy_this.jpg
7.1289 	EXP 	ImageStim: autoDraw = None
8.0570 	EXP 	New trial (rep=0, index=1): {'words': u'"words\\messy_is.jpg"'}
8.0956 	EXP 	ImageStim: autoDraw = None
8.0956 	EXP 	ImageStim: autoDraw = None
8.0956 	EXP 	Set text_image image=words\messy_is.jpg
8.0956 	EXP 	ImageStim: autoDraw = None
8.1969 	DATA 	Keypress: escape
